<?xml version="1.0" ?>
<!DOCTYPE coverage SYSTEM "http://cobertura.sourceforge.net/xml/coverage-04.dtd">
<coverage lines-valid="1389" lines-covered="822" line-rate="0.5917" branches-valid="331" branches-covered="62" branch-rate="0.1873" timestamp="1770369122298" complexity="0" version="0.1">
  <sources>
    <source>/Users/teakzc/Documents/GitHub/inventory</source>
  </sources>
  <packages>
    <package name="client.component" line-rate="0" branch-rate="0">
      <classes>
        <class name="button.luau" filename="out/client/component/button.luau" line-rate="0" branch-rate="0">
          <methods>
            <method name="Button" hits="0" signature="()V">
              <lines>
                <line number="4" hits="0"/>
              </lines>
            </method>
            <method name="&lt;anonymous&gt;" hits="0" signature="()V">
              <lines>
                <line number="16" hits="0"/>
              </lines>
            </method>
            <method name="&lt;anonymous&gt;" hits="0" signature="()V">
              <lines>
                <line number="21" hits="0"/>
              </lines>
            </method>
            <method name="&lt;anonymous&gt;" hits="0" signature="()V">
              <lines>
                <line number="27" hits="0"/>
              </lines>
            </method>
          </methods>
          <lines>
            <line number="2" hits="0" branch="false"/>
            <line number="3" hits="0" branch="false"/>
            <line number="5" hits="0" branch="false"/>
            <line number="6" hits="0" branch="false"/>
            <line number="7" hits="0" branch="false"/>
            <line number="8" hits="0" branch="false"/>
            <line number="9" hits="0" branch="false"/>
            <line number="10" hits="0" branch="false"/>
            <line number="11" hits="0" branch="false"/>
            <line number="13" hits="0" branch="false"/>
            <line number="15" hits="0" branch="false"/>
            <line number="17" hits="0" branch="true" condition-coverage="0% (0/2)"/>
            <line number="18" hits="0" branch="false"/>
            <line number="22" hits="0" branch="true" condition-coverage="0% (0/2)"/>
            <line number="23" hits="0" branch="false"/>
            <line number="28" hits="0" branch="true" condition-coverage="0% (0/2)"/>
            <line number="29" hits="0" branch="false"/>
            <line number="34" hits="0" branch="false"/>
            <line number="35" hits="0" branch="false"/>
            <line number="37" hits="0" branch="false"/>
            <line number="39" hits="0" branch="false"/>
            <line number="40" hits="0" branch="false"/>
            <line number="41" hits="0" branch="false"/>
            <line number="42" hits="0" branch="false"/>
            <line number="43" hits="0" branch="false"/>
            <line number="44" hits="0" branch="false"/>
            <line number="45" hits="0" branch="false"/>
            <line number="46" hits="0" branch="false"/>
            <line number="48" hits="0" branch="false"/>
            <line number="50" hits="0" branch="false"/>
            <line number="51" hits="0" branch="false"/>
            <line number="52" hits="0" branch="false"/>
            <line number="53" hits="0" branch="false"/>
            <line number="54" hits="0" branch="false"/>
            <line number="55" hits="0" branch="false"/>
            <line number="56" hits="0" branch="false"/>
            <line number="57" hits="0" branch="false"/>
            <line number="58" hits="0" branch="false"/>
            <line number="62" hits="0" branch="false"/>
          </lines>
        </class>
        <class name="selector.luau" filename="out/client/component/selector.luau" line-rate="0" branch-rate="0">
          <methods>
            <method name="SelectorButtons" hits="0" signature="()V">
              <lines>
                <line number="16" hits="0"/>
              </lines>
            </method>
            <method name="&lt;anonymous&gt;" hits="0" signature="()V">
              <lines>
                <line number="22" hits="0"/>
              </lines>
            </method>
            <method name="&lt;anonymous&gt;" hits="0" signature="()V">
              <lines>
                <line number="47" hits="0"/>
              </lines>
            </method>
            <method name="&lt;anonymous&gt;" hits="0" signature="()V">
              <lines>
                <line number="50" hits="0"/>
              </lines>
            </method>
            <method name="&lt;anonymous&gt;" hits="0" signature="()V">
              <lines>
                <line number="54" hits="0"/>
              </lines>
            </method>
            <method name="&lt;anonymous&gt;" hits="0" signature="()V">
              <lines>
                <line number="57" hits="0"/>
              </lines>
            </method>
            <method name="EXAMPLE_SELECTOR" hits="0" signature="()V">
              <lines>
                <line number="81" hits="0"/>
              </lines>
            </method>
            <method name="&lt;anonymous&gt;" hits="0" signature="()V">
              <lines>
                <line number="96" hits="0"/>
              </lines>
            </method>
            <method name="&lt;anonymous&gt;" hits="0" signature="()V">
              <lines>
                <line number="98" hits="0"/>
              </lines>
            </method>
            <method name="&lt;anonymous&gt;" hits="0" signature="()V">
              <lines>
                <line number="105" hits="0"/>
              </lines>
            </method>
            <method name="&lt;anonymous&gt;" hits="0" signature="()V">
              <lines>
                <line number="107" hits="0"/>
              </lines>
            </method>
            <method name="&lt;anonymous&gt;" hits="0" signature="()V">
              <lines>
                <line number="114" hits="0"/>
              </lines>
            </method>
            <method name="&lt;anonymous&gt;" hits="0" signature="()V">
              <lines>
                <line number="116" hits="0"/>
              </lines>
            </method>
            <method name="&lt;anonymous&gt;" hits="0" signature="()V">
              <lines>
                <line number="123" hits="0"/>
              </lines>
            </method>
          </methods>
          <lines>
            <line number="2" hits="0" branch="false"/>
            <line number="3" hits="0" branch="false"/>
            <line number="4" hits="0" branch="false"/>
            <line number="5" hits="0" branch="false"/>
            <line number="6" hits="0" branch="false"/>
            <line number="7" hits="0" branch="false"/>
            <line number="8" hits="0" branch="false"/>
            <line number="9" hits="0" branch="false"/>
            <line number="10" hits="0" branch="false"/>
            <line number="11" hits="0" branch="false"/>
            <line number="12" hits="0" branch="false"/>
            <line number="13" hits="0" branch="false"/>
            <line number="14" hits="0" branch="false"/>
            <line number="15" hits="0" branch="false"/>
            <line number="17" hits="0" branch="false"/>
            <line number="18" hits="0" branch="false"/>
            <line number="19" hits="0" branch="false"/>
            <line number="20" hits="0" branch="false"/>
            <line number="21" hits="0" branch="false"/>
            <line number="23" hits="0" branch="true" condition-coverage="0% (0/3)"/>
            <line number="24" hits="0" branch="false"/>
            <line number="30" hits="0" branch="false"/>
            <line number="36" hits="0" branch="false"/>
            <line number="43" hits="0" branch="false"/>
            <line number="48" hits="0" branch="false"/>
            <line number="51" hits="0" branch="false"/>
            <line number="52" hits="0" branch="false"/>
            <line number="55" hits="0" branch="false"/>
            <line number="58" hits="0" branch="false"/>
            <line number="59" hits="0" branch="false"/>
            <line number="60" hits="0" branch="false"/>
            <line number="82" hits="0" branch="false"/>
            <line number="97" hits="0" branch="false"/>
            <line number="99" hits="0" branch="false"/>
            <line number="106" hits="0" branch="false"/>
            <line number="108" hits="0" branch="false"/>
            <line number="115" hits="0" branch="false"/>
            <line number="117" hits="0" branch="false"/>
            <line number="124" hits="0" branch="false"/>
            <line number="128" hits="0" branch="false"/>
          </lines>
        </class>
      </classes>
    </package>
    <package name="lib" line-rate="1" branch-rate="1">
      <classes>
        <package name="client" line-rate="0.871" branch-rate="0.3956">
          <classes>
            <class name="atoms.luau" filename="out/lib/client/atoms.luau" line-rate="0.95" branch-rate="0.25">
              <methods>
                <method name="&lt;anonymous&gt;" hits="2" signature="()V">
                  <lines>
                    <line number="33" hits="2"/>
                  </lines>
                </method>
              </methods>
              <lines>
                <line number="2" hits="2" branch="false"/>
                <line number="3" hits="2" branch="false"/>
                <line number="4" hits="2" branch="false"/>
                <line number="5" hits="2" branch="false"/>
                <line number="6" hits="2" branch="false"/>
                <line number="7" hits="2" branch="false"/>
                <line number="13" hits="2" branch="false"/>
                <line number="19" hits="2" branch="false"/>
                <line number="25" hits="2" branch="false"/>
                <line number="31" hits="2" branch="false"/>
                <line number="32" hits="2" branch="false"/>
                <line number="34" hits="2" branch="false"/>
                <line number="35" hits="2" branch="false"/>
                <line number="37" hits="0" branch="false"/>
                <line number="39" hits="2" branch="false"/>
                <line number="41" hits="2" branch="false"/>
                <line number="43" hits="2" branch="false"/>
                <line number="45" hits="2" branch="false"/>
                <line number="50" hits="2" branch="false"/>
                <line number="51" hits="2" branch="false"/>
              </lines>
            </class>
            <class name="core.luau" filename="out/lib/client/core.luau" line-rate="0.8406999999999999" branch-rate="0.3975">
              <methods>
                <method name="&lt;anonymous&gt;" hits="2" signature="()V">
                  <lines>
                    <line number="26" hits="2"/>
                  </lines>
                </method>
                <method name="&lt;anonymous&gt;" hits="0" signature="()V">
                  <lines>
                    <line number="49" hits="0"/>
                  </lines>
                </method>
                <method name="initialize_inventory" hits="3" signature="()V">
                  <lines>
                    <line number="71" hits="3"/>
                  </lines>
                </method>
                <method name="customize_inventory" hits="1" signature="()V">
                  <lines>
                    <line number="118" hits="1"/>
                  </lines>
                </method>
                <method name="find_tool" hits="8" signature="()V">
                  <lines>
                    <line number="187" hits="8"/>
                  </lines>
                </method>
                <method name="&lt;anonymous&gt;" hits="7" signature="()V">
                  <lines>
                    <line number="191" hits="7"/>
                  </lines>
                </method>
                <method name="&lt;anonymous&gt;" hits="4" signature="()V">
                  <lines>
                    <line number="205" hits="4"/>
                  </lines>
                </method>
                <method name="equip_tool" hits="0" signature="()V">
                  <lines>
                    <line number="226" hits="0"/>
                  </lines>
                </method>
                <method name="drag_tool" hits="5" signature="()V">
                  <lines>
                    <line number="241" hits="5"/>
                  </lines>
                </method>
                <method name="&lt;anonymous&gt;" hits="4" signature="()V">
                  <lines>
                    <line number="250" hits="4"/>
                  </lines>
                </method>
                <method name="&lt;anonymous&gt;" hits="3" signature="()V">
                  <lines>
                    <line number="266" hits="3"/>
                  </lines>
                </method>
                <method name="&lt;anonymous&gt;" hits="2" signature="()V">
                  <lines>
                    <line number="272" hits="2"/>
                  </lines>
                </method>
                <method name="&lt;anonymous&gt;" hits="1" signature="()V">
                  <lines>
                    <line number="287" hits="1"/>
                  </lines>
                </method>
                <method name="on_dropped" hits="1" signature="()V">
                  <lines>
                    <line number="311" hits="1"/>
                  </lines>
                </method>
                <method name="&lt;anonymous&gt;" hits="1" signature="()V">
                  <lines>
                    <line number="317" hits="1"/>
                  </lines>
                </method>
                <method name="on_dragged" hits="1" signature="()V">
                  <lines>
                    <line number="330" hits="1"/>
                  </lines>
                </method>
                <method name="&lt;anonymous&gt;" hits="1" signature="()V">
                  <lines>
                    <line number="334" hits="1"/>
                  </lines>
                </method>
                <method name="drop_tool" hits="5" signature="()V">
                  <lines>
                    <line number="344" hits="5"/>
                  </lines>
                </method>
                <method name="&lt;anonymous&gt;" hits="0" signature="()V">
                  <lines>
                    <line number="358" hits="0"/>
                  </lines>
                </method>
                <method name="&lt;anonymous&gt;" hits="0" signature="()V">
                  <lines>
                    <line number="374" hits="0"/>
                  </lines>
                </method>
                <method name="&lt;anonymous&gt;" hits="1" signature="()V">
                  <lines>
                    <line number="380" hits="1"/>
                  </lines>
                </method>
                <method name="&lt;anonymous&gt;" hits="2" signature="()V">
                  <lines>
                    <line number="386" hits="2"/>
                  </lines>
                </method>
                <method name="&lt;anonymous&gt;" hits="1" signature="()V">
                  <lines>
                    <line number="401" hits="1"/>
                  </lines>
                </method>
                <method name="&lt;anonymous&gt;" hits="2" signature="()V">
                  <lines>
                    <line number="411" hits="2"/>
                  </lines>
                </method>
                <method name="&lt;anonymous&gt;" hits="1" signature="()V">
                  <lines>
                    <line number="428" hits="1"/>
                  </lines>
                </method>
                <method name="&lt;anonymous&gt;" hits="0" signature="()V">
                  <lines>
                    <line number="437" hits="0"/>
                  </lines>
                </method>
                <method name="&lt;anonymous&gt;" hits="0" signature="()V">
                  <lines>
                    <line number="441" hits="0"/>
                  </lines>
                </method>
                <method name="&lt;anonymous&gt;" hits="0" signature="()V">
                  <lines>
                    <line number="451" hits="0"/>
                  </lines>
                </method>
                <method name="&lt;anonymous&gt;" hits="0" signature="()V">
                  <lines>
                    <line number="466" hits="0"/>
                  </lines>
                </method>
                <method name="&lt;anonymous&gt;" hits="3" signature="()V">
                  <lines>
                    <line number="473" hits="3"/>
                  </lines>
                </method>
                <method name="&lt;anonymous&gt;" hits="2" signature="()V">
                  <lines>
                    <line number="488" hits="2"/>
                  </lines>
                </method>
                <method name="add_filter" hits="4" signature="()V">
                  <lines>
                    <line number="509" hits="4"/>
                  </lines>
                </method>
                <method name="&lt;anonymous&gt;" hits="4" signature="()V">
                  <lines>
                    <line number="510" hits="4"/>
                  </lines>
                </method>
                <method name="remove_filter" hits="1" signature="()V">
                  <lines>
                    <line number="527" hits="1"/>
                  </lines>
                </method>
                <method name="&lt;anonymous&gt;" hits="1" signature="()V">
                  <lines>
                    <line number="530" hits="1"/>
                  </lines>
                </method>
                <method name="&lt;anonymous&gt;" hits="1" signature="()V">
                  <lines>
                    <line number="545" hits="1"/>
                  </lines>
                </method>
                <method name="clear_filters" hits="1" signature="()V">
                  <lines>
                    <line number="554" hits="1"/>
                  </lines>
                </method>
                <method name="get_equipped" hits="0" signature="()V">
                  <lines>
                    <line number="564" hits="0"/>
                  </lines>
                </method>
                <method name="get_dragged" hits="7" signature="()V">
                  <lines>
                    <line number="574" hits="7"/>
                  </lines>
                </method>
              </methods>
              <lines>
                <line number="2" hits="2" branch="false"/>
                <line number="3" hits="2" branch="false"/>
                <line number="4" hits="2" branch="false"/>
                <line number="5" hits="2" branch="false"/>
                <line number="6" hits="2" branch="false"/>
                <line number="7" hits="2" branch="false"/>
                <line number="8" hits="2" branch="false"/>
                <line number="9" hits="2" branch="false"/>
                <line number="10" hits="2" branch="false"/>
                <line number="11" hits="2" branch="false"/>
                <line number="12" hits="2" branch="false"/>
                <line number="13" hits="2" branch="false"/>
                <line number="14" hits="2" branch="false"/>
                <line number="15" hits="2" branch="false"/>
                <line number="16" hits="2" branch="false"/>
                <line number="17" hits="2" branch="false"/>
                <line number="18" hits="2" branch="false"/>
                <line number="19" hits="2" branch="false"/>
                <line number="20" hits="2" branch="false"/>
                <line number="21" hits="2" branch="false"/>
                <line number="22" hits="2" branch="false"/>
                <line number="23" hits="2" branch="false"/>
                <line number="24" hits="2" branch="false"/>
                <line number="25" hits="2" branch="false"/>
                <line number="27" hits="2" branch="false"/>
                <line number="28" hits="2" branch="false"/>
                <line number="30" hits="0" branch="false"/>
                <line number="32" hits="2" branch="false"/>
                <line number="34" hits="2" branch="false"/>
                <line number="36" hits="2" branch="false"/>
                <line number="38" hits="2" branch="false"/>
                <line number="40" hits="2" branch="false"/>
                <line number="42" hits="2" branch="false"/>
                <line number="50" hits="0" branch="false"/>
                <line number="52" hits="2" branch="false"/>
                <line number="55" hits="2" branch="false"/>
                <line number="72" hits="3" branch="false"/>
                <line number="74" hits="0" branch="false"/>
                <line number="76" hits="3" branch="false"/>
                <line number="78" hits="2" branch="false"/>
                <line number="80" hits="3" branch="false"/>
                <line number="82" hits="2" branch="false"/>
                <line number="84" hits="3" branch="false"/>
                <line number="86" hits="2" branch="false"/>
                <line number="88" hits="3" branch="false"/>
                <line number="89" hits="3" branch="false"/>
                <line number="90" hits="3" branch="false"/>
                <line number="91" hits="3" branch="false"/>
                <line number="92" hits="3" branch="false"/>
                <line number="93" hits="3" branch="false"/>
                <line number="94" hits="3" branch="false"/>
                <line number="95" hits="3" branch="false"/>
                <line number="96" hits="3" branch="false"/>
                <line number="98" hits="18" branch="false"/>
                <line number="100" hits="3" branch="false"/>
                <line number="103" hits="3" branch="false"/>
                <line number="105" hits="18" branch="false"/>
                <line number="108" hits="3" branch="false"/>
                <line number="109" hits="3" branch="false"/>
                <line number="130" hits="1" branch="true" condition-coverage="0% (0/2)"/>
                <line number="131" hits="0" branch="false"/>
                <line number="133" hits="1" branch="false"/>
                <line number="135" hits="1" branch="false"/>
                <line number="138" hits="1" branch="false"/>
                <line number="189" hits="8" branch="false"/>
                <line number="192" hits="7" branch="true" condition-coverage="100% (2/2)"/>
                <line number="194" hits="8" branch="false"/>
                <line number="195" hits="8" branch="false"/>
                <line number="197" hits="4" branch="false"/>
                <line number="198" hits="4" branch="false"/>
                <line number="202" hits="8" branch="false"/>
                <line number="203" hits="8" branch="false"/>
                <line number="206" hits="4" branch="true" condition-coverage="50% (1/2)"/>
                <line number="208" hits="8" branch="false"/>
                <line number="209" hits="8" branch="false"/>
                <line number="211" hits="2" branch="false"/>
                <line number="212" hits="2" branch="false"/>
                <line number="216" hits="8" branch="false"/>
                <line number="217" hits="8" branch="true" condition-coverage="100% (3/3)"/>
                <line number="227" hits="0" branch="false"/>
                <line number="229" hits="2" branch="false"/>
                <line number="230" hits="2" branch="false"/>
                <line number="242" hits="5" branch="false"/>
                <line number="244" hits="1" branch="false"/>
                <line number="246" hits="4" branch="false"/>
                <line number="248" hits="3" branch="false"/>
                <line number="251" hits="4" branch="true" condition-coverage="100% (2/2)"/>
                <line number="253" hits="3" branch="false"/>
                <line number="254" hits="3" branch="false"/>
                <line number="256" hits="3" branch="false"/>
                <line number="257" hits="3" branch="false"/>
                <line number="261" hits="3" branch="false"/>
                <line number="263" hits="0" branch="false"/>
                <line number="265" hits="3" branch="false"/>
                <line number="267" hits="3" branch="false"/>
                <line number="270" hits="1" branch="false"/>
                <line number="273" hits="2" branch="true" condition-coverage="50% (1/2)"/>
                <line number="275" hits="1" branch="false"/>
                <line number="276" hits="1" branch="false"/>
                <line number="278" hits="1" branch="false"/>
                <line number="279" hits="1" branch="false"/>
                <line number="283" hits="1" branch="false"/>
                <line number="285" hits="0" branch="false"/>
                <line number="288" hits="1" branch="false"/>
                <line number="291" hits="4" branch="false"/>
                <line number="297" hits="4" branch="false"/>
                <line number="298" hits="4" branch="false"/>
                <line number="300" hits="1" branch="false"/>
                <line number="312" hits="1" branch="false"/>
                <line number="313" hits="1" branch="false"/>
                <line number="314" hits="1" branch="false"/>
                <line number="315" hits="1" branch="false"/>
                <line number="316" hits="1" branch="false"/>
                <line number="318" hits="1" branch="false"/>
                <line number="319" hits="1" branch="false"/>
                <line number="331" hits="1" branch="false"/>
                <line number="332" hits="1" branch="false"/>
                <line number="333" hits="1" branch="false"/>
                <line number="335" hits="1" branch="false"/>
                <line number="336" hits="1" branch="false"/>
                <line number="345" hits="5" branch="false"/>
                <line number="347" hits="1" branch="false"/>
                <line number="349" hits="4" branch="false"/>
                <line number="350" hits="4" branch="false"/>
                <line number="356" hits="0" branch="false"/>
                <line number="359" hits="0" branch="false"/>
                <line number="361" hits="0" branch="false"/>
                <line number="362" hits="0" branch="false"/>
                <line number="364" hits="0" branch="false"/>
                <line number="365" hits="0" branch="false"/>
                <line number="369" hits="0" branch="false"/>
                <line number="371" hits="0" branch="false"/>
                <line number="375" hits="0" branch="false"/>
                <line number="381" hits="1" branch="false"/>
                <line number="384" hits="1" branch="false"/>
                <line number="387" hits="2" branch="false"/>
                <line number="389" hits="1" branch="false"/>
                <line number="390" hits="1" branch="false"/>
                <line number="392" hits="1" branch="false"/>
                <line number="393" hits="1" branch="false"/>
                <line number="397" hits="1" branch="false"/>
                <line number="399" hits="0" branch="false"/>
                <line number="402" hits="1" branch="false"/>
                <line number="409" hits="1" branch="false"/>
                <line number="412" hits="2" branch="false"/>
                <line number="414" hits="1" branch="false"/>
                <line number="415" hits="1" branch="false"/>
                <line number="417" hits="1" branch="false"/>
                <line number="418" hits="1" branch="false"/>
                <line number="422" hits="1" branch="false"/>
                <line number="424" hits="0" branch="false"/>
                <line number="427" hits="1" branch="false"/>
                <line number="429" hits="1" branch="false"/>
                <line number="430" hits="1" branch="false"/>
                <line number="431" hits="1" branch="false"/>
                <line number="432" hits="1" branch="false"/>
                <line number="438" hits="0" branch="false"/>
                <line number="442" hits="0" branch="false"/>
                <line number="449" hits="0" branch="false"/>
                <line number="452" hits="0" branch="false"/>
                <line number="454" hits="0" branch="false"/>
                <line number="455" hits="0" branch="false"/>
                <line number="457" hits="0" branch="false"/>
                <line number="458" hits="0" branch="false"/>
                <line number="462" hits="0" branch="false"/>
                <line number="464" hits="0" branch="false"/>
                <line number="467" hits="0" branch="false"/>
                <line number="471" hits="2" branch="false"/>
                <line number="474" hits="3" branch="false"/>
                <line number="476" hits="2" branch="false"/>
                <line number="477" hits="2" branch="false"/>
                <line number="479" hits="2" branch="false"/>
                <line number="480" hits="2" branch="false"/>
                <line number="484" hits="2" branch="false"/>
                <line number="486" hits="0" branch="false"/>
                <line number="489" hits="2" branch="false"/>
                <line number="493" hits="4" branch="false"/>
                <line number="494" hits="4" branch="false"/>
                <line number="495" hits="4" branch="false"/>
                <line number="497" hits="1" branch="false"/>
                <line number="510" hits="4" branch="false"/>
                <line number="511" hits="4" branch="false"/>
                <line number="512" hits="4" branch="false"/>
                <line number="513" hits="4" branch="false"/>
                <line number="514" hits="4" branch="false"/>
                <line number="515" hits="4" branch="false"/>
                <line number="516" hits="4" branch="false"/>
                <line number="517" hits="4" branch="false"/>
                <line number="528" hits="1" branch="false"/>
                <line number="531" hits="1" branch="false"/>
                <line number="533" hits="1" branch="false"/>
                <line number="534" hits="1" branch="false"/>
                <line number="536" hits="1" branch="false"/>
                <line number="537" hits="1" branch="false"/>
                <line number="541" hits="1" branch="false"/>
                <line number="543" hits="0" branch="false"/>
                <line number="546" hits="1" branch="false"/>
                <line number="555" hits="1" branch="false"/>
                <line number="565" hits="0" branch="false"/>
                <line number="575" hits="7" branch="false"/>
                <line number="577" hits="2" branch="false"/>
              </lines>
            </class>
            <class name="init.luau" filename="out/lib/client/init.luau" line-rate="1" branch-rate="1">
              <methods>
              </methods>
              <lines>
                <line number="2" hits="1" branch="false"/>
                <line number="3" hits="1" branch="false"/>
                <line number="4" hits="1" branch="false"/>
                <line number="5" hits="15" branch="false"/>
                <line number="7" hits="1" branch="false"/>
                <line number="8" hits="5" branch="false"/>
                <line number="10" hits="1" branch="false"/>
              </lines>
            </class>
            <class name="render.luau" filename="out/lib/client/render.luau" line-rate="1" branch-rate="0.5">
              <methods>
                <method name="render_backpack" hits="1" signature="()V">
                  <lines>
                    <line number="16" hits="1"/>
                  </lines>
                </method>
                <method name="toggle_inventory" hits="1" signature="()V">
                  <lines>
                    <line number="26" hits="1"/>
                  </lines>
                </method>
                <method name="get_visibility" hits="1" signature="()V">
                  <lines>
                    <line number="39" hits="1"/>
                  </lines>
                </method>
                <method name="mount_component" hits="2" signature="()V">
                  <lines>
                    <line number="50" hits="2"/>
                  </lines>
                </method>
                <method name="&lt;anonymous&gt;" hits="2" signature="()V">
                  <lines>
                    <line number="51" hits="2"/>
                  </lines>
                </method>
                <method name="unmount_component" hits="1" signature="()V">
                  <lines>
                    <line number="69" hits="1"/>
                  </lines>
                </method>
                <method name="&lt;anonymous&gt;" hits="1" signature="()V">
                  <lines>
                    <line number="70" hits="1"/>
                  </lines>
                </method>
                <method name="&lt;anonymous&gt;" hits="2" signature="()V">
                  <lines>
                    <line number="73" hits="2"/>
                  </lines>
                </method>
              </methods>
              <lines>
                <line number="2" hits="1" branch="false"/>
                <line number="3" hits="1" branch="false"/>
                <line number="4" hits="1" branch="false"/>
                <line number="5" hits="1" branch="false"/>
                <line number="6" hits="1" branch="false"/>
                <line number="7" hits="1" branch="false"/>
                <line number="8" hits="1" branch="false"/>
                <line number="17" hits="1" branch="false"/>
                <line number="27" hits="1" branch="false"/>
                <line number="29" hits="1" branch="false"/>
                <line number="40" hits="1" branch="false"/>
                <line number="51" hits="2" branch="false"/>
                <line number="52" hits="2" branch="false"/>
                <line number="53" hits="2" branch="false"/>
                <line number="54" hits="2" branch="false"/>
                <line number="55" hits="2" branch="false"/>
                <line number="56" hits="2" branch="false"/>
                <line number="57" hits="2" branch="false"/>
                <line number="58" hits="2" branch="false"/>
                <line number="70" hits="1" branch="false"/>
                <line number="72" hits="1" branch="false"/>
                <line number="74" hits="2" branch="false"/>
                <line number="76" hits="1" branch="false"/>
                <line number="77" hits="1" branch="false"/>
                <line number="79" hits="1" branch="false"/>
                <line number="80" hits="1" branch="false"/>
                <line number="84" hits="1" branch="false"/>
                <line number="87" hits="1" branch="false"/>
              </lines>
            </class>
            <package name="ui" line-rate="0.5714" branch-rate="0.1666">
              <classes>
                <class name="app.luau" filename="out/lib/client/ui/app.luau" line-rate="0.5" branch-rate="0">
                  <methods>
                    <method name="App" hits="0" signature="()V">
                      <lines>
                        <line number="20" hits="0"/>
                      </lines>
                    </method>
                    <method name="&lt;anonymous&gt;" hits="0" signature="()V">
                      <lines>
                        <line number="21" hits="0"/>
                      </lines>
                    </method>
                    <method name="&lt;anonymous&gt;" hits="0" signature="()V">
                      <lines>
                        <line number="24" hits="0"/>
                      </lines>
                    </method>
                    <method name="&lt;anonymous&gt;" hits="0" signature="()V">
                      <lines>
                        <line number="33" hits="0"/>
                      </lines>
                    </method>
                  </methods>
                  <lines>
                    <line number="2" hits="1" branch="false"/>
                    <line number="3" hits="1" branch="false"/>
                    <line number="4" hits="1" branch="false"/>
                    <line number="5" hits="1" branch="false"/>
                    <line number="6" hits="1" branch="false"/>
                    <line number="7" hits="1" branch="false"/>
                    <line number="8" hits="1" branch="false"/>
                    <line number="9" hits="1" branch="false"/>
                    <line number="10" hits="1" branch="false"/>
                    <line number="11" hits="1" branch="false"/>
                    <line number="12" hits="1" branch="false"/>
                    <line number="21" hits="0" branch="false"/>
                    <line number="22" hits="0" branch="false"/>
                    <line number="25" hits="0" branch="false"/>
                    <line number="27" hits="0" branch="false"/>
                    <line number="28" hits="0" branch="true" condition-coverage="0% (0/2)"/>
                    <line number="29" hits="0" branch="true" condition-coverage="0% (0/2)"/>
                    <line number="30" hits="0" branch="false"/>
                    <line number="32" hits="0" branch="false"/>
                    <line number="34" hits="0" branch="false"/>
                    <line number="36" hits="0" branch="false"/>
                    <line number="37" hits="0" branch="false"/>
                    <line number="40" hits="0" branch="false"/>
                    <line number="42" hits="1" branch="false"/>
                  </lines>
                </class>
                <package name="components" line-rate="0.29960000000000003" branch-rate="0">
                  <classes>
                    <class name="backpack.luau" filename="out/lib/client/ui/components/backpack.luau" line-rate="0.2016" branch-rate="0">
                      <methods>
                        <method name="applyFinalSorting" hits="0" signature="()V">
                          <lines>
                            <line number="26" hits="0"/>
                          </lines>
                        </method>
                        <method name="&lt;anonymous&gt;" hits="0" signature="()V">
                          <lines>
                            <line number="30" hits="0"/>
                          </lines>
                        </method>
                        <method name="&lt;anonymous&gt;" hits="0" signature="()V">
                          <lines>
                            <line number="33" hits="0"/>
                          </lines>
                        </method>
                        <method name="filterBackpack" hits="0" signature="()V">
                          <lines>
                            <line number="52" hits="0"/>
                          </lines>
                        </method>
                        <method name="&lt;anonymous&gt;" hits="0" signature="()V">
                          <lines>
                            <line number="56" hits="0"/>
                          </lines>
                        </method>
                        <method name="&lt;anonymous&gt;" hits="0" signature="()V">
                          <lines>
                            <line number="72" hits="0"/>
                          </lines>
                        </method>
                        <method name="&lt;anonymous&gt;" hits="0" signature="()V">
                          <lines>
                            <line number="92" hits="0"/>
                          </lines>
                        </method>
                        <method name="&lt;anonymous&gt;" hits="0" signature="()V">
                          <lines>
                            <line number="106" hits="0"/>
                          </lines>
                        </method>
                        <method name="Backpack" hits="0" signature="()V">
                          <lines>
                            <line number="135" hits="0"/>
                          </lines>
                        </method>
                        <method name="&lt;anonymous&gt;" hits="0" signature="()V">
                          <lines>
                            <line number="137" hits="0"/>
                          </lines>
                        </method>
                        <method name="&lt;anonymous&gt;" hits="0" signature="()V">
                          <lines>
                            <line number="140" hits="0"/>
                          </lines>
                        </method>
                        <method name="&lt;anonymous&gt;" hits="0" signature="()V">
                          <lines>
                            <line number="143" hits="0"/>
                          </lines>
                        </method>
                        <method name="&lt;anonymous&gt;" hits="0" signature="()V">
                          <lines>
                            <line number="148" hits="0"/>
                          </lines>
                        </method>
                        <method name="&lt;anonymous&gt;" hits="0" signature="()V">
                          <lines>
                            <line number="160" hits="0"/>
                          </lines>
                        </method>
                        <method name="&lt;anonymous&gt;" hits="0" signature="()V">
                          <lines>
                            <line number="165" hits="0"/>
                          </lines>
                        </method>
                        <method name="&lt;anonymous&gt;" hits="0" signature="()V">
                          <lines>
                            <line number="181" hits="0"/>
                          </lines>
                        </method>
                        <method name="&lt;anonymous&gt;" hits="0" signature="()V">
                          <lines>
                            <line number="201" hits="0"/>
                          </lines>
                        </method>
                        <method name="&lt;anonymous&gt;" hits="0" signature="()V">
                          <lines>
                            <line number="273" hits="0"/>
                          </lines>
                        </method>
                        <method name="&lt;anonymous&gt;" hits="0" signature="()V">
                          <lines>
                            <line number="304" hits="0"/>
                          </lines>
                        </method>
                        <method name="&lt;anonymous&gt;" hits="0" signature="()V">
                          <lines>
                            <line number="307" hits="0"/>
                          </lines>
                        </method>
                      </methods>
                      <lines>
                        <line number="2" hits="1" branch="false"/>
                        <line number="3" hits="1" branch="false"/>
                        <line number="4" hits="1" branch="false"/>
                        <line number="5" hits="1" branch="false"/>
                        <line number="6" hits="1" branch="false"/>
                        <line number="7" hits="1" branch="false"/>
                        <line number="8" hits="1" branch="false"/>
                        <line number="9" hits="1" branch="false"/>
                        <line number="10" hits="1" branch="false"/>
                        <line number="11" hits="1" branch="false"/>
                        <line number="12" hits="1" branch="false"/>
                        <line number="13" hits="1" branch="false"/>
                        <line number="14" hits="1" branch="false"/>
                        <line number="15" hits="1" branch="false"/>
                        <line number="16" hits="1" branch="false"/>
                        <line number="17" hits="1" branch="false"/>
                        <line number="18" hits="1" branch="false"/>
                        <line number="19" hits="1" branch="false"/>
                        <line number="20" hits="1" branch="false"/>
                        <line number="21" hits="1" branch="false"/>
                        <line number="22" hits="1" branch="false"/>
                        <line number="23" hits="1" branch="false"/>
                        <line number="24" hits="1" branch="false"/>
                        <line number="25" hits="1" branch="false"/>
                        <line number="27" hits="0" branch="false"/>
                        <line number="28" hits="0" branch="false"/>
                        <line number="32" hits="0" branch="false"/>
                        <line number="34" hits="0" branch="false"/>
                        <line number="36" hits="0" branch="false"/>
                        <line number="37" hits="0" branch="false"/>
                        <line number="39" hits="0" branch="false"/>
                        <line number="40" hits="0" branch="false"/>
                        <line number="44" hits="0" branch="false"/>
                        <line number="46" hits="0" branch="false"/>
                        <line number="47" hits="0" branch="false"/>
                        <line number="50" hits="0" branch="false"/>
                        <line number="53" hits="0" branch="false"/>
                        <line number="55" hits="0" branch="false"/>
                        <line number="57" hits="0" branch="false"/>
                        <line number="59" hits="0" branch="false"/>
                        <line number="60" hits="0" branch="false"/>
                        <line number="62" hits="0" branch="false"/>
                        <line number="63" hits="0" branch="false"/>
                        <line number="67" hits="0" branch="false"/>
                        <line number="68" hits="0" branch="false"/>
                        <line number="71" hits="0" branch="false"/>
                        <line number="73" hits="0" branch="false"/>
                        <line number="75" hits="0" branch="false"/>
                        <line number="77" hits="0" branch="false"/>
                        <line number="80" hits="0" branch="false"/>
                        <line number="82" hits="0" branch="false"/>
                        <line number="83" hits="0" branch="false"/>
                        <line number="86" hits="0" branch="false"/>
                        <line number="87" hits="0" branch="false"/>
                        <line number="89" hits="0" branch="false"/>
                        <line number="91" hits="0" branch="false"/>
                        <line number="93" hits="0" branch="false"/>
                        <line number="94" hits="0" branch="false"/>
                        <line number="96" hits="0" branch="false"/>
                        <line number="97" hits="0" branch="false"/>
                        <line number="99" hits="0" branch="false"/>
                        <line number="100" hits="0" branch="false"/>
                        <line number="105" hits="0" branch="false"/>
                        <line number="107" hits="0" branch="false"/>
                        <line number="108" hits="0" branch="false"/>
                        <line number="110" hits="0" branch="false"/>
                        <line number="111" hits="0" branch="false"/>
                        <line number="114" hits="0" branch="false"/>
                        <line number="116" hits="0" branch="false"/>
                        <line number="136" hits="0" branch="false"/>
                        <line number="138" hits="0" branch="false"/>
                        <line number="141" hits="0" branch="false"/>
                        <line number="144" hits="0" branch="false"/>
                        <line number="147" hits="0" branch="false"/>
                        <line number="149" hits="0" branch="false"/>
                        <line number="151" hits="0" branch="false"/>
                        <line number="152" hits="0" branch="false"/>
                        <line number="154" hits="0" branch="false"/>
                        <line number="155" hits="0" branch="false"/>
                        <line number="159" hits="0" branch="false"/>
                        <line number="161" hits="0" branch="false"/>
                        <line number="163" hits="0" branch="false"/>
                        <line number="164" hits="0" branch="false"/>
                        <line number="166" hits="0" branch="false"/>
                        <line number="167" hits="0" branch="false"/>
                        <line number="169" hits="0" branch="false"/>
                        <line number="171" hits="0" branch="false"/>
                        <line number="173" hits="0" branch="false"/>
                        <line number="175" hits="0" branch="false"/>
                        <line number="177" hits="0" branch="false"/>
                        <line number="179" hits="0" branch="false"/>
                        <line number="182" hits="0" branch="false"/>
                        <line number="184" hits="0" branch="false"/>
                        <line number="186" hits="0" branch="false"/>
                        <line number="188" hits="0" branch="false"/>
                        <line number="190" hits="0" branch="false"/>
                        <line number="192" hits="0" branch="false"/>
                        <line number="193" hits="0" branch="false"/>
                        <line number="194" hits="0" branch="false"/>
                        <line number="195" hits="0" branch="false"/>
                        <line number="198" hits="0" branch="false"/>
                        <line number="200" hits="0" branch="false"/>
                        <line number="202" hits="0" branch="false"/>
                        <line number="204" hits="0" branch="false"/>
                        <line number="205" hits="0" branch="false"/>
                        <line number="208" hits="0" branch="false"/>
                        <line number="222" hits="0" branch="false"/>
                        <line number="246" hits="0" branch="false"/>
                        <line number="254" hits="0" branch="false"/>
                        <line number="256" hits="0" branch="false"/>
                        <line number="258" hits="0" branch="false"/>
                        <line number="260" hits="0" branch="false"/>
                        <line number="262" hits="0" branch="false"/>
                        <line number="263" hits="0" branch="false"/>
                        <line number="272" hits="0" branch="false"/>
                        <line number="274" hits="0" branch="true" condition-coverage="0% (0/2)"/>
                        <line number="275" hits="0" branch="false"/>
                        <line number="277" hits="0" branch="false"/>
                        <line number="284" hits="0" branch="false"/>
                        <line number="285" hits="0" branch="false"/>
                        <line number="288" hits="0" branch="false"/>
                        <line number="305" hits="0" branch="false"/>
                        <line number="308" hits="0" branch="false"/>
                        <line number="312" hits="1" branch="false"/>
                      </lines>
                    </class>
                    <class name="drag.luau" filename="out/lib/client/ui/components/drag.luau" line-rate="0.3703" branch-rate="0">
                      <methods>
                        <method name="Drag" hits="0" signature="()V">
                          <lines>
                            <line number="30" hits="0"/>
                          </lines>
                        </method>
                        <method name="&lt;anonymous&gt;" hits="0" signature="()V">
                          <lines>
                            <line number="32" hits="0"/>
                          </lines>
                        </method>
                        <method name="&lt;anonymous&gt;" hits="0" signature="()V">
                          <lines>
                            <line number="36" hits="0"/>
                          </lines>
                        </method>
                        <method name="&lt;anonymous&gt;" hits="0" signature="()V">
                          <lines>
                            <line number="47" hits="0"/>
                          </lines>
                        </method>
                        <method name="&lt;anonymous&gt;" hits="0" signature="()V">
                          <lines>
                            <line number="74" hits="0"/>
                          </lines>
                        </method>
                        <method name="&lt;anonymous&gt;" hits="0" signature="()V">
                          <lines>
                            <line number="78" hits="0"/>
                          </lines>
                        </method>
                      </methods>
                      <lines>
                        <line number="2" hits="1" branch="false"/>
                        <line number="3" hits="1" branch="false"/>
                        <line number="4" hits="1" branch="false"/>
                        <line number="5" hits="1" branch="false"/>
                        <line number="6" hits="1" branch="false"/>
                        <line number="7" hits="1" branch="false"/>
                        <line number="8" hits="1" branch="false"/>
                        <line number="9" hits="1" branch="false"/>
                        <line number="10" hits="1" branch="false"/>
                        <line number="11" hits="1" branch="false"/>
                        <line number="12" hits="1" branch="false"/>
                        <line number="13" hits="1" branch="false"/>
                        <line number="14" hits="1" branch="false"/>
                        <line number="15" hits="1" branch="false"/>
                        <line number="16" hits="1" branch="false"/>
                        <line number="17" hits="1" branch="false"/>
                        <line number="18" hits="1" branch="false"/>
                        <line number="19" hits="1" branch="false"/>
                        <line number="20" hits="1" branch="false"/>
                        <line number="31" hits="0" branch="false"/>
                        <line number="33" hits="0" branch="false"/>
                        <line number="35" hits="0" branch="false"/>
                        <line number="37" hits="0" branch="true" condition-coverage="0% (0/2)"/>
                        <line number="38" hits="0" branch="false"/>
                        <line number="40" hits="0" branch="false"/>
                        <line number="41" hits="0" branch="false"/>
                        <line number="46" hits="0" branch="false"/>
                        <line number="48" hits="0" branch="true" condition-coverage="0% (0/2)"/>
                        <line number="49" hits="0" branch="false"/>
                        <line number="51" hits="0" branch="false"/>
                        <line number="52" hits="0" branch="false"/>
                        <line number="53" hits="0" branch="false"/>
                        <line number="54" hits="0" branch="false"/>
                        <line number="55" hits="0" branch="false"/>
                        <line number="62" hits="0" branch="false"/>
                        <line number="63" hits="0" branch="false"/>
                        <line number="64" hits="0" branch="false"/>
                        <line number="65" hits="0" branch="false"/>
                        <line number="66" hits="0" branch="false"/>
                        <line number="67" hits="0" branch="false"/>
                        <line number="69" hits="0" branch="false"/>
                        <line number="71" hits="0" branch="false"/>
                        <line number="75" hits="0" branch="false"/>
                        <line number="79" hits="0" branch="false"/>
                        <line number="84" hits="0" branch="false"/>
                        <line number="87" hits="0" branch="false"/>
                        <line number="90" hits="0" branch="true" condition-coverage="0% (0/2)"/>
                        <line number="103" hits="0" branch="true" condition-coverage="0% (0/3)"/>
                        <line number="133" hits="0" branch="false"/>
                        <line number="138" hits="0" branch="false"/>
                        <line number="140" hits="0" branch="false"/>
                        <line number="142" hits="0" branch="false"/>
                        <line number="143" hits="0" branch="false"/>
                        <line number="162" hits="1" branch="false"/>
                      </lines>
                    </class>
                    <class name="slot.luau" filename="out/lib/client/ui/components/slot.luau" line-rate="0.3333" branch-rate="0">
                      <methods>
                        <method name="Slot" hits="0" signature="()V">
                          <lines>
                            <line number="37" hits="0"/>
                          </lines>
                        </method>
                        <method name="&lt;anonymous&gt;" hits="0" signature="()V">
                          <lines>
                            <line number="39" hits="0"/>
                          </lines>
                        </method>
                        <method name="&lt;anonymous&gt;" hits="0" signature="()V">
                          <lines>
                            <line number="42" hits="0"/>
                          </lines>
                        </method>
                        <method name="&lt;anonymous&gt;" hits="0" signature="()V">
                          <lines>
                            <line number="45" hits="0"/>
                          </lines>
                        </method>
                        <method name="&lt;anonymous&gt;" hits="0" signature="()V">
                          <lines>
                            <line number="52" hits="0"/>
                          </lines>
                        </method>
                        <method name="&lt;anonymous&gt;" hits="0" signature="()V">
                          <lines>
                            <line number="83" hits="0"/>
                          </lines>
                        </method>
                        <method name="&lt;anonymous&gt;" hits="0" signature="()V">
                          <lines>
                            <line number="133" hits="0"/>
                          </lines>
                        </method>
                        <method name="&lt;anonymous&gt;" hits="0" signature="()V">
                          <lines>
                            <line number="136" hits="0"/>
                          </lines>
                        </method>
                        <method name="&lt;anonymous&gt;" hits="0" signature="()V">
                          <lines>
                            <line number="150" hits="0"/>
                          </lines>
                        </method>
                        <method name="&lt;anonymous&gt;" hits="0" signature="()V">
                          <lines>
                            <line number="158" hits="0"/>
                          </lines>
                        </method>
                        <method name="&lt;anonymous&gt;" hits="0" signature="()V">
                          <lines>
                            <line number="163" hits="0"/>
                          </lines>
                        </method>
                        <method name="&lt;anonymous&gt;" hits="0" signature="()V">
                          <lines>
                            <line number="166" hits="0"/>
                          </lines>
                        </method>
                        <method name="&lt;anonymous&gt;" hits="0" signature="()V">
                          <lines>
                            <line number="172" hits="0"/>
                          </lines>
                        </method>
                        <method name="&lt;anonymous&gt;" hits="0" signature="()V">
                          <lines>
                            <line number="179" hits="0"/>
                          </lines>
                        </method>
                      </methods>
                      <lines>
                        <line number="2" hits="1" branch="false"/>
                        <line number="3" hits="1" branch="false"/>
                        <line number="4" hits="1" branch="false"/>
                        <line number="5" hits="1" branch="false"/>
                        <line number="6" hits="1" branch="false"/>
                        <line number="7" hits="1" branch="false"/>
                        <line number="8" hits="1" branch="false"/>
                        <line number="9" hits="1" branch="false"/>
                        <line number="10" hits="1" branch="false"/>
                        <line number="11" hits="1" branch="false"/>
                        <line number="12" hits="1" branch="false"/>
                        <line number="13" hits="1" branch="false"/>
                        <line number="14" hits="1" branch="false"/>
                        <line number="15" hits="1" branch="false"/>
                        <line number="16" hits="1" branch="false"/>
                        <line number="17" hits="1" branch="false"/>
                        <line number="18" hits="1" branch="false"/>
                        <line number="19" hits="1" branch="false"/>
                        <line number="20" hits="1" branch="false"/>
                        <line number="21" hits="1" branch="false"/>
                        <line number="22" hits="1" branch="false"/>
                        <line number="23" hits="1" branch="false"/>
                        <line number="24" hits="1" branch="false"/>
                        <line number="25" hits="1" branch="false"/>
                        <line number="26" hits="1" branch="false"/>
                        <line number="27" hits="1" branch="false"/>
                        <line number="28" hits="1" branch="false"/>
                        <line number="29" hits="1" branch="false"/>
                        <line number="38" hits="0" branch="false"/>
                        <line number="40" hits="0" branch="false"/>
                        <line number="43" hits="0" branch="false"/>
                        <line number="46" hits="0" branch="false"/>
                        <line number="48" hits="0" branch="false"/>
                        <line number="49" hits="0" branch="false"/>
                        <line number="50" hits="0" branch="false"/>
                        <line number="51" hits="0" branch="false"/>
                        <line number="53" hits="0" branch="true" condition-coverage="0% (0/2)"/>
                        <line number="54" hits="0" branch="false"/>
                        <line number="56" hits="0" branch="false"/>
                        <line number="58" hits="0" branch="false"/>
                        <line number="61" hits="0" branch="false"/>
                        <line number="63" hits="0" branch="false"/>
                        <line number="65" hits="0" branch="false"/>
                        <line number="71" hits="0" branch="false"/>
                        <line number="78" hits="0" branch="false"/>
                        <line number="80" hits="0" branch="false"/>
                        <line number="81" hits="0" branch="true" condition-coverage="0% (0/2)"/>
                        <line number="84" hits="0" branch="false"/>
                        <line number="100" hits="0" branch="false"/>
                        <line number="102" hits="0" branch="false"/>
                        <line number="105" hits="0" branch="false"/>
                        <line number="108" hits="0" branch="false"/>
                        <line number="110" hits="0" branch="false"/>
                        <line number="112" hits="0" branch="false"/>
                        <line number="114" hits="0" branch="true" condition-coverage="0% (0/2)"/>
                        <line number="121" hits="0" branch="false"/>
                        <line number="123" hits="0" branch="false"/>
                        <line number="134" hits="0" branch="false"/>
                        <line number="135" hits="0" branch="false"/>
                        <line number="137" hits="0" branch="true" condition-coverage="0% (0/2)"/>
                        <line number="138" hits="0" branch="false"/>
                        <line number="141" hits="0" branch="false"/>
                        <line number="142" hits="0" branch="false"/>
                        <line number="143" hits="0" branch="false"/>
                        <line number="144" hits="0" branch="false"/>
                        <line number="145" hits="0" branch="false"/>
                        <line number="146" hits="0" branch="false"/>
                        <line number="147" hits="0" branch="false"/>
                        <line number="148" hits="0" branch="false"/>
                        <line number="149" hits="0" branch="false"/>
                        <line number="151" hits="0" branch="false"/>
                        <line number="152" hits="0" branch="false"/>
                        <line number="157" hits="0" branch="false"/>
                        <line number="159" hits="0" branch="false"/>
                        <line number="160" hits="0" branch="false"/>
                        <line number="164" hits="0" branch="false"/>
                        <line number="167" hits="0" branch="false"/>
                        <line number="169" hits="0" branch="false"/>
                        <line number="173" hits="0" branch="false"/>
                        <line number="174" hits="0" branch="false"/>
                        <line number="176" hits="0" branch="false"/>
                        <line number="180" hits="0" branch="true" condition-coverage="0% (0/2)"/>
                        <line number="181" hits="0" branch="false"/>
                        <line number="182" hits="0" branch="false"/>
                        <line number="184" hits="0" branch="false"/>
                        <line number="186" hits="0" branch="true" condition-coverage="0% (0/2)"/>
                        <line number="234" hits="1" branch="false"/>
                      </lines>
                    </class>
                    <class name="toolbar.luau" filename="out/lib/client/ui/components/toolbar.luau" line-rate="0.46869999999999995" branch-rate="0">
                      <methods>
                        <method name="Toolbar" hits="0" signature="()V">
                          <lines>
                            <line number="30" hits="0"/>
                          </lines>
                        </method>
                        <method name="&lt;anonymous&gt;" hits="0" signature="()V">
                          <lines>
                            <line number="32" hits="0"/>
                          </lines>
                        </method>
                        <method name="&lt;anonymous&gt;" hits="0" signature="()V">
                          <lines>
                            <line number="35" hits="0"/>
                          </lines>
                        </method>
                        <method name="&lt;anonymous&gt;" hits="0" signature="()V">
                          <lines>
                            <line number="38" hits="0"/>
                          </lines>
                        </method>
                        <method name="&lt;anonymous&gt;" hits="0" signature="()V">
                          <lines>
                            <line number="43" hits="0"/>
                          </lines>
                        </method>
                        <method name="&lt;anonymous&gt;" hits="0" signature="()V">
                          <lines>
                            <line number="65" hits="0"/>
                          </lines>
                        </method>
                      </methods>
                      <lines>
                        <line number="2" hits="1" branch="false"/>
                        <line number="3" hits="1" branch="false"/>
                        <line number="4" hits="1" branch="false"/>
                        <line number="5" hits="1" branch="false"/>
                        <line number="6" hits="1" branch="false"/>
                        <line number="7" hits="1" branch="false"/>
                        <line number="8" hits="1" branch="false"/>
                        <line number="9" hits="1" branch="false"/>
                        <line number="10" hits="1" branch="false"/>
                        <line number="11" hits="1" branch="false"/>
                        <line number="12" hits="1" branch="false"/>
                        <line number="13" hits="1" branch="false"/>
                        <line number="14" hits="1" branch="false"/>
                        <line number="15" hits="1" branch="false"/>
                        <line number="31" hits="0" branch="false"/>
                        <line number="33" hits="0" branch="false"/>
                        <line number="36" hits="0" branch="false"/>
                        <line number="39" hits="0" branch="false"/>
                        <line number="42" hits="0" branch="false"/>
                        <line number="44" hits="0" branch="true" condition-coverage="0% (0/2)"/>
                        <line number="45" hits="0" branch="false"/>
                        <line number="47" hits="0" branch="false"/>
                        <line number="53" hits="0" branch="false"/>
                        <line number="54" hits="0" branch="false"/>
                        <line number="57" hits="0" branch="false"/>
                        <line number="62" hits="0" branch="false"/>
                        <line number="64" hits="0" branch="false"/>
                        <line number="66" hits="0" branch="false"/>
                        <line number="68" hits="0" branch="false"/>
                        <line number="69" hits="0" branch="false"/>
                        <line number="72" hits="0" branch="false"/>
                        <line number="79" hits="1" branch="false"/>
                      </lines>
                    </class>
                  </classes>
                </package>
                <package name="core" line-rate="0.16519999999999999" branch-rate="0">
                  <classes>
                    <class name="button.luau" filename="out/lib/client/ui/core/button.luau" line-rate="0.1162" branch-rate="0">
                      <methods>
                        <method name="&lt;anonymous&gt;" hits="0" signature="()V">
                          <lines>
                            <line number="13" hits="0"/>
                          </lines>
                        </method>
                        <method name="&lt;anonymous&gt;" hits="0" signature="()V">
                          <lines>
                            <line number="21" hits="0"/>
                          </lines>
                        </method>
                        <method name="&lt;anonymous&gt;" hits="0" signature="()V">
                          <lines>
                            <line number="26" hits="0"/>
                          </lines>
                        </method>
                        <method name="&lt;anonymous&gt;" hits="0" signature="()V">
                          <lines>
                            <line number="31" hits="0"/>
                          </lines>
                        </method>
                        <method name="&lt;anonymous&gt;" hits="0" signature="()V">
                          <lines>
                            <line number="36" hits="0"/>
                          </lines>
                        </method>
                        <method name="&lt;anonymous&gt;" hits="0" signature="()V">
                          <lines>
                            <line number="41" hits="0"/>
                          </lines>
                        </method>
                      </methods>
                      <lines>
                        <line number="2" hits="1" branch="false"/>
                        <line number="3" hits="1" branch="false"/>
                        <line number="4" hits="1" branch="false"/>
                        <line number="5" hits="1" branch="false"/>
                        <line number="14" hits="0" branch="false"/>
                        <line number="15" hits="0" branch="false"/>
                        <line number="16" hits="0" branch="false"/>
                        <line number="17" hits="0" branch="false"/>
                        <line number="18" hits="0" branch="false"/>
                        <line number="19" hits="0" branch="false"/>
                        <line number="20" hits="0" branch="false"/>
                        <line number="22" hits="0" branch="true" condition-coverage="0% (0/2)"/>
                        <line number="23" hits="0" branch="false"/>
                        <line number="27" hits="0" branch="true" condition-coverage="0% (0/2)"/>
                        <line number="28" hits="0" branch="false"/>
                        <line number="32" hits="0" branch="true" condition-coverage="0% (0/2)"/>
                        <line number="33" hits="0" branch="false"/>
                        <line number="37" hits="0" branch="true" condition-coverage="0% (0/2)"/>
                        <line number="38" hits="0" branch="false"/>
                        <line number="42" hits="0" branch="true" condition-coverage="0% (0/2)"/>
                        <line number="43" hits="0" branch="false"/>
                        <line number="47" hits="0" branch="false"/>
                        <line number="48" hits="0" branch="false"/>
                        <line number="50" hits="0" branch="false"/>
                        <line number="52" hits="0" branch="false"/>
                        <line number="53" hits="0" branch="false"/>
                        <line number="54" hits="0" branch="false"/>
                        <line number="55" hits="0" branch="false"/>
                        <line number="56" hits="0" branch="false"/>
                        <line number="57" hits="0" branch="false"/>
                        <line number="58" hits="0" branch="false"/>
                        <line number="59" hits="0" branch="false"/>
                        <line number="61" hits="0" branch="false"/>
                        <line number="63" hits="0" branch="false"/>
                        <line number="64" hits="0" branch="false"/>
                        <line number="65" hits="0" branch="false"/>
                        <line number="66" hits="0" branch="false"/>
                        <line number="67" hits="0" branch="false"/>
                        <line number="68" hits="0" branch="false"/>
                        <line number="69" hits="0" branch="false"/>
                        <line number="70" hits="0" branch="false"/>
                        <line number="71" hits="0" branch="false"/>
                        <line number="75" hits="1" branch="false"/>
                      </lines>
                    </class>
                    <class name="divider.luau" filename="out/lib/client/ui/core/divider.luau" line-rate="0.2631" branch-rate="0">
                      <methods>
                        <method name="Div" hits="0" signature="()V">
                          <lines>
                            <line number="13" hits="0"/>
                          </lines>
                        </method>
                      </methods>
                      <lines>
                        <line number="2" hits="1" branch="false"/>
                        <line number="3" hits="1" branch="false"/>
                        <line number="4" hits="1" branch="false"/>
                        <line number="5" hits="1" branch="false"/>
                        <line number="14" hits="0" branch="false"/>
                        <line number="15" hits="0" branch="false"/>
                        <line number="19" hits="0" branch="false"/>
                        <line number="21" hits="0" branch="false"/>
                        <line number="23" hits="0" branch="false"/>
                        <line number="24" hits="0" branch="false"/>
                        <line number="25" hits="0" branch="false"/>
                        <line number="26" hits="0" branch="false"/>
                        <line number="27" hits="0" branch="false"/>
                        <line number="35" hits="0" branch="false"/>
                        <line number="37" hits="0" branch="false"/>
                        <line number="39" hits="0" branch="false"/>
                        <line number="40" hits="0" branch="false"/>
                        <line number="41" hits="0" branch="false"/>
                        <line number="43" hits="1" branch="false"/>
                      </lines>
                    </class>
                    <class name="frame.luau" filename="out/lib/client/ui/core/frame.luau" line-rate="0.22719999999999999" branch-rate="0">
                      <methods>
                        <method name="&lt;anonymous&gt;" hits="0" signature="()V">
                          <lines>
                            <line number="13" hits="0"/>
                          </lines>
                        </method>
                      </methods>
                      <lines>
                        <line number="2" hits="1" branch="false"/>
                        <line number="3" hits="1" branch="false"/>
                        <line number="4" hits="1" branch="false"/>
                        <line number="5" hits="1" branch="false"/>
                        <line number="14" hits="0" branch="false"/>
                        <line number="22" hits="0" branch="false"/>
                        <line number="24" hits="0" branch="false"/>
                        <line number="26" hits="0" branch="false"/>
                        <line number="27" hits="0" branch="false"/>
                        <line number="28" hits="0" branch="false"/>
                        <line number="29" hits="0" branch="false"/>
                        <line number="31" hits="0" branch="false"/>
                        <line number="33" hits="0" branch="false"/>
                        <line number="34" hits="0" branch="false"/>
                        <line number="36" hits="0" branch="false"/>
                        <line number="38" hits="0" branch="false"/>
                        <line number="39" hits="0" branch="false"/>
                        <line number="40" hits="0" branch="false"/>
                        <line number="41" hits="0" branch="false"/>
                        <line number="42" hits="0" branch="false"/>
                        <line number="43" hits="0" branch="false"/>
                        <line number="47" hits="1" branch="false"/>
                      </lines>
                    </class>
                    <class name="image.luau" filename="out/lib/client/ui/core/image.luau" line-rate="0.2" branch-rate="0">
[...]
                  <lines>
                    <line number="39" hits="1"/>
                  </lines>
                </method>
                <method name="&lt;anonymous&gt;" hits="1" signature="()V">
                  <lines>
                    <line number="44" hits="1"/>
                  </lines>
                </method>
              </methods>
              <lines>
                <line number="2" hits="1" branch="false"/>
                <line number="3" hits="1" branch="false"/>
                <line number="4" hits="1" branch="false"/>
                <line number="5" hits="1" branch="false"/>
                <line number="6" hits="1" branch="false"/>
                <line number="7" hits="1" branch="false"/>
                <line number="8" hits="1" branch="false"/>
                <line number="9" hits="1" branch="false"/>
                <line number="10" hits="1" branch="false"/>
                <line number="11" hits="1" branch="false"/>
                <line number="12" hits="1" branch="false"/>
                <line number="13" hits="1" branch="false"/>
                <line number="14" hits="1" branch="false"/>
                <line number="15" hits="1" branch="false"/>
                <line number="17" hits="1" branch="false"/>
                <line number="19" hits="130" branch="false"/>
                <line number="24" hits="1" branch="false"/>
                <line number="25" hits="1" branch="false"/>
                <line number="26" hits="1" branch="false"/>
                <line number="27" hits="1" branch="false"/>
                <line number="28" hits="1" branch="false"/>
                <line number="29" hits="0" branch="false"/>
                <line number="33" hits="1" branch="false"/>
                <line number="34" hits="1" branch="false"/>
                <line number="35" hits="1" branch="false"/>
                <line number="39" hits="1" branch="false"/>
                <line number="40" hits="1" branch="false"/>
                <line number="41" hits="1" branch="false"/>
                <line number="42" hits="1" branch="false"/>
                <line number="45" hits="1" branch="false"/>
                <line number="46" hits="1" branch="false"/>
                <line number="47" hits="1" branch="false"/>
                <line number="48" hits="1" branch="false"/>
              </lines>
            </class>
          </classes>
        </package>
        <class name="jest.config.luau" filename="out/tests/jest.config.luau" line-rate="1" branch-rate="1">
          <methods>
          </methods>
          <lines>
            <line number="2" hits="1" branch="false"/>
          </lines>
        </class>
        <package name="server" line-rate="0.9693999999999999" branch-rate="0.4545">
          <classes>
            <class name="clients.test.luau" filename="out/tests/server/clients.test.luau" line-rate="0.9693999999999999" branch-rate="0.4545">
              <methods>
                <method name="&lt;anonymous&gt;" hits="1" signature="()V">
                  <lines>
                    <line number="19" hits="1"/>
                  </lines>
                </method>
                <method name="&lt;anonymous&gt;" hits="1" signature="()V">
                  <lines>
                    <line number="26" hits="1"/>
                  </lines>
                </method>
                <method name="&lt;anonymous&gt;" hits="15" signature="()V">
                  <lines>
                    <line number="27" hits="15"/>
                  </lines>
                </method>
                <method name="&lt;anonymous&gt;" hits="1" signature="()V">
                  <lines>
                    <line number="30" hits="1"/>
                  </lines>
                </method>
                <method name="&lt;anonymous&gt;" hits="1" signature="()V">
                  <lines>
                    <line number="31" hits="1"/>
                  </lines>
                </method>
                <method name="&lt;anonymous&gt;" hits="1" signature="()V">
                  <lines>
                    <line number="40" hits="1"/>
                  </lines>
                </method>
                <method name="&lt;anonymous&gt;" hits="1" signature="()V">
                  <lines>
                    <line number="41" hits="1"/>
                  </lines>
                </method>
                <method name="&lt;anonymous&gt;" hits="1" signature="()V">
                  <lines>
                    <line number="48" hits="1"/>
                  </lines>
                </method>
                <method name="&lt;anonymous&gt;" hits="1" signature="()V">
                  <lines>
                    <line number="54" hits="1"/>
                  </lines>
                </method>
                <method name="&lt;anonymous&gt;" hits="1" signature="()V">
                  <lines>
                    <line number="69" hits="1"/>
                  </lines>
                </method>
                <method name="&lt;anonymous&gt;" hits="1" signature="()V">
                  <lines>
                    <line number="75" hits="1"/>
                  </lines>
                </method>
                <method name="&lt;anonymous&gt;" hits="1" signature="()V">
                  <lines>
                    <line number="83" hits="1"/>
                  </lines>
                </method>
                <method name="&lt;anonymous&gt;" hits="1" signature="()V">
                  <lines>
                    <line number="89" hits="1"/>
                  </lines>
                </method>
                <method name="&lt;anonymous&gt;" hits="1" signature="()V">
                  <lines>
                    <line number="90" hits="1"/>
                  </lines>
                </method>
                <method name="&lt;anonymous&gt;" hits="1" signature="()V">
                  <lines>
                    <line number="96" hits="1"/>
                  </lines>
                </method>
                <method name="&lt;anonymous&gt;" hits="1" signature="()V">
                  <lines>
                    <line number="109" hits="1"/>
                  </lines>
                </method>
                <method name="&lt;anonymous&gt;" hits="1" signature="()V">
                  <lines>
                    <line number="123" hits="1"/>
                  </lines>
                </method>
                <method name="&lt;anonymous&gt;" hits="0" signature="()V">
                  <lines>
                    <line number="128" hits="0"/>
                  </lines>
                </method>
                <method name="&lt;anonymous&gt;" hits="1" signature="()V">
                  <lines>
                    <line number="139" hits="1"/>
                  </lines>
                </method>
                <method name="&lt;anonymous&gt;" hits="1" signature="()V">
                  <lines>
                    <line number="140" hits="1"/>
                  </lines>
                </method>
                <method name="&lt;anonymous&gt;" hits="1" signature="()V">
                  <lines>
                    <line number="146" hits="1"/>
                  </lines>
                </method>
                <method name="&lt;anonymous&gt;" hits="1" signature="()V">
                  <lines>
                    <line number="158" hits="1"/>
                  </lines>
                </method>
                <method name="&lt;anonymous&gt;" hits="1" signature="()V">
                  <lines>
                    <line number="159" hits="1"/>
                  </lines>
                </method>
                <method name="&lt;anonymous&gt;" hits="1" signature="()V">
                  <lines>
                    <line number="169" hits="1"/>
                  </lines>
                </method>
                <method name="&lt;anonymous&gt;" hits="1" signature="()V">
                  <lines>
                    <line number="170" hits="1"/>
                  </lines>
                </method>
                <method name="&lt;anonymous&gt;" hits="1" signature="()V">
                  <lines>
                    <line number="186" hits="1"/>
                  </lines>
                </method>
                <method name="&lt;anonymous&gt;" hits="1" signature="()V">
                  <lines>
                    <line number="187" hits="1"/>
                  </lines>
                </method>
                <method name="&lt;anonymous&gt;" hits="1" signature="()V">
                  <lines>
                    <line number="221" hits="1"/>
                  </lines>
                </method>
                <method name="&lt;anonymous&gt;" hits="1" signature="()V">
                  <lines>
                    <line number="235" hits="1"/>
                  </lines>
                </method>
                <method name="&lt;anonymous&gt;" hits="1" signature="()V">
                  <lines>
                    <line number="246" hits="1"/>
                  </lines>
                </method>
                <method name="&lt;anonymous&gt;" hits="1" signature="()V">
                  <lines>
                    <line number="247" hits="1"/>
                  </lines>
                </method>
                <method name="&lt;anonymous&gt;" hits="1" signature="()V">
                  <lines>
                    <line number="264" hits="1"/>
                  </lines>
                </method>
                <method name="&lt;anonymous&gt;" hits="1" signature="()V">
                  <lines>
                    <line number="272" hits="1"/>
                  </lines>
                </method>
                <method name="&lt;anonymous&gt;" hits="1" signature="()V">
                  <lines>
                    <line number="281" hits="1"/>
                  </lines>
                </method>
              </methods>
              <lines>
                <line number="2" hits="1" branch="false"/>
                <line number="3" hits="1" branch="false"/>
                <line number="4" hits="1" branch="false"/>
                <line number="5" hits="1" branch="false"/>
                <line number="6" hits="1" branch="false"/>
                <line number="7" hits="1" branch="false"/>
                <line number="8" hits="1" branch="false"/>
                <line number="9" hits="1" branch="false"/>
                <line number="10" hits="1" branch="false"/>
                <line number="11" hits="1" branch="false"/>
                <line number="12" hits="1" branch="false"/>
                <line number="13" hits="1" branch="false"/>
                <line number="14" hits="1" branch="false"/>
                <line number="15" hits="1" branch="false"/>
                <line number="16" hits="1" branch="false"/>
                <line number="17" hits="1" branch="false"/>
                <line number="18" hits="1" branch="false"/>
                <line number="20" hits="1" branch="false"/>
                <line number="22" hits="9" branch="false"/>
                <line number="27" hits="1" branch="false"/>
                <line number="28" hits="15" branch="false"/>
                <line number="31" hits="1" branch="false"/>
                <line number="32" hits="1" branch="false"/>
                <line number="36" hits="1" branch="false"/>
                <line number="37" hits="1" branch="false"/>
                <line number="41" hits="1" branch="false"/>
                <line number="42" hits="1" branch="false"/>
                <line number="46" hits="1" branch="false"/>
                <line number="49" hits="1" branch="false"/>
                <line number="53" hits="1" branch="false"/>
                <line number="55" hits="1" branch="false"/>
                <line number="56" hits="1" branch="false"/>
                <line number="61" hits="1" branch="false"/>
                <line number="63" hits="1" branch="false"/>
                <line number="65" hits="1" branch="false"/>
                <line number="67" hits="1" branch="false"/>
                <line number="70" hits="1" branch="false"/>
                <line number="74" hits="1" branch="false"/>
                <line number="76" hits="1" branch="false"/>
                <line number="77" hits="1" branch="false"/>
                <line number="81" hits="1" branch="false"/>
                <line number="84" hits="1" branch="false"/>
                <line number="86" hits="1" branch="false"/>
                <line number="90" hits="1" branch="false"/>
                <line number="91" hits="1" branch="false"/>
                <line number="95" hits="1" branch="false"/>
                <line number="97" hits="1" branch="false"/>
                <line number="98" hits="1" branch="false"/>
                <line number="102" hits="1" branch="false"/>
                <line number="104" hits="1" branch="false"/>
                <line number="106" hits="1" branch="false"/>
                <line number="108" hits="1" branch="false"/>
                <line number="110" hits="1" branch="true" condition-coverage="0% (0/2)"/>
                <line number="111" hits="0" branch="false"/>
                <line number="113" hits="1" branch="false"/>
                <line number="114" hits="1" branch="false"/>
                <line number="115" hits="1" branch="false"/>
                <line number="117" hits="1" branch="false"/>
                <line number="119" hits="1" branch="false"/>
                <line number="121" hits="1" branch="false"/>
                <line number="124" hits="1" branch="false"/>
                <line number="129" hits="0" branch="false"/>
                <line number="130" hits="0" branch="false"/>
                <line number="134" hits="0" branch="false"/>
                <line number="136" hits="1" branch="false"/>
                <line number="140" hits="1" branch="false"/>
                <line number="141" hits="1" branch="false"/>
                <line number="145" hits="1" branch="false"/>
                <line number="147" hits="1" branch="false"/>
                <line number="148" hits="1" branch="false"/>
                <line number="152" hits="1" branch="false"/>
                <line number="154" hits="1" branch="false"/>
                <line number="155" hits="1" branch="false"/>
                <line number="159" hits="1" branch="false"/>
                <line number="160" hits="1" branch="false"/>
                <line number="164" hits="1" branch="false"/>
                <line number="165" hits="1" branch="false"/>
                <line number="166" hits="1" branch="false"/>
                <line number="170" hits="1" branch="false"/>
                <line number="171" hits="1" branch="false"/>
                <line number="175" hits="1" branch="false"/>
                <line number="176" hits="1" branch="false"/>
                <line number="180" hits="1" branch="false"/>
                <line number="181" hits="1" branch="false"/>
                <line number="182" hits="1" branch="false"/>
                <line number="183" hits="1" branch="false"/>
                <line number="187" hits="1" branch="false"/>
                <line number="188" hits="1" branch="false"/>
                <line number="192" hits="1" branch="false"/>
                <line number="193" hits="1" branch="false"/>
                <line number="198" hits="1" branch="false"/>
                <line number="199" hits="1" branch="false"/>
                <line number="200" hits="1" branch="false"/>
                <line number="202" hits="1" branch="false"/>
                <line number="204" hits="1" branch="false"/>
                <line number="205" hits="1" branch="false"/>
                <line number="207" hits="1" branch="false"/>
                <line number="209" hits="1" branch="false"/>
                <line number="210" hits="1" branch="false"/>
                <line number="212" hits="1" branch="false"/>
                <line number="214" hits="1" branch="false"/>
                <line number="215" hits="1" branch="false"/>
                <line number="217" hits="1" branch="false"/>
                <line number="219" hits="1" branch="false"/>
                <line number="222" hits="1" branch="false"/>
                <line number="226" hits="1" branch="false"/>
                <line number="227" hits="1" branch="false"/>
                <line number="230" hits="1" branch="false"/>
                <line number="233" hits="1" branch="false"/>
                <line number="236" hits="1" branch="false"/>
                <line number="240" hits="1" branch="false"/>
                <line number="243" hits="1" branch="false"/>
                <line number="247" hits="1" branch="false"/>
                <line number="248" hits="1" branch="false"/>
                <line number="252" hits="1" branch="false"/>
                <line number="253" hits="1" branch="false"/>
                <line number="256" hits="1" branch="false"/>
                <line number="257" hits="1" branch="false"/>
                <line number="258" hits="1" branch="false"/>
                <line number="260" hits="1" branch="false"/>
                <line number="262" hits="1" branch="false"/>
                <line number="265" hits="1" branch="false"/>
                <line number="269" hits="1" branch="false"/>
                <line number="270" hits="1" branch="false"/>
                <line number="273" hits="1" branch="false"/>
                <line number="277" hits="1" branch="false"/>
                <line number="278" hits="1" branch="false"/>
                <line number="282" hits="1" branch="false"/>
                <line number="284" hits="1" branch="false"/>
                <line number="286" hits="1" branch="false"/>
                <line number="288" hits="1" branch="false"/>
              </lines>
            </class>
          </classes>
        </package>
        <package name="utils" line-rate="1" branch-rate="0.5">
          <classes>
            <class name="increment.test.luau" filename="out/tests/utils/increment.test.luau" line-rate="1" branch-rate="0.5">
              <methods>
                <method name="&lt;anonymous&gt;" hits="1" signature="()V">
                  <lines>
                    <line number="9" hits="1"/>
                  </lines>
                </method>
                <method name="&lt;anonymous&gt;" hits="1" signature="()V">
                  <lines>
                    <line number="16" hits="1"/>
                  </lines>
                </method>
                <method name="&lt;anonymous&gt;" hits="1" signature="()V">
                  <lines>
                    <line number="17" hits="1"/>
                  </lines>
                </method>
                <method name="&lt;anonymous&gt;" hits="1" signature="()V">
                  <lines>
                    <line number="20" hits="1"/>
                  </lines>
                </method>
              </methods>
              <lines>
                <line number="2" hits="1" branch="false"/>
                <line number="3" hits="1" branch="false"/>
                <line number="4" hits="1" branch="false"/>
                <line number="5" hits="1" branch="false"/>
                <line number="6" hits="1" branch="false"/>
                <line number="7" hits="1" branch="false"/>
                <line number="8" hits="1" branch="false"/>
                <line number="10" hits="1" branch="false"/>
                <line number="12" hits="2" branch="false"/>
                <line number="17" hits="1" branch="false"/>
                <line number="18" hits="1" branch="false"/>
                <line number="21" hits="1" branch="false"/>
              </lines>
            </class>
          </classes>
        </package>
      </classes>
    </package>
  </packages>
</coverage>
