{"/Users/teakzc/Documents/GitHub/inventory/out/client/component/button.luau": {"path":"/Users/teakzc/Documents/GitHub/inventory/out/client/component/button.luau","statementMap":{"1":{"start":{"column":0,"line":2},"end":{"column":0,"line":2}},"2":{"start":{"column":0,"line":3},"end":{"column":0,"line":3}},"3":{"start":{"column":0,"line":5},"end":{"column":0,"line":5}},"4":{"start":{"column":0,"line":6},"end":{"column":0,"line":6}},"5":{"start":{"column":0,"line":7},"end":{"column":0,"line":7}},"6":{"start":{"column":0,"line":8},"end":{"column":0,"line":8}},"7":{"start":{"column":0,"line":9},"end":{"column":0,"line":9}},"8":{"start":{"column":0,"line":10},"end":{"column":0,"line":10}},"9":{"start":{"column":0,"line":11},"end":{"column":0,"line":11}},"10":{"start":{"column":0,"line":13},"end":{"column":0,"line":13}},"11":{"start":{"column":0,"line":15},"end":{"column":0,"line":15}},"12":{"start":{"column":0,"line":17},"end":{"column":0,"line":17}},"13":{"start":{"column":0,"line":18},"end":{"column":0,"line":18}},"14":{"start":{"column":0,"line":22},"end":{"column":0,"line":22}},"15":{"start":{"column":0,"line":23},"end":{"column":0,"line":23}},"16":{"start":{"column":0,"line":28},"end":{"column":0,"line":28}},"17":{"start":{"column":0,"line":29},"end":{"column":0,"line":29}},"18":{"start":{"column":0,"line":34},"end":{"column":0,"line":34}},"19":{"start":{"column":0,"line":35},"end":{"column":0,"line":35}},"20":{"start":{"column":0,"line":37},"end":{"column":0,"line":37}},"21":{"start":{"column":0,"line":39},"end":{"column":0,"line":39}},"22":{"start":{"column":0,"line":40},"end":{"column":0,"line":40}},"23":{"start":{"column":0,"line":41},"end":{"column":0,"line":41}},"24":{"start":{"column":0,"line":42},"end":{"column":0,"line":42}},"25":{"start":{"column":0,"line":43},"end":{"column":0,"line":43}},"26":{"start":{"column":0,"line":44},"end":{"column":0,"line":44}},"27":{"start":{"column":0,"line":45},"end":{"column":0,"line":45}},"28":{"start":{"column":0,"line":46},"end":{"column":0,"line":46}},"29":{"start":{"column":0,"line":48},"end":{"column":0,"line":48}},"30":{"start":{"column":0,"line":50},"end":{"column":0,"line":50}},"31":{"start":{"column":0,"line":51},"end":{"column":0,"line":51}},"32":{"start":{"column":0,"line":52},"end":{"column":0,"line":52}},"33":{"start":{"column":0,"line":53},"end":{"column":0,"line":53}},"34":{"start":{"column":0,"line":54},"end":{"column":0,"line":54}},"35":{"start":{"column":0,"line":55},"end":{"column":0,"line":55}},"36":{"start":{"column":0,"line":56},"end":{"column":0,"line":56}},"37":{"start":{"column":0,"line":57},"end":{"column":0,"line":57}},"38":{"start":{"column":0,"line":58},"end":{"column":0,"line":58}},"39":{"start":{"column":0,"line":62},"end":{"column":0,"line":62}}},"b":{"1":[0,0],"2":[0,0],"3":[0,0],"4":[0,0],"5":[0,0],"6":[0,0]},"fnMap":{"1":{"loc":{"start":{"column":0,"line":4},"end":{"column":0,"line":4}},"decl":{"start":{"column":0,"line":4},"end":{"column":0,"line":4}},"name":"Button","line":4},"2":{"loc":{"start":{"column":0,"line":16},"end":{"column":0,"line":16}},"decl":{"start":{"column":0,"line":16},"end":{"column":0,"line":16}},"name":"<anonymous>","line":16},"3":{"loc":{"start":{"column":0,"line":21},"end":{"column":0,"line":21}},"decl":{"start":{"column":0,"line":21},"end":{"column":0,"line":21}},"name":"<anonymous>","line":21},"4":{"loc":{"start":{"column":0,"line":27},"end":{"column":0,"line":27}},"decl":{"start":{"column":0,"line":27},"end":{"column":0,"line":27}},"name":"<anonymous>","line":27}},"s":{"1":0,"2":0,"3":0,"4":0,"5":0,"6":0,"7":0,"8":0,"9":0,"10":0,"11":0,"12":0,"13":0,"14":0,"15":0,"16":0,"17":0,"18":0,"19":0,"20":0,"21":0,"22":0,"23":0,"24":0,"25":0,"26":0,"27":0,"28":0,"29":0,"30":0,"31":0,"32":0,"33":0,"34":0,"35":0,"36":0,"37":0,"38":0,"39":0},"branchMap":{"1":{"loc":{"start":{"column":0,"line":13},"end":{"column":0,"line":13}},"type":"if","locations":[{"start":{"column":0,"line":13},"end":{"column":0,"line":13}},{"start":{"column":0,"line":14},"end":{"column":0,"line":14}}],"line":12},"2":{"loc":{"start":{"column":0,"line":18},"end":{"column":0,"line":18}},"type":"if","locations":[{"start":{"column":0,"line":18},"end":{"column":0,"line":18}},{"start":{"column":0,"line":19},"end":{"column":0,"line":19}}],"line":17},"3":{"loc":{"start":{"column":0,"line":23},"end":{"column":0,"line":23}},"type":"if","locations":[{"start":{"column":0,"line":23},"end":{"column":0,"line":23}},{"start":{"column":0,"line":24},"end":{"column":0,"line":24}}],"line":22},"4":{"loc":{"start":{"column":0,"line":29},"end":{"column":0,"line":29}},"type":"if","locations":[{"start":{"column":0,"line":29},"end":{"column":0,"line":29}},{"start":{"column":0,"line":30},"end":{"column":0,"line":30}}],"line":28},"5":{"loc":{"start":{"column":0,"line":37},"end":{"column":0,"line":37}},"type":"if","locations":[{"start":{"column":0,"line":37},"end":{"column":0,"line":37}},{"start":{"column":0,"line":38},"end":{"column":0,"line":38}}],"line":36},"6":{"loc":{"start":{"column":0,"line":48},"end":{"column":0,"line":48}},"type":"if","locations":[{"start":{"column":0,"line":48},"end":{"column":0,"line":48}},{"start":{"column":0,"line":49},"end":{"column":0,"line":49}}],"line":47}},"f":{"1":0,"2":0,"3":0,"4":0}}
,"/Users/teakzc/Documents/GitHub/inventory/out/client/component/selector.luau": {"path":"/Users/teakzc/Documents/GitHub/inventory/out/client/component/selector.luau","statementMap":{"559":{"start":{"column":0,"line":2},"end":{"column":0,"line":2}},"560":{"start":{"column":0,"line":3},"end":{"column":0,"line":3}},"561":{"start":{"column":0,"line":4},"end":{"column":0,"line":4}},"562":{"start":{"column":0,"line":5},"end":{"column":0,"line":5}},"563":{"start":{"column":0,"line":6},"end":{"column":0,"line":6}},"564":{"start":{"column":0,"line":7},"end":{"column":0,"line":7}},"565":{"start":{"column":0,"line":8},"end":{"column":0,"line":8}},"566":{"start":{"column":0,"line":9},"end":{"column":0,"line":9}},"567":{"start":{"column":0,"line":10},"end":{"column":0,"line":10}},"568":{"start":{"column":0,"line":11},"end":{"column":0,"line":11}},"569":{"start":{"column":0,"line":12},"end":{"column":0,"line":12}},"570":{"start":{"column":0,"line":13},"end":{"column":0,"line":13}},"571":{"start":{"column":0,"line":14},"end":{"column":0,"line":14}},"572":{"start":{"column":0,"line":15},"end":{"column":0,"line":15}},"573":{"start":{"column":0,"line":17},"end":{"column":0,"line":17}},"574":{"start":{"column":0,"line":18},"end":{"column":0,"line":18}},"575":{"start":{"column":0,"line":19},"end":{"column":0,"line":19}},"576":{"start":{"column":0,"line":20},"end":{"column":0,"line":20}},"577":{"start":{"column":0,"line":21},"end":{"column":0,"line":21}},"578":{"start":{"column":0,"line":23},"end":{"column":0,"line":23}},"579":{"start":{"column":0,"line":24},"end":{"column":0,"line":24}},"580":{"start":{"column":0,"line":30},"end":{"column":0,"line":30}},"581":{"start":{"column":0,"line":36},"end":{"column":0,"line":36}},"582":{"start":{"column":0,"line":43},"end":{"column":0,"line":43}},"583":{"start":{"column":0,"line":48},"end":{"column":0,"line":48}},"584":{"start":{"column":0,"line":51},"end":{"column":0,"line":51}},"585":{"start":{"column":0,"line":52},"end":{"column":0,"line":52}},"586":{"start":{"column":0,"line":55},"end":{"column":0,"line":55}},"587":{"start":{"column":0,"line":58},"end":{"column":0,"line":58}},"588":{"start":{"column":0,"line":59},"end":{"column":0,"line":59}},"589":{"start":{"column":0,"line":60},"end":{"column":0,"line":60}},"590":{"start":{"column":0,"line":82},"end":{"column":0,"line":82}},"591":{"start":{"column":0,"line":97},"end":{"column":0,"line":97}},"592":{"start":{"column":0,"line":99},"end":{"column":0,"line":99}},"593":{"start":{"column":0,"line":106},"end":{"column":0,"line":106}},"594":{"start":{"column":0,"line":108},"end":{"column":0,"line":108}},"595":{"start":{"column":0,"line":115},"end":{"column":0,"line":115}},"596":{"start":{"column":0,"line":117},"end":{"column":0,"line":117}},"597":{"start":{"column":0,"line":124},"end":{"column":0,"line":124}},"598":{"start":{"column":0,"line":128},"end":{"column":0,"line":128}}},"b":{"80":[0,0,0]},"fnMap":{"103":{"loc":{"start":{"column":0,"line":16},"end":{"column":0,"line":16}},"decl":{"start":{"column":0,"line":16},"end":{"column":0,"line":16}},"name":"SelectorButtons","line":16},"104":{"loc":{"start":{"column":0,"line":22},"end":{"column":0,"line":22}},"decl":{"start":{"column":0,"line":22},"end":{"column":0,"line":22}},"name":"<anonymous>","line":22},"105":{"loc":{"start":{"column":0,"line":47},"end":{"column":0,"line":47}},"decl":{"start":{"column":0,"line":47},"end":{"column":0,"line":47}},"name":"<anonymous>","line":47},"106":{"loc":{"start":{"column":0,"line":50},"end":{"column":0,"line":50}},"decl":{"start":{"column":0,"line":50},"end":{"column":0,"line":50}},"name":"<anonymous>","line":50},"107":{"loc":{"start":{"column":0,"line":54},"end":{"column":0,"line":54}},"decl":{"start":{"column":0,"line":54},"end":{"column":0,"line":54}},"name":"<anonymous>","line":54},"108":{"loc":{"start":{"column":0,"line":57},"end":{"column":0,"line":57}},"decl":{"start":{"column":0,"line":57},"end":{"column":0,"line":57}},"name":"<anonymous>","line":57},"109":{"loc":{"start":{"column":0,"line":81},"end":{"column":0,"line":81}},"decl":{"start":{"column":0,"line":81},"end":{"column":0,"line":81}},"name":"EXAMPLE_SELECTOR","line":81},"110":{"loc":{"start":{"column":0,"line":96},"end":{"column":0,"line":96}},"decl":{"start":{"column":0,"line":96},"end":{"column":0,"line":96}},"name":"<anonymous>","line":96},"111":{"loc":{"start":{"column":0,"line":98},"end":{"column":0,"line":98}},"decl":{"start":{"column":0,"line":98},"end":{"column":0,"line":98}},"name":"<anonymous>","line":98},"112":{"loc":{"start":{"column":0,"line":105},"end":{"column":0,"line":105}},"decl":{"start":{"column":0,"line":105},"end":{"column":0,"line":105}},"name":"<anonymous>","line":105},"113":{"loc":{"start":{"column":0,"line":107},"end":{"column":0,"line":107}},"decl":{"start":{"column":0,"line":107},"end":{"column":0,"line":107}},"name":"<anonymous>","line":107},"114":{"loc":{"start":{"column":0,"line":114},"end":{"column":0,"line":114}},"decl":{"start":{"column":0,"line":114},"end":{"column":0,"line":114}},"name":"<anonymous>","line":114},"115":{"loc":{"start":{"column":0,"line":116},"end":{"column":0,"line":116}},"decl":{"start":{"column":0,"line":116},"end":{"column":0,"line":116}},"name":"<anonymous>","line":116},"116":{"loc":{"start":{"column":0,"line":123},"end":{"column":0,"line":123}},"decl":{"start":{"column":0,"line":123},"end":{"column":0,"line":123}},"name":"<anonymous>","line":123}},"s":{"559":0,"560":0,"561":0,"562":0,"563":0,"564":0,"565":0,"566":0,"567":0,"568":0,"569":0,"570":0,"571":0,"572":0,"573":0,"574":0,"575":0,"576":0,"577":0,"578":0,"579":0,"580":0,"581":0,"582":0,"583":0,"584":0,"585":0,"586":0,"587":0,"588":0,"589":0,"590":0,"591":0,"592":0,"593":0,"594":0,"595":0,"596":0,"597":0,"598":0},"branchMap":{"80":{"loc":{"start":{"column":0,"line":24},"end":{"column":0,"line":24}},"type":"if","locations":[{"start":{"column":0,"line":24},"end":{"column":0,"line":24}},{"start":{"column":0,"line":30},"end":{"column":0,"line":30}},{"start":{"column":0,"line":36},"end":{"column":0,"line":36}}],"line":23}},"f":{"103":0,"104":0,"105":0,"106":0,"107":0,"108":0,"109":0,"110":0,"111":0,"112":0,"113":0,"114":0,"115":0,"116":0}}
,"/Users/teakzc/Documents/GitHub/inventory/out/lib/client/atoms.luau": {"path":"/Users/teakzc/Documents/GitHub/inventory/out/lib/client/atoms.luau","statementMap":{"865":{"start":{"column":0,"line":2},"end":{"column":0,"line":2}},"866":{"start":{"column":0,"line":3},"end":{"column":0,"line":3}},"867":{"start":{"column":0,"line":4},"end":{"column":0,"line":4}},"868":{"start":{"column":0,"line":5},"end":{"column":0,"line":5}},"869":{"start":{"column":0,"line":6},"end":{"column":0,"line":6}},"870":{"start":{"column":0,"line":7},"end":{"column":0,"line":7}},"871":{"start":{"column":0,"line":13},"end":{"column":0,"line":13}},"872":{"start":{"column":0,"line":19},"end":{"column":0,"line":19}},"873":{"start":{"column":0,"line":25},"end":{"column":0,"line":25}},"874":{"start":{"column":0,"line":31},"end":{"column":0,"line":31}},"875":{"start":{"column":0,"line":32},"end":{"column":0,"line":32}},"876":{"start":{"column":0,"line":34},"end":{"column":0,"line":34}},"877":{"start":{"column":0,"line":35},"end":{"column":0,"line":35}},"878":{"start":{"column":0,"line":37},"end":{"column":0,"line":37}},"879":{"start":{"column":0,"line":39},"end":{"column":0,"line":39}},"880":{"start":{"column":0,"line":41},"end":{"column":0,"line":41}},"881":{"start":{"column":0,"line":43},"end":{"column":0,"line":43}},"882":{"start":{"column":0,"line":45},"end":{"column":0,"line":45}},"883":{"start":{"column":0,"line":50},"end":{"column":0,"line":50}},"884":{"start":{"column":0,"line":51},"end":{"column":0,"line":51}}},"b":{"94":[0,0],"95":[2,0]},"fnMap":{"169":{"loc":{"start":{"column":0,"line":33},"end":{"column":0,"line":33}},"decl":{"start":{"column":0,"line":33},"end":{"column":0,"line":33}},"name":"<anonymous>","line":33}},"s":{"865":2,"866":2,"867":2,"868":2,"869":2,"870":2,"871":2,"872":2,"873":2,"874":2,"875":2,"876":2,"877":2,"878":0,"879":2,"880":2,"881":2,"882":2,"883":2,"884":2},"branchMap":{"94":{"loc":{"start":{"column":0,"line":37},"end":{"column":0,"line":37}},"type":"if","locations":[{"start":{"column":0,"line":37},"end":{"column":0,"line":37}},{"start":{"column":0,"line":38},"end":{"column":0,"line":38}}],"line":36},"95":{"loc":{"start":{"column":0,"line":41},"end":{"column":0,"line":41}},"type":"if","locations":[{"start":{"column":0,"line":41},"end":{"column":0,"line":41}},{"start":{"column":0,"line":42},"end":{"column":0,"line":42}}],"line":40}},"f":{"169":2}}
,"/Users/teakzc/Documents/GitHub/inventory/out/lib/client/core.luau": {"path":"/Users/teakzc/Documents/GitHub/inventory/out/lib/client/core.luau","statementMap":{"135":{"start":{"column":0,"line":2},"end":{"column":0,"line":2}},"136":{"start":{"column":0,"line":3},"end":{"column":0,"line":3}},"137":{"start":{"column":0,"line":4},"end":{"column":0,"line":4}},"138":{"start":{"column":0,"line":5},"end":{"column":0,"line":5}},"139":{"start":{"column":0,"line":6},"end":{"column":0,"line":6}},"140":{"start":{"column":0,"line":7},"end":{"column":0,"line":7}},"141":{"start":{"column":0,"line":8},"end":{"column":0,"line":8}},"142":{"start":{"column":0,"line":9},"end":{"column":0,"line":9}},"143":{"start":{"column":0,"line":10},"end":{"column":0,"line":10}},"144":{"start":{"column":0,"line":11},"end":{"column":0,"line":11}},"145":{"start":{"column":0,"line":12},"end":{"column":0,"line":12}},"146":{"start":{"column":0,"line":13},"end":{"column":0,"line":13}},"147":{"start":{"column":0,"line":14},"end":{"column":0,"line":14}},"148":{"start":{"column":0,"line":15},"end":{"column":0,"line":15}},"149":{"start":{"column":0,"line":16},"end":{"column":0,"line":16}},"150":{"start":{"column":0,"line":17},"end":{"column":0,"line":17}},"151":{"start":{"column":0,"line":18},"end":{"column":0,"line":18}},"152":{"start":{"column":0,"line":19},"end":{"column":0,"line":19}},"153":{"start":{"column":0,"line":20},"end":{"column":0,"line":20}},"154":{"start":{"column":0,"line":21},"end":{"column":0,"line":21}},"155":{"start":{"column":0,"line":22},"end":{"column":0,"line":22}},"156":{"start":{"column":0,"line":23},"end":{"column":0,"line":23}},"157":{"start":{"column":0,"line":24},"end":{"column":0,"line":24}},"158":{"start":{"column":0,"line":25},"end":{"column":0,"line":25}},"159":{"start":{"column":0,"line":27},"end":{"column":0,"line":27}},"160":{"start":{"column":0,"line":28},"end":{"column":0,"line":28}},"161":{"start":{"column":0,"line":30},"end":{"column":0,"line":30}},"162":{"start":{"column":0,"line":32},"end":{"column":0,"line":32}},"163":{"start":{"column":0,"line":34},"end":{"column":0,"line":34}},"164":{"start":{"column":0,"line":36},"end":{"column":0,"line":36}},"165":{"start":{"column":0,"line":38},"end":{"column":0,"line":38}},"166":{"start":{"column":0,"line":40},"end":{"column":0,"line":40}},"167":{"start":{"column":0,"line":42},"end":{"column":0,"line":42}},"168":{"start":{"column":0,"line":50},"end":{"column":0,"line":50}},"169":{"start":{"column":0,"line":52},"end":{"column":0,"line":52}},"170":{"start":{"column":0,"line":55},"end":{"column":0,"line":55}},"171":{"start":{"column":0,"line":72},"end":{"column":0,"line":72}},"172":{"start":{"column":0,"line":74},"end":{"column":0,"line":74}},"173":{"start":{"column":0,"line":76},"end":{"column":0,"line":76}},"174":{"start":{"column":0,"line":78},"end":{"column":0,"line":78}},"175":{"start":{"column":0,"line":80},"end":{"column":0,"line":80}},"176":{"start":{"column":0,"line":82},"end":{"column":0,"line":82}},"177":{"start":{"column":0,"line":84},"end":{"column":0,"line":84}},"178":{"start":{"column":0,"line":86},"end":{"column":0,"line":86}},"179":{"start":{"column":0,"line":88},"end":{"column":0,"line":88}},"180":{"start":{"column":0,"line":89},"end":{"column":0,"line":89}},"181":{"start":{"column":0,"line":90},"end":{"column":0,"line":90}},"182":{"start":{"column":0,"line":91},"end":{"column":0,"line":91}},"183":{"start":{"column":0,"line":92},"end":{"column":0,"line":92}},"184":{"start":{"column":0,"line":93},"end":{"column":0,"line":93}},"185":{"start":{"column":0,"line":94},"end":{"column":0,"line":94}},"186":{"start":{"column":0,"line":95},"end":{"column":0,"line":95}},"187":{"start":{"column":0,"line":96},"end":{"column":0,"line":96}},"188":{"start":{"column":0,"line":98},"end":{"column":0,"line":98}},"189":{"start":{"column":0,"line":100},"end":{"column":0,"line":100}},"190":{"start":{"column":0,"line":103},"end":{"column":0,"line":103}},"191":{"start":{"column":0,"line":105},"end":{"column":0,"line":105}},"192":{"start":{"column":0,"line":108},"end":{"column":0,"line":108}},"193":{"start":{"column":0,"line":109},"end":{"column":0,"line":109}},"194":{"start":{"column":0,"line":130},"end":{"column":0,"line":130}},"195":{"start":{"column":0,"line":131},"end":{"column":0,"line":131}},"196":{"start":{"column":0,"line":133},"end":{"column":0,"line":133}},"197":{"start":{"column":0,"line":135},"end":{"column":0,"line":135}},"198":{"start":{"column":0,"line":138},"end":{"column":0,"line":138}},"199":{"start":{"column":0,"line":189},"end":{"column":0,"line":189}},"200":{"start":{"column":0,"line":192},"end":{"column":0,"line":192}},"201":{"start":{"column":0,"line":194},"end":{"column":0,"line":194}},"202":{"start":{"column":0,"line":195},"end":{"column":0,"line":195}},"203":{"start":{"column":0,"line":197},"end":{"column":0,"line":197}},"204":{"start":{"column":0,"line":198},"end":{"column":0,"line":198}},"205":{"start":{"column":0,"line":202},"end":{"column":0,"line":202}},"206":{"start":{"column":0,"line":203},"end":{"column":0,"line":203}},"207":{"start":{"column":0,"line":206},"end":{"column":0,"line":206}},"208":{"start":{"column":0,"line":208},"end":{"column":0,"line":208}},"209":{"start":{"column":0,"line":209},"end":{"column":0,"line":209}},"210":{"start":{"column":0,"line":211},"end":{"column":0,"line":211}},"211":{"start":{"column":0,"line":212},"end":{"column":0,"line":212}},"212":{"start":{"column":0,"line":216},"end":{"column":0,"line":216}},"213":{"start":{"column":0,"line":217},"end":{"column":0,"line":217}},"214":{"start":{"column":0,"line":227},"end":{"column":0,"line":227}},"215":{"start":{"column":0,"line":229},"end":{"column":0,"line":229}},"216":{"start":{"column":0,"line":230},"end":{"column":0,"line":230}},"217":{"start":{"column":0,"line":242},"end":{"column":0,"line":242}},"218":{"start":{"column":0,"line":244},"end":{"column":0,"line":244}},"219":{"start":{"column":0,"line":246},"end":{"column":0,"line":246}},"220":{"start":{"column":0,"line":248},"end":{"column":0,"line":248}},"221":{"start":{"column":0,"line":251},"end":{"column":0,"line":251}},"222":{"start":{"column":0,"line":253},"end":{"column":0,"line":253}},"223":{"start":{"column":0,"line":254},"end":{"column":0,"line":254}},"224":{"start":{"column":0,"line":256},"end":{"column":0,"line":256}},"225":{"start":{"column":0,"line":257},"end":{"column":0,"line":257}},"226":{"start":{"column":0,"line":261},"end":{"column":0,"line":261}},"227":{"start":{"column":0,"line":263},"end":{"column":0,"line":263}},"228":{"start":{"column":0,"line":265},"end":{"column":0,"line":265}},"229":{"start":{"column":0,"line":267},"end":{"column":0,"line":267}},"230":{"start":{"column":0,"line":270},"end":{"column":0,"line":270}},"231":{"start":{"column":0,"line":273},"end":{"column":0,"line":273}},"232":{"start":{"column":0,"line":275},"end":{"column":0,"line":275}},"233":{"start":{"column":0,"line":276},"end":{"column":0,"line":276}},"234":{"start":{"column":0,"line":278},"end":{"column":0,"line":278}},"235":{"start":{"column":0,"line":279},"end":{"column":0,"line":279}},"236":{"start":{"column":0,"line":283},"end":{"column":0,"line":283}},"237":{"start":{"column":0,"line":285},"end":{"column":0,"line":285}},"238":{"start":{"column":0,"line":288},"end":{"column":0,"line":288}},"239":{"start":{"column":0,"line":291},"end":{"column":0,"line":291}},"240":{"start":{"column":0,"line":297},"end":{"column":0,"line":297}},"241":{"start":{"column":0,"line":298},"end":{"column":0,"line":298}},"242":{"start":{"column":0,"line":300},"end":{"column":0,"line":300}},"243":{"start":{"column":0,"line":312},"end":{"column":0,"line":312}},"244":{"start":{"column":0,"line":313},"end":{"column":0,"line":313}},"245":{"start":{"column":0,"line":314},"end":{"column":0,"line":314}},"246":{"start":{"column":0,"line":315},"end":{"column":0,"line":315}},"247":{"start":{"column":0,"line":316},"end":{"column":0,"line":316}},"248":{"start":{"column":0,"line":318},"end":{"column":0,"line":318}},"249":{"start":{"column":0,"line":319},"end":{"column":0,"line":319}},"250":{"start":{"column":0,"line":331},"end":{"column":0,"line":331}},"251":{"start":{"column":0,"line":332},"end":{"column":0,"line":332}},"252":{"start":{"column":0,"line":333},"end":{"column":0,"line":333}},"253":{"start":{"column":0,"line":335},"end":{"column":0,"line":335}},"254":{"start":{"column":0,"line":336},"end":{"column":0,"line":336}},"255":{"start":{"column":0,"line":345},"end":{"column":0,"line":345}},"256":{"start":{"column":0,"line":347},"end":{"column":0,"line":347}},"257":{"start":{"column":0,"line":349},"end":{"column":0,"line":349}},"258":{"start":{"column":0,"line":350},"end":{"column":0,"line":350}},"259":{"start":{"column":0,"line":356},"end":{"column":0,"line":356}},"260":{"start":{"column":0,"line":359},"end":{"column":0,"line":359}},"261":{"start":{"column":0,"line":361},"end":{"column":0,"line":361}},"262":{"start":{"column":0,"line":362},"end":{"column":0,"line":362}},"263":{"start":{"column":0,"line":364},"end":{"column":0,"line":364}},"264":{"start":{"column":0,"line":365},"end":{"column":0,"line":365}},"265":{"start":{"column":0,"line":369},"end":{"column":0,"line":369}},"266":{"start":{"column":0,"line":371},"end":{"column":0,"line":371}},"267":{"start":{"column":0,"line":375},"end":{"column":0,"line":375}},"268":{"start":{"column":0,"line":381},"end":{"column":0,"line":381}},"269":{"start":{"column":0,"line":384},"end":{"column":0,"line":384}},"270":{"start":{"column":0,"line":387},"end":{"column":0,"line":387}},"271":{"start":{"column":0,"line":389},"end":{"column":0,"line":389}},"272":{"start":{"column":0,"line":390},"end":{"column":0,"line":390}},"273":{"start":{"column":0,"line":392},"end":{"column":0,"line":392}},"274":{"start":{"column":0,"line":393},"end":{"column":0,"line":393}},"275":{"start":{"column":0,"line":397},"end":{"column":0,"line":397}},"276":{"start":{"column":0,"line":399},"end":{"column":0,"line":399}},"277":{"start":{"column":0,"line":402},"end":{"column":0,"line":402}},"278":{"start":{"column":0,"line":409},"end":{"column":0,"line":409}},"279":{"start":{"column":0,"line":412},"end":{"column":0,"line":412}},"280":{"start":{"column":0,"line":414},"end":{"column":0,"line":414}},"281":{"start":{"column":0,"line":415},"end":{"column":0,"line":415}},"282":{"start":{"column":0,"line":417},"end":{"column":0,"line":417}},"283":{"start":{"column":0,"line":418},"end":{"column":0,"line":418}},"284":{"start":{"column":0,"line":422},"end":{"column":0,"line":422}},"285":{"start":{"column":0,"line":424},"end":{"column":0,"line":424}},"286":{"start":{"column":0,"line":427},"end":{"column":0,"line":427}},"287":{"start":{"column":0,"line":429},"end":{"column":0,"line":429}},"288":{"start":{"column":0,"line":430},"end":{"column":0,"line":430}},"289":{"start":{"column":0,"line":431},"end":{"column":0,"line":431}},"290":{"start":{"column":0,"line":432},"end":{"column":0,"line":432}},"291":{"start":{"column":0,"line":438},"end":{"column":0,"line":438}},"292":{"start":{"column":0,"line":442},"end":{"column":0,"line":442}},"293":{"start":{"column":0,"line":449},"end":{"column":0,"line":449}},"294":{"start":{"column":0,"line":452},"end":{"column":0,"line":452}},"295":{"start":{"column":0,"line":454},"end":{"column":0,"line":454}},"296":{"start":{"column":0,"line":455},"end":{"column":0,"line":455}},"297":{"start":{"column":0,"line":457},"end":{"column":0,"line":457}},"298":{"start":{"column":0,"line":458},"end":{"column":0,"line":458}},"299":{"start":{"column":0,"line":462},"end":{"column":0,"line":462}},"300":{"start":{"column":0,"line":464},"end":{"column":0,"line":464}},"301":{"start":{"column":0,"line":467},"end":{"column":0,"line":467}},"302":{"start":{"column":0,"line":471},"end":{"column":0,"line":471}},"303":{"start":{"column":0,"line":474},"end":{"column":0,"line":474}},"304":{"start":{"column":0,"line":476},"end":{"column":0,"line":476}},"305":{"start":{"column":0,"line":477},"end":{"column":0,"line":477}},"306":{"start":{"column":0,"line":479},"end":{"column":0,"line":479}},"307":{"start":{"column":0,"line":480},"end":{"column":0,"line":480}},"308":{"start":{"column":0,"line":484},"end":{"column":0,"line":484}},"309":{"start":{"column":0,"line":486},"end":{"column":0,"line":486}},"310":{"start":{"column":0,"line":489},"end":{"column":0,"line":489}},"311":{"start":{"column":0,"line":493},"end":{"column":0,"line":493}},"312":{"start":{"column":0,"line":494},"end":{"column":0,"line":494}},"313":{"start":{"column":0,"line":495},"end":{"column":0,"line":495}},"314":{"start":{"column":0,"line":497},"end":{"column":0,"line":497}},"315":{"start":{"column":0,"line":510},"end":{"column":0,"line":510}},"316":{"start":{"column":0,"line":511},"end":{"column":0,"line":511}},"317":{"start":{"column":0,"line":512},"end":{"column":0,"line":512}},"318":{"start":{"column":0,"line":513},"end":{"column":0,"line":513}},"319":{"start":{"column":0,"line":514},"end":{"column":0,"line":514}},"320":{"start":{"column":0,"line":515},"end":{"column":0,"line":515}},"321":{"start":{"column":0,"line":516},"end":{"column":0,"line":516}},"322":{"start":{"column":0,"line":517},"end":{"column":0,"line":517}},"323":{"start":{"column":0,"line":528},"end":{"column":0,"line":528}},"324":{"start":{"column":0,"line":531},"end":{"column":0,"line":531}},"325":{"start":{"column":0,"line":533},"end":{"column":0,"line":533}},"326":{"start":{"column":0,"line":534},"end":{"column":0,"line":534}},"327":{"start":{"column":0,"line":536},"end":{"column":0,"line":536}},"328":{"start":{"column":0,"line":537},"end":{"column":0,"line":537}},"329":{"start":{"column":0,"line":541},"end":{"column":0,"line":541}},"330":{"start":{"column":0,"line":543},"end":{"column":0,"line":543}},"331":{"start":{"column":0,"line":546},"end":{"column":0,"line":546}},"332":{"start":{"column":0,"line":555},"end":{"column":0,"line":555}},"333":{"start":{"column":0,"line":565},"end":{"column":0,"line":565}},"334":{"start":{"column":0,"line":575},"end":{"column":0,"line":575}},"335":{"start":{"column":0,"line":577},"end":{"column":0,"line":577}}},"b":{"13":[0,0],"14":[2,0],"15":[2,0],"16":[0,0],"17":[2,0],"18":[2,0],"19":[2,0],"20":[18,3],"21":[3,0],"22":[0,0],"23":[1,0],"24":[1,0],"25":[5,2],"26":[4,0],"27":[4,0],"28":[2,0],"29":[4,2,2],"30":[1,0],"31":[3,1],"32":[3,0],"33":[0,0],"34":[2,0],"35":[1,0],"36":[0,0],"37":[1,0],"38":[1,0],"39":[0,0],"40":[0,0],"41":[1,0],"42":[0,0],"43":[1,2],"44":[1,0],"45":[0,0],"46":[0,0],"47":[0,0],"48":[0,0],"49":[2,0],"50":[0,0],"51":[1,0],"52":[1,0],"53":[0,0]},"fnMap":{"20":{"loc":{"start":{"column":0,"line":26},"end":{"column":0,"line":26}},"decl":{"start":{"column":0,"line":26},"end":{"column":0,"line":26}},"name":"<anonymous>","line":26},"21":{"loc":{"start":{"column":0,"line":49},"end":{"column":0,"line":49}},"decl":{"start":{"column":0,"line":49},"end":{"column":0,"line":49}},"name":"<anonymous>","line":49},"22":{"loc":{"start":{"column":0,"line":71},"end":{"column":0,"line":71}},"decl":{"start":{"column":0,"line":71},"end":{"column":0,"line":71}},"name":"initialize_inventory","line":71},"23":{"loc":{"start":{"column":0,"line":118},"end":{"column":0,"line":118}},"decl":{"start":{"column":0,"line":118},"end":{"column":0,"line":118}},"name":"customize_inventory","line":118},"24":{"loc":{"start":{"column":0,"line":187},"end":{"column":0,"line":187}},"decl":{"start":{"column":0,"line":187},"end":{"column":0,"line":187}},"name":"find_tool","line":187},"25":{"loc":{"start":{"column":0,"line":191},"end":{"column":0,"line":191}},"decl":{"start":{"column":0,"line":191},"end":{"column":0,"line":191}},"name":"<anonymous>","line":191},"26":{"loc":{"start":{"column":0,"line":205},"end":{"column":0,"line":205}},"decl":{"start":{"column":0,"line":205},"end":{"column":0,"line":205}},"name":"<anonymous>","line":205},"27":{"loc":{"start":{"column":0,"line":226},"end":{"column":0,"line":226}},"decl":{"start":{"column":0,"line":226},"end":{"column":0,"line":226}},"name":"equip_tool","line":226},"28":{"loc":{"start":{"column":0,"line":241},"end":{"column":0,"line":241}},"decl":{"start":{"column":0,"line":241},"end":{"column":0,"line":241}},"name":"drag_tool","line":241},"29":{"loc":{"start":{"column":0,"line":250},"end":{"column":0,"line":250}},"decl":{"start":{"column":0,"line":250},"end":{"column":0,"line":250}},"name":"<anonymous>","line":250},"30":{"loc":{"start":{"column":0,"line":266},"end":{"column":0,"line":266}},"decl":{"start":{"column":0,"line":266},"end":{"column":0,"line":266}},"name":"<anonymous>","line":266},"31":{"loc":{"start":{"column":0,"line":272},"end":{"column":0,"line":272}},"decl":{"start":{"column":0,"line":272},"end":{"column":0,"line":272}},"name":"<anonymous>","line":272},"32":{"loc":{"start":{"column":0,"line":287},"end":{"column":0,"line":287}},"decl":{"start":{"column":0,"line":287},"end":{"column":0,"line":287}},"name":"<anonymous>","line":287},"33":{"loc":{"start":{"column":0,"line":311},"end":{"column":0,"line":311}},"decl":{"start":{"column":0,"line":311},"end":{"column":0,"line":311}},"name":"on_dropped","line":311},"34":{"loc":{"start":{"column":0,"line":317},"end":{"column":0,"line":317}},"decl":{"start":{"column":0,"line":317},"end":{"column":0,"line":317}},"name":"<anonymous>","line":317},"35":{"loc":{"start":{"column":0,"line":330},"end":{"column":0,"line":330}},"decl":{"start":{"column":0,"line":330},"end":{"column":0,"line":330}},"name":"on_dragged","line":330},"36":{"loc":{"start":{"column":0,"line":334},"end":{"column":0,"line":334}},"decl":{"start":{"column":0,"line":334},"end":{"column":0,"line":334}},"name":"<anonymous>","line":334},"37":{"loc":{"start":{"column":0,"line":344},"end":{"column":0,"line":344}},"decl":{"start":{"column":0,"line":344},"end":{"column":0,"line":344}},"name":"drop_tool","line":344},"38":{"loc":{"start":{"column":0,"line":358},"end":{"column":0,"line":358}},"decl":{"start":{"column":0,"line":358},"end":{"column":0,"line":358}},"name":"<anonymous>","line":358},"39":{"loc":{"start":{"column":0,"line":374},"end":{"column":0,"line":374}},"decl":{"start":{"column":0,"line":374},"end":{"column":0,"line":374}},"name":"<anonymous>","line":374},"40":{"loc":{"start":{"column":0,"line":380},"end":{"column":0,"line":380}},"decl":{"start":{"column":0,"line":380},"end":{"column":0,"line":380}},"name":"<anonymous>","line":380},"41":{"loc":{"start":{"column":0,"line":386},"end":{"column":0,"line":386}},"decl":{"start":{"column":0,"line":386},"end":{"column":0,"line":386}},"name":"<anonymous>","line":386},"42":{"loc":{"start":{"column":0,"line":401},"end":{"column":0,"line":401}},"decl":{"start":{"column":0,"line":401},"end":{"column":0,"line":401}},"name":"<anonymous>","line":401},"43":{"loc":{"start":{"column":0,"line":411},"end":{"column":0,"line":411}},"decl":{"start":{"column":0,"line":411},"end":{"column":0,"line":411}},"name":"<anonymous>","line":411},"44":{"loc":{"start":{"column":0,"line":428},"end":{"column":0,"line":428}},"decl":{"start":{"column":0,"line":428},"end":{"column":0,"line":428}},"name":"<anonymous>","line":428},"45":{"loc":{"start":{"column":0,"line":437},"end":{"column":0,"line":437}},"decl":{"start":{"column":0,"line":437},"end":{"column":0,"line":437}},"name":"<anonymous>","line":437},"46":{"loc":{"start":{"column":0,"line":441},"end":{"column":0,"line":441}},"decl":{"start":{"column":0,"line":441},"end":{"column":0,"line":441}},"name":"<anonymous>","line":441},"47":{"loc":{"start":{"column":0,"line":451},"end":{"column":0,"line":451}},"decl":{"start":{"column":0,"line":451},"end":{"column":0,"line":451}},"name":"<anonymous>","line":451},"48":{"loc":{"start":{"column":0,"line":466},"end":{"column":0,"line":466}},"decl":{"start":{"column":0,"line":466},"end":{"column":0,"line":466}},"name":"<anonymous>","line":466},"49":{"loc":{"start":{"column":0,"line":473},"end":{"column":0,"line":473}},"decl":{"start":{"column":0,"line":473},"end":{"column":0,"line":473}},"name":"<anonymous>","line":473},"50":{"loc":{"start":{"column":0,"line":488},"end":{"column":0,"line":488}},"decl":{"start":{"column":0,"line":488},"end":{"column":0,"line":488}},"name":"<anonymous>","line":488},"51":{"loc":{"start":{"column":0,"line":509},"end":{"column":0,"line":509}},"decl":{"start":{"column":0,"line":509},"end":{"column":0,"line":509}},"name":"add_filter","line":509},"52":{"loc":{"start":{"column":0,"line":510},"end":{"column":0,"line":510}},"decl":{"start":{"column":0,"line":510},"end":{"column":0,"line":510}},"name":"<anonymous>","line":510},"53":{"loc":{"start":{"column":0,"line":527},"end":{"column":0,"line":527}},"decl":{"start":{"column":0,"line":527},"end":{"column":0,"line":527}},"name":"remove_filter","line":527},"54":{"loc":{"start":{"column":0,"line":530},"end":{"column":0,"line":530}},"decl":{"start":{"column":0,"line":530},"end":{"column":0,"line":530}},"name":"<anonymous>","line":530},"55":{"loc":{"start":{"column":0,"line":545},"end":{"column":0,"line":545}},"decl":{"start":{"column":0,"line":545},"end":{"column":0,"line":545}},"name":"<anonymous>","line":545},"56":{"loc":{"start":{"column":0,"line":554},"end":{"column":0,"line":554}},"decl":{"start":{"column":0,"line":554},"end":{"column":0,"line":554}},"name":"clear_filters","line":554},"57":{"loc":{"start":{"column":0,"line":564},"end":{"column":0,"line":564}},"decl":{"start":{"column":0,"line":564},"end":{"column":0,"line":564}},"name":"get_equipped","line":564},"58":{"loc":{"start":{"column":0,"line":574},"end":{"column":0,"line":574}},"decl":{"start":{"column":0,"line":574},"end":{"column":0,"line":574}},"name":"get_dragged","line":574}},"s":{"135":2,"136":2,"137":2,"138":2,"139":2,"140":2,"141":2,"142":2,"143":2,"144":2,"145":2,"146":2,"147":2,"148":2,"149":2,"150":2,"151":2,"152":2,"153":2,"154":2,"155":2,"156":2,"157":2,"158":2,"159":2,"160":2,"161":0,"162":2,"163":2,"164":2,"165":2,"166":2,"167":2,"168":0,"169":2,"170":2,"171":3,"172":0,"173":3,"174":2,"175":3,"176":2,"177":3,"178":2,"179":3,"180":3,"181":3,"182":3,"183":3,"184":3,"185":3,"186":3,"187":3,"188":18,"189":3,"190":3,"191":18,"192":3,"193":3,"194":1,"195":0,"196":1,"197":1,"198":1,"199":8,"200":7,"201":8,"202":8,"203":4,"204":4,"205":8,"206":8,"207":4,"208":8,"209":8,"210":2,"211":2,"212":8,"213":8,"214":0,"215":2,"216":2,"217":5,"218":1,"219":4,"220":3,"221":4,"222":3,"223":3,"224":3,"225":3,"226":3,"227":0,"228":3,"229":3,"230":1,"231":2,"232":1,"233":1,"234":1,"235":1,"236":1,"237":0,"238":1,"239":4,"240":4,"241":4,"242":1,"243":1,"244":1,"245":1,"246":1,"247":1,"248":1,"249":1,"250":1,"251":1,"252":1,"253":1,"254":1,"255":5,"256":1,"257":4,"258":4,"259":0,"260":0,"261":0,"262":0,"263":0,"264":0,"265":0,"266":0,"267":0,"268":1,"269":1,"270":2,"271":1,"272":1,"273":1,"274":1,"275":1,"276":0,"277":1,"278":1,"279":2,"280":1,"281":1,"282":1,"283":1,"284":1,"285":0,"286":1,"287":1,"288":1,"289":1,"290":1,"291":0,"292":0,"293":0,"294":0,"295":0,"296":0,"297":0,"298":0,"299":0,"300":0,"301":0,"302":2,"303":3,"304":2,"305":2,"306":2,"307":2,"308":2,"309":0,"310":2,"311":4,"312":4,"313":4,"314":1,"315":4,"316":4,"317":4,"318":4,"319":4,"320":4,"321":4,"322":4,"323":1,"324":1,"325":1,"326":1,"327":1,"328":1,"329":1,"330":0,"331":1,"332":1,"333":0,"334":7,"335":2},"branchMap":{"13":{"loc":{"start":{"column":0,"line":30},"end":{"column":0,"line":30}},"type":"if","locations":[{"start":{"column":0,"line":30},"end":{"column":0,"line":30}},{"start":{"column":0,"line":31},"end":{"column":0,"line":31}}],"line":29},"14":{"loc":{"start":{"column":0,"line":34},"end":{"column":0,"line":34}},"type":"if","locations":[{"start":{"column":0,"line":34},"end":{"column":0,"line":34}},{"start":{"column":0,"line":35},"end":{"column":0,"line":35}}],"line":33},"15":{"loc":{"start":{"column":0,"line":38},"end":{"column":0,"line":38}},"type":"if","locations":[{"start":{"column":0,"line":38},"end":{"column":0,"line":38}},{"start":{"column":0,"line":39},"end":{"column":0,"line":39}}],"line":37},"16":{"loc":{"start":{"column":0,"line":74},"end":{"column":0,"line":74}},"type":"if","locations":[{"start":{"column":0,"line":74},"end":{"column":0,"line":74}},{"start":{"column":0,"line":75},"end":{"column":0,"line":75}}],"line":73},"17":{"loc":{"start":{"column":0,"line":78},"end":{"column":0,"line":78}},"type":"if","locations":[{"start":{"column":0,"line":78},"end":{"column":0,"line":78}},{"start":{"column":0,"line":79},"end":{"column":0,"line":79}}],"line":77},"18":{"loc":{"start":{"column":0,"line":82},"end":{"column":0,"line":82}},"type":"if","locations":[{"start":{"column":0,"line":82},"end":{"column":0,"line":82}},{"start":{"column":0,"line":83},"end":{"column":0,"line":83}}],"line":81},"19":{"loc":{"start":{"column":0,"line":86},"end":{"column":0,"line":86}},"type":"if","locations":[{"start":{"column":0,"line":86},"end":{"column":0,"line":86}},{"start":{"column":0,"line":87},"end":{"column":0,"line":87}}],"line":85},"20":{"loc":{"start":{"column":0,"line":98},"end":{"column":0,"line":98}},"type":"if","locations":[{"start":{"column":0,"line":98},"end":{"column":0,"line":98}},{"start":{"column":0,"line":100},"end":{"column":0,"line":100}}],"line":97},"21":{"loc":{"start":{"column":0,"line":103},"end":{"column":0,"line":103}},"type":"if","locations":[{"start":{"column":0,"line":103},"end":{"column":0,"line":103}},{"start":{"column":0,"line":104},"end":{"column":0,"line":104}}],"line":102},"22":{"loc":{"start":{"column":0,"line":131},"end":{"column":0,"line":131}},"type":"if","locations":[{"start":{"column":0,"line":131},"end":{"column":0,"line":131}},{"start":{"column":0,"line":132},"end":{"column":0,"line":132}}],"line":130},"23":{"loc":{"start":{"column":0,"line":135},"end":{"column":0,"line":135}},"type":"if","locations":[{"start":{"column":0,"line":135},"end":{"column":0,"line":135}},{"start":{"column":0,"line":136},"end":{"column":0,"line":136}}],"line":134},"24":{"loc":{"start":{"column":0,"line":138},"end":{"column":0,"line":138}},"type":"if","locations":[{"start":{"column":0,"line":138},"end":{"column":0,"line":138}},{"start":{"column":0,"line":139},"end":{"column":0,"line":139}}],"line":137},"25":{"loc":{"start":{"column":0,"line":192},"end":{"column":0,"line":192}},"type":"if","locations":[{"start":{"column":0,"line":192},"end":{"column":0,"line":192}},{"start":{"column":0,"line":192},"end":{"column":0,"line":192}}],"line":192},"26":{"loc":{"start":{"column":0,"line":197},"end":{"column":0,"line":197}},"type":"if","locations":[{"start":{"column":0,"line":197},"end":{"column":0,"line":197}},{"start":{"column":0,"line":199},"end":{"column":0,"line":199}}],"line":196},"27":{"loc":{"start":{"column":0,"line":206},"end":{"column":0,"line":206}},"type":"if","locations":[{"start":{"column":0,"line":206},"end":{"column":0,"line":206}},{"start":{"column":0,"line":206},"end":{"column":0,"line":206}}],"line":206},"28":{"loc":{"start":{"column":0,"line":211},"end":{"column":0,"line":211}},"type":"if","locations":[{"start":{"column":0,"line":211},"end":{"column":0,"line":211}},{"start":{"column":0,"line":213},"end":{"column":0,"line":213}}],"line":210},"29":{"loc":{"start":{"column":0,"line":217},"end":{"column":0,"line":217}},"type":"if","locations":[{"start":{"column":0,"line":217},"end":{"column":0,"line":217}},{"start":{"column":0,"line":218},"end":{"column":0,"line":218}},{"start":{"column":0,"line":217},"end":{"column":0,"line":217}}],"line":217},"30":{"loc":{"start":{"column":0,"line":244},"end":{"column":0,"line":244}},"type":"if","locations":[{"start":{"column":0,"line":244},"end":{"column":0,"line":244}},{"start":{"column":0,"line":245},"end":{"column":0,"line":245}}],"line":243},"31":{"loc":{"start":{"column":0,"line":251},"end":{"column":0,"line":251}},"type":"if","locations":[{"start":{"column":0,"line":251},"end":{"column":0,"line":251}},{"start":{"column":0,"line":251},"end":{"column":0,"line":251}}],"line":251},"32":{"loc":{"start":{"column":0,"line":256},"end":{"column":0,"line":256}},"type":"if","locations":[{"start":{"column":0,"line":256},"end":{"column":0,"line":256}},{"start":{"column":0,"line":258},"end":{"column":0,"line":258}}],"line":255},"33":{"loc":{"start":{"column":0,"line":263},"end":{"column":0,"line":263}},"type":"if","locations":[{"start":{"column":0,"line":263},"end":{"column":0,"line":263}},{"start":{"column":0,"line":264},"end":{"column":0,"line":264}}],"line":262},"34":{"loc":{"start":{"column":0,"line":273},"end":{"column":0,"line":273}},"type":"if","locations":[{"start":{"column":0,"line":273},"end":{"column":0,"line":273}},{"start":{"column":0,"line":273},"end":{"column":0,"line":273}}],"line":273},"35":{"loc":{"start":{"column":0,"line":278},"end":{"column":0,"line":278}},"type":"if","locations":[{"start":{"column":0,"line":278},"end":{"column":0,"line":278}},{"start":{"column":0,"line":280},"end":{"column":0,"line":280}}],"line":277},"36":{"loc":{"start":{"column":0,"line":285},"end":{"column":0,"line":285}},"type":"if","locations":[{"start":{"column":0,"line":285},"end":{"column":0,"line":285}},{"start":{"column":0,"line":286},"end":{"column":0,"line":286}}],"line":284},"37":{"loc":{"start":{"column":0,"line":300},"end":{"column":0,"line":300}},"type":"if","locations":[{"start":{"column":0,"line":300},"end":{"column":0,"line":300}},{"start":{"column":0,"line":301},"end":{"column":0,"line":301}}],"line":299},"38":{"loc":{"start":{"column":0,"line":347},"end":{"column":0,"line":347}},"type":"if","locations":[{"start":{"column":0,"line":347},"end":{"column":0,"line":347}},{"start":{"column":0,"line":348},"end":{"column":0,"line":348}}],"line":346},"39":{"loc":{"start":{"column":0,"line":364},"end":{"column":0,"line":364}},"type":"if","locations":[{"start":{"column":0,"line":364},"end":{"column":0,"line":364}},{"start":{"column":0,"line":366},"end":{"column":0,"line":366}}],"line":363},"40":{"loc":{"start":{"column":0,"line":371},"end":{"column":0,"line":371}},"type":"if","locations":[{"start":{"column":0,"line":371},"end":{"column":0,"line":371}},{"start":{"column":0,"line":372},"end":{"column":0,"line":372}}],"line":370},"41":{"loc":{"start":{"column":0,"line":392},"end":{"column":0,"line":392}},"type":"if","locations":[{"start":{"column":0,"line":392},"end":{"column":0,"line":392}},{"start":{"column":0,"line":394},"end":{"column":0,"line":394}}],"line":391},"42":{"loc":{"start":{"column":0,"line":399},"end":{"column":0,"line":399}},"type":"if","locations":[{"start":{"column":0,"line":399},"end":{"column":0,"line":399}},{"start":{"column":0,"line":400},"end":{"column":0,"line":400}}],"line":398},"43":{"loc":{"start":{"column":0,"line":409},"end":{"column":0,"line":409}},"type":"if","locations":[{"start":{"column":0,"line":409},"end":{"column":0,"line":409}},{"start":{"column":0,"line":447},"end":{"column":0,"line":447}}],"line":407},"44":{"loc":{"start":{"column":0,"line":417},"end":{"column":0,"line":417}},"type":"if","locations":[{"start":{"column":0,"line":417},"end":{"column":0,"line":417}},{"start":{"column":0,"line":419},"end":{"column":0,"line":419}}],"line":416},"45":{"loc":{"start":{"column":0,"line":424},"end":{"column":0,"line":424}},"type":"if","locations":[{"start":{"column":0,"line":424},"end":{"column":0,"line":424}},{"start":{"column":0,"line":425},"end":{"column":0,"line":425}}],"line":423},"46":{"loc":{"start":{"column":0,"line":449},"end":{"column":0,"line":449}},"type":"if","locations":[{"start":{"column":0,"line":449},"end":{"column":0,"line":449}},{"start":{"column":0,"line":499},"end":{"column":0,"line":499}}],"line":447},"47":{"loc":{"start":{"column":0,"line":457},"end":{"column":0,"line":457}},"type":"if","locations":[{"start":{"column":0,"line":457},"end":{"column":0,"line":457}},{"start":{"column":0,"line":459},"end":{"column":0,"line":459}}],"line":456},"48":{"loc":{"start":{"column":0,"line":464},"end":{"column":0,"line":464}},"type":"if","locations":[{"start":{"column":0,"line":464},"end":{"column":0,"line":464}},{"start":{"column":0,"line":465},"end":{"column":0,"line":465}}],"line":463},"49":{"loc":{"start":{"column":0,"line":479},"end":{"column":0,"line":479}},"type":"if","locations":[{"start":{"column":0,"line":479},"end":{"column":0,"line":479}},{"start":{"column":0,"line":481},"end":{"column":0,"line":481}}],"line":478},"50":{"loc":{"start":{"column":0,"line":486},"end":{"column":0,"line":486}},"type":"if","locations":[{"start":{"column":0,"line":486},"end":{"column":0,"line":486}},{"start":{"column":0,"line":487},"end":{"column":0,"line":487}}],"line":485},"51":{"loc":{"start":{"column":0,"line":497},"end":{"column":0,"line":497}},"type":"if","locations":[{"start":{"column":0,"line":497},"end":{"column":0,"line":497}},{"start":{"column":0,"line":498},"end":{"column":0,"line":498}}],"line":496},"52":{"loc":{"start":{"column":0,"line":536},"end":{"column":0,"line":536}},"type":"if","locations":[{"start":{"column":0,"line":536},"end":{"column":0,"line":536}},{"start":{"column":0,"line":538},"end":{"column":0,"line":538}}],"line":535},"53":{"loc":{"start":{"column":0,"line":543},"end":{"column":0,"line":543}},"type":"if","locations":[{"start":{"column":0,"line":543},"end":{"column":0,"line":543}},{"start":{"column":0,"line":544},"end":{"column":0,"line":544}}],"line":542}},"f":{"20":2,"21":0,"22":3,"23":1,"24":8,"25":7,"26":4,"27":0,"28":5,"29":4,"30":3,"31":2,"32":1,"33":1,"34":1,"35":1,"36":1,"37":5,"38":0,"39":0,"40":1,"41":2,"42":1,"43":2,"44":1,"45":0,"46":0,"47":0,"48":0,"49":3,"50":2,"51":4,"52":4,"53":1,"54":1,"55":1,"56":1,"57":0,"58":7}}
,"/Users/teakzc/Documents/GitHub/inventory/out/lib/client/init.luau": {"path":"/Users/teakzc/Documents/GitHub/inventory/out/lib/client/init.luau","statementMap":{"1018":{"start":{"column":0,"line":2},"end":{"column":0,"line":2}},"1019":{"start":{"column":0,"line":3},"end":{"column":0,"line":3}},"1020":{"start":{"column":0,"line":4},"end":{"column":0,"line":4}},"1021":{"start":{"column":0,"line":5},"end":{"column":0,"line":5}},"1022":{"start":{"column":0,"line":7},"end":{"column":0,"line":7}},"1023":{"start":{"column":0,"line":8},"end":{"column":0,"line":8}},"1024":{"start":{"column":0,"line":10},"end":{"column":0,"line":10}}},"b":[],"fnMap":[],"s":{"1018":1,"1019":1,"1020":1,"1021":15,"1022":1,"1023":5,"1024":1},"branchMap":[],"f":[]}
,"/Users/teakzc/Documents/GitHub/inventory/out/lib/client/render.luau": {"path":"/Users/teakzc/Documents/GitHub/inventory/out/lib/client/render.luau","statementMap":{"826":{"start":{"column":0,"line":2},"end":{"column":0,"line":2}},"827":{"start":{"column":0,"line":3},"end":{"column":0,"line":3}},"828":{"start":{"column":0,"line":4},"end":{"column":0,"line":4}},"829":{"start":{"column":0,"line":5},"end":{"column":0,"line":5}},"830":{"start":{"column":0,"line":6},"end":{"column":0,"line":6}},"831":{"start":{"column":0,"line":7},"end":{"column":0,"line":7}},"832":{"start":{"column":0,"line":8},"end":{"column":0,"line":8}},"833":{"start":{"column":0,"line":17},"end":{"column":0,"line":17}},"834":{"start":{"column":0,"line":27},"end":{"column":0,"line":27}},"835":{"start":{"column":0,"line":29},"end":{"column":0,"line":29}},"836":{"start":{"column":0,"line":40},"end":{"column":0,"line":40}},"837":{"start":{"column":0,"line":51},"end":{"column":0,"line":51}},"838":{"start":{"column":0,"line":52},"end":{"column":0,"line":52}},"839":{"start":{"column":0,"line":53},"end":{"column":0,"line":53}},"840":{"start":{"column":0,"line":54},"end":{"column":0,"line":54}},"841":{"start":{"column":0,"line":55},"end":{"column":0,"line":55}},"842":{"start":{"column":0,"line":56},"end":{"column":0,"line":56}},"843":{"start":{"column":0,"line":57},"end":{"column":0,"line":57}},"844":{"start":{"column":0,"line":58},"end":{"column":0,"line":58}},"845":{"start":{"column":0,"line":70},"end":{"column":0,"line":70}},"846":{"start":{"column":0,"line":72},"end":{"column":0,"line":72}},"847":{"start":{"column":0,"line":74},"end":{"column":0,"line":74}},"848":{"start":{"column":0,"line":76},"end":{"column":0,"line":76}},"849":{"start":{"column":0,"line":77},"end":{"column":0,"line":77}},"850":{"start":{"column":0,"line":79},"end":{"column":0,"line":79}},"851":{"start":{"column":0,"line":80},"end":{"column":0,"line":80}},"852":{"start":{"column":0,"line":84},"end":{"column":0,"line":84}},"853":{"start":{"column":0,"line":87},"end":{"column":0,"line":87}}},"b":{"92":[1,0],"93":[1,0]},"fnMap":{"161":{"loc":{"start":{"column":0,"line":16},"end":{"column":0,"line":16}},"decl":{"start":{"column":0,"line":16},"end":{"column":0,"line":16}},"name":"render_backpack","line":16},"162":{"loc":{"start":{"column":0,"line":26},"end":{"column":0,"line":26}},"decl":{"start":{"column":0,"line":26},"end":{"column":0,"line":26}},"name":"toggle_inventory","line":26},"163":{"loc":{"start":{"column":0,"line":39},"end":{"column":0,"line":39}},"decl":{"start":{"column":0,"line":39},"end":{"column":0,"line":39}},"name":"get_visibility","line":39},"164":{"loc":{"start":{"column":0,"line":50},"end":{"column":0,"line":50}},"decl":{"start":{"column":0,"line":50},"end":{"column":0,"line":50}},"name":"mount_component","line":50},"165":{"loc":{"start":{"column":0,"line":51},"end":{"column":0,"line":51}},"decl":{"start":{"column":0,"line":51},"end":{"column":0,"line":51}},"name":"<anonymous>","line":51},"166":{"loc":{"start":{"column":0,"line":69},"end":{"column":0,"line":69}},"decl":{"start":{"column":0,"line":69},"end":{"column":0,"line":69}},"name":"unmount_component","line":69},"167":{"loc":{"start":{"column":0,"line":70},"end":{"column":0,"line":70}},"decl":{"start":{"column":0,"line":70},"end":{"column":0,"line":70}},"name":"<anonymous>","line":70},"168":{"loc":{"start":{"column":0,"line":73},"end":{"column":0,"line":73}},"decl":{"start":{"column":0,"line":73},"end":{"column":0,"line":73}},"name":"<anonymous>","line":73}},"s":{"826":1,"827":1,"828":1,"829":1,"830":1,"831":1,"832":1,"833":1,"834":1,"835":1,"836":1,"837":2,"838":2,"839":2,"840":2,"841":2,"842":2,"843":2,"844":2,"845":1,"846":1,"847":2,"848":1,"849":1,"850":1,"851":1,"852":1,"853":1},"branchMap":{"92":{"loc":{"start":{"column":0,"line":29},"end":{"column":0,"line":29}},"type":"if","locations":[{"start":{"column":0,"line":29},"end":{"column":0,"line":29}},{"start":{"column":0,"line":30},"end":{"column":0,"line":30}}],"line":28},"93":{"loc":{"start":{"column":0,"line":79},"end":{"column":0,"line":79}},"type":"if","locations":[{"start":{"column":0,"line":79},"end":{"column":0,"line":79}},{"start":{"column":0,"line":81},"end":{"column":0,"line":81}}],"line":78}},"f":{"161":1,"162":1,"163":1,"164":2,"165":2,"166":1,"167":1,"168":2}}
,"/Users/teakzc/Documents/GitHub/inventory/out/lib/client/ui/app.luau": {"path":"/Users/teakzc/Documents/GitHub/inventory/out/lib/client/ui/app.luau","statementMap":{"111":{"start":{"column":0,"line":2},"end":{"column":0,"line":2}},"112":{"start":{"column":0,"line":3},"end":{"column":0,"line":3}},"113":{"start":{"column":0,"line":4},"end":{"column":0,"line":4}},"114":{"start":{"column":0,"line":5},"end":{"column":0,"line":5}},"115":{"start":{"column":0,"line":6},"end":{"column":0,"line":6}},"116":{"start":{"column":0,"line":7},"end":{"column":0,"line":7}},"117":{"start":{"column":0,"line":8},"end":{"column":0,"line":8}},"118":{"start":{"column":0,"line":9},"end":{"column":0,"line":9}},"119":{"start":{"column":0,"line":10},"end":{"column":0,"line":10}},"120":{"start":{"column":0,"line":11},"end":{"column":0,"line":11}},"121":{"start":{"column":0,"line":12},"end":{"column":0,"line":12}},"122":{"start":{"column":0,"line":21},"end":{"column":0,"line":21}},"123":{"start":{"column":0,"line":22},"end":{"column":0,"line":22}},"124":{"start":{"column":0,"line":25},"end":{"column":0,"line":25}},"125":{"start":{"column":0,"line":27},"end":{"column":0,"line":27}},"126":{"start":{"column":0,"line":28},"end":{"column":0,"line":28}},"127":{"start":{"column":0,"line":29},"end":{"column":0,"line":29}},"128":{"start":{"column":0,"line":30},"end":{"column":0,"line":30}},"129":{"start":{"column":0,"line":32},"end":{"column":0,"line":32}},"130":{"start":{"column":0,"line":34},"end":{"column":0,"line":34}},"131":{"start":{"column":0,"line":36},"end":{"column":0,"line":36}},"132":{"start":{"column":0,"line":37},"end":{"column":0,"line":37}},"133":{"start":{"column":0,"line":40},"end":{"column":0,"line":40}},"134":{"start":{"column":0,"line":42},"end":{"column":0,"line":42}}},"b":{"11":[0,0],"12":[0,0]},"fnMap":{"16":{"loc":{"start":{"column":0,"line":20},"end":{"column":0,"line":20}},"decl":{"start":{"column":0,"line":20},"end":{"column":0,"line":20}},"name":"App","line":20},"17":{"loc":{"start":{"column":0,"line":21},"end":{"column":0,"line":21}},"decl":{"start":{"column":0,"line":21},"end":{"column":0,"line":21}},"name":"<anonymous>","line":21},"18":{"loc":{"start":{"column":0,"line":24},"end":{"column":0,"line":24}},"decl":{"start":{"column":0,"line":24},"end":{"column":0,"line":24}},"name":"<anonymous>","line":24},"19":{"loc":{"start":{"column":0,"line":33},"end":{"column":0,"line":33}},"decl":{"start":{"column":0,"line":33},"end":{"column":0,"line":33}},"name":"<anonymous>","line":33}},"s":{"111":1,"112":1,"113":1,"114":1,"115":1,"116":1,"117":1,"118":1,"119":1,"120":1,"121":1,"122":0,"123":0,"124":0,"125":0,"126":0,"127":0,"128":0,"129":0,"130":0,"131":0,"132":0,"133":0,"134":1},"branchMap":{"11":{"loc":{"start":{"column":0,"line":28},"end":{"column":0,"line":28}},"type":"if","locations":[{"start":{"column":0,"line":28},"end":{"column":0,"line":28}},{"start":{"column":0,"line":28},"end":{"column":0,"line":28}}],"line":28},"12":{"loc":{"start":{"column":0,"line":29},"end":{"column":0,"line":29}},"type":"if","locations":[{"start":{"column":0,"line":29},"end":{"column":0,"line":29}},{"start":{"column":0,"line":29},"end":{"column":0,"line":29}}],"line":29}},"f":{"16":0,"17":0,"18":0,"19":0}}
,"/Users/teakzc/Documents/GitHub/inventory/out/lib/client/ui/components/backpack.luau": {"path":"/Users/teakzc/Documents/GitHub/inventory/out/lib/client/ui/components/backpack.luau","statementMap":{"411":{"start":{"column":0,"line":2},"end":{"column":0,"line":2}},"412":{"start":{"column":0,"line":3},"end":{"column":0,"line":3}},"413":{"start":{"column":0,"line":4},"end":{"column":0,"line":4}},"414":{"start":{"column":0,"line":5},"end":{"column":0,"line":5}},"415":{"start":{"column":0,"line":6},"end":{"column":0,"line":6}},"416":{"start":{"column":0,"line":7},"end":{"column":0,"line":7}},"417":{"start":{"column":0,"line":8},"end":{"column":0,"line":8}},"418":{"start":{"column":0,"line":9},"end":{"column":0,"line":9}},"419":{"start":{"column":0,"line":10},"end":{"column":0,"line":10}},"420":{"start":{"column":0,"line":11},"end":{"column":0,"line":11}},"421":{"start":{"column":0,"line":12},"end":{"column":0,"line":12}},"422":{"start":{"column":0,"line":13},"end":{"column":0,"line":13}},"423":{"start":{"column":0,"line":14},"end":{"column":0,"line":14}},"424":{"start":{"column":0,"line":15},"end":{"column":0,"line":15}},"425":{"start":{"column":0,"line":16},"end":{"column":0,"line":16}},"426":{"start":{"column":0,"line":17},"end":{"column":0,"line":17}},"427":{"start":{"column":0,"line":18},"end":{"column":0,"line":18}},"428":{"start":{"column":0,"line":19},"end":{"column":0,"line":19}},"429":{"start":{"column":0,"line":20},"end":{"column":0,"line":20}},"430":{"start":{"column":0,"line":21},"end":{"column":0,"line":21}},"431":{"start":{"column":0,"line":22},"end":{"column":0,"line":22}},"432":{"start":{"column":0,"line":23},"end":{"column":0,"line":23}},"433":{"start":{"column":0,"line":24},"end":{"column":0,"line":24}},"434":{"start":{"column":0,"line":25},"end":{"column":0,"line":25}},"435":{"start":{"column":0,"line":27},"end":{"column":0,"line":27}},"436":{"start":{"column":0,"line":28},"end":{"column":0,"line":28}},"437":{"start":{"column":0,"line":32},"end":{"column":0,"line":32}},"438":{"start":{"column":0,"line":34},"end":{"column":0,"line":34}},"439":{"start":{"column":0,"line":36},"end":{"column":0,"line":36}},"440":{"start":{"column":0,"line":37},"end":{"column":0,"line":37}},"441":{"start":{"column":0,"line":39},"end":{"column":0,"line":39}},"442":{"start":{"column":0,"line":40},"end":{"column":0,"line":40}},"443":{"start":{"column":0,"line":44},"end":{"column":0,"line":44}},"444":{"start":{"column":0,"line":46},"end":{"column":0,"line":46}},"445":{"start":{"column":0,"line":47},"end":{"column":0,"line":47}},"446":{"start":{"column":0,"line":50},"end":{"column":0,"line":50}},"447":{"start":{"column":0,"line":53},"end":{"column":0,"line":53}},"448":{"start":{"column":0,"line":55},"end":{"column":0,"line":55}},"449":{"start":{"column":0,"line":57},"end":{"column":0,"line":57}},"450":{"start":{"column":0,"line":59},"end":{"column":0,"line":59}},"451":{"start":{"column":0,"line":60},"end":{"column":0,"line":60}},"452":{"start":{"column":0,"line":62},"end":{"column":0,"line":62}},"453":{"start":{"column":0,"line":63},"end":{"column":0,"line":63}},"454":{"start":{"column":0,"line":67},"end":{"column":0,"line":67}},"455":{"start":{"column":0,"line":68},"end":{"column":0,"line":68}},"456":{"start":{"column":0,"line":71},"end":{"column":0,"line":71}},"457":{"start":{"column":0,"line":73},"end":{"column":0,"line":73}},"458":{"start":{"column":0,"line":75},"end":{"column":0,"line":75}},"459":{"start":{"column":0,"line":77},"end":{"column":0,"line":77}},"460":{"start":{"column":0,"line":80},"end":{"column":0,"line":80}},"461":{"start":{"column":0,"line":82},"end":{"column":0,"line":82}},"462":{"start":{"column":0,"line":83},"end":{"column":0,"line":83}},"463":{"start":{"column":0,"line":86},"end":{"column":0,"line":86}},"464":{"start":{"column":0,"line":87},"end":{"column":0,"line":87}},"465":{"start":{"column":0,"line":89},"end":{"column":0,"line":89}},"466":{"start":{"column":0,"line":91},"end":{"column":0,"line":91}},"467":{"start":{"column":0,"line":93},"end":{"column":0,"line":93}},"468":{"start":{"column":0,"line":94},"end":{"column":0,"line":94}},"469":{"start":{"column":0,"line":96},"end":{"column":0,"line":96}},"470":{"start":{"column":0,"line":97},"end":{"column":0,"line":97}},"471":{"start":{"column":0,"line":99},"end":{"column":0,"line":99}},"472":{"start":{"column":0,"line":100},"end":{"column":0,"line":100}},"473":{"start":{"column":0,"line":105},"end":{"column":0,"line":105}},"474":{"start":{"column":0,"line":107},"end":{"column":0,"line":107}},"475":{"start":{"column":0,"line":108},"end":{"column":0,"line":108}},"476":{"start":{"column":0,"line":110},"end":{"column":0,"line":110}},"477":{"start":{"column":0,"line":111},"end":{"column":0,"line":111}},"478":{"start":{"column":0,"line":114},"end":{"column":0,"line":114}},"479":{"start":{"column":0,"line":116},"end":{"column":0,"line":116}},"480":{"start":{"column":0,"line":136},"end":{"column":0,"line":136}},"481":{"start":{"column":0,"line":138},"end":{"column":0,"line":138}},"482":{"start":{"column":0,"line":141},"end":{"column":0,"line":141}},"483":{"start":{"column":0,"line":144},"end":{"column":0,"line":144}},"484":{"start":{"column":0,"line":147},"end":{"column":0,"line":147}},"485":{"start":{"column":0,"line":149},"end":{"column":0,"line":149}},"486":{"start":{"column":0,"line":151},"end":{"column":0,"line":151}},"487":{"start":{"column":0,"line":152},"end":{"column":0,"line":152}},"488":{"start":{"column":0,"line":154},"end":{"column":0,"line":154}},"489":{"start":{"column":0,"line":155},"end":{"column":0,"line":155}},"490":{"start":{"column":0,"line":159},"end":{"column":0,"line":159}},"491":{"start":{"column":0,"line":161},"end":{"column":0,"line":161}},"492":{"start":{"column":0,"line":163},"end":{"column":0,"line":163}},"493":{"start":{"column":0,"line":164},"end":{"column":0,"line":164}},"494":{"start":{"column":0,"line":166},"end":{"column":0,"line":166}},"495":{"start":{"column":0,"line":167},"end":{"column":0,"line":167}},"496":{"start":{"column":0,"line":169},"end":{"column":0,"line":169}},"497":{"start":{"column":0,"line":171},"end":{"column":0,"line":171}},"498":{"start":{"column":0,"line":173},"end":{"column":0,"line":173}},"499":{"start":{"column":0,"line":175},"end":{"column":0,"line":175}},"500":{"start":{"column":0,"line":177},"end":{"column":0,"line":177}},"501":{"start":{"column":0,"line":179},"end":{"column":0,"line":179}},"502":{"start":{"column":0,"line":182},"end":{"column":0,"line":182}},"503":{"start":{"column":0,"line":184},"end":{"column":0,"line":184}},"504":{"start":{"column":0,"line":186},"end":{"column":0,"line":186}},"505":{"start":{"column":0,"line":188},"end":{"column":0,"line":188}},"506":{"start":{"column":0,"line":190},"end":{"column":0,"line":190}},"507":{"start":{"column":0,"line":192},"end":{"column":0,"line":192}},"508":{"start":{"column":0,"line":193},"end":{"column":0,"line":193}},"509":{"start":{"column":0,"line":194},"end":{"column":0,"line":194}},"510":{"start":{"column":0,"line":195},"end":{"column":0,"line":195}},"511":{"start":{"column":0,"line":198},"end":{"column":0,"line":198}},"512":{"start":{"column":0,"line":200},"end":{"column":0,"line":200}},"513":{"start":{"column":0,"line":202},"end":{"column":0,"line":202}},"514":{"start":{"column":0,"line":204},"end":{"column":0,"line":204}},"515":{"start":{"column":0,"line":205},"end":{"column":0,"line":205}},"516":{"start":{"column":0,"line":208},"end":{"column":0,"line":208}},"517":{"start":{"column":0,"line":222},"end":{"column":0,"line":222}},"518":{"start":{"column":0,"line":246},"end":{"column":0,"line":246}},"519":{"start":{"column":0,"line":254},"end":{"column":0,"line":254}},"520":{"start":{"column":0,"line":256},"end":{"column":0,"line":256}},"521":{"start":{"column":0,"line":258},"end":{"column":0,"line":258}},"522":{"start":{"column":0,"line":260},"end":{"column":0,"line":260}},"523":{"start":{"column":0,"line":262},"end":{"column":0,"line":262}},"524":{"start":{"column":0,"line":263},"end":{"column":0,"line":263}},"525":{"start":{"column":0,"line":272},"end":{"column":0,"line":272}},"526":{"start":{"column":0,"line":274},"end":{"column":0,"line":274}},"527":{"start":{"column":0,"line":275},"end":{"column":0,"line":275}},"528":{"start":{"column":0,"line":277},"end":{"column":0,"line":277}},"529":{"start":{"column":0,"line":284},"end":{"column":0,"line":284}},"530":{"start":{"column":0,"line":285},"end":{"column":0,"line":285}},"531":{"start":{"column":0,"line":288},"end":{"column":0,"line":288}},"532":{"start":{"column":0,"line":305},"end":{"column":0,"line":305}},"533":{"start":{"column":0,"line":308},"end":{"column":0,"line":308}},"534":{"start":{"column":0,"line":312},"end":{"column":0,"line":312}}},"b":{"65":[0,0],"66":[0,0],"67":[0,0],"68":[0,0],"69":[0,0],"70":[0,0],"71":[0,0],"72":[0,0],"73":[0,0],"74":[0,0],"75":[0,0],"76":[0,0],"77":[0,0],"78":[0,0]},"fnMap":{"73":{"loc":{"start":{"column":0,"line":26},"end":{"column":0,"line":26}},"decl":{"start":{"column":0,"line":26},"end":{"column":0,"line":26}},"name":"applyFinalSorting","line":26},"74":{"loc":{"start":{"column":0,"line":30},"end":{"column":0,"line":30}},"decl":{"start":{"column":0,"line":30},"end":{"column":0,"line":30}},"name":"<anonymous>","line":30},"75":{"loc":{"start":{"column":0,"line":33},"end":{"column":0,"line":33}},"decl":{"start":{"column":0,"line":33},"end":{"column":0,"line":33}},"name":"<anonymous>","line":33},"76":{"loc":{"start":{"column":0,"line":52},"end":{"column":0,"line":52}},"decl":{"start":{"column":0,"line":52},"end":{"column":0,"line":52}},"name":"filterBackpack","line":52},"77":{"loc":{"start":{"column":0,"line":56},"end":{"column":0,"line":56}},"decl":{"start":{"column":0,"line":56},"end":{"column":0,"line":56}},"name":"<anonymous>","line":56},"78":{"loc":{"start":{"column":0,"line":72},"end":{"column":0,"line":72}},"decl":{"start":{"column":0,"line":72},"end":{"column":0,"line":72}},"name":"<anonymous>","line":72},"79":{"loc":{"start":{"column":0,"line":92},"end":{"column":0,"line":92}},"decl":{"start":{"column":0,"line":92},"end":{"column":0,"line":92}},"name":"<anonymous>","line":92},"80":{"loc":{"start":{"column":0,"line":106},"end":{"column":0,"line":106}},"decl":{"start":{"column":0,"line":106},"end":{"column":0,"line":106}},"name":"<anonymous>","line":106},"81":{"loc":{"start":{"column":0,"line":135},"end":{"column":0,"line":135}},"decl":{"start":{"column":0,"line":135},"end":{"column":0,"line":135}},"name":"Backpack","line":135},"82":{"loc":{"start":{"column":0,"line":137},"end":{"column":0,"line":137}},"decl":{"start":{"column":0,"line":137},"end":{"column":0,"line":137}},"name":"<anonymous>","line":137},"83":{"loc":{"start":{"column":0,"line":140},"end":{"column":0,"line":140}},"decl":{"start":{"column":0,"line":140},"end":{"column":0,"line":140}},"name":"<anonymous>","line":140},"84":{"loc":{"start":{"column":0,"line":143},"end":{"column":0,"line":143}},"decl":{"start":{"column":0,"line":143},"end":{"column":0,"line":143}},"name":"<anonymous>","line":143},"85":{"loc":{"start":{"column":0,"line":148},"end":{"column":0,"line":148}},"decl":{"start":{"column":0,"line":148},"end":{"column":0,"line":148}},"name":"<anonymous>","line":148},"86":{"loc":{"start":{"column":0,"line":160},"end":{"column":0,"line":160}},"decl":{"start":{"column":0,"line":160},"end":{"column":0,"line":160}},"name":"<anonymous>","line":160},"87":{"loc":{"start":{"column":0,"line":165},"end":{"column":0,"line":165}},"decl":{"start":{"column":0,"line":165},"end":{"column":0,"line":165}},"name":"<anonymous>","line":165},"88":{"loc":{"start":{"column":0,"line":181},"end":{"column":0,"line":181}},"decl":{"start":{"column":0,"line":181},"end":{"column":0,"line":181}},"name":"<anonymous>","line":181},"89":{"loc":{"start":{"column":0,"line":201},"end":{"column":0,"line":201}},"decl":{"start":{"column":0,"line":201},"end":{"column":0,"line":201}},"name":"<anonymous>","line":201},"90":{"loc":{"start":{"column":0,"line":273},"end":{"column":0,"line":273}},"decl":{"start":{"column":0,"line":273},"end":{"column":0,"line":273}},"name":"<anonymous>","line":273},"91":{"loc":{"start":{"column":0,"line":304},"end":{"column":0,"line":304}},"decl":{"start":{"column":0,"line":304},"end":{"column":0,"line":304}},"name":"<anonymous>","line":304},"92":{"loc":{"start":{"column":0,"line":307},"end":{"column":0,"line":307}},"decl":{"start":{"column":0,"line":307},"end":{"column":0,"line":307}},"name":"<anonymous>","line":307}},"s":{"411":1,"412":1,"413":1,"414":1,"415":1,"416":1,"417":1,"418":1,"419":1,"420":1,"421":1,"422":1,"423":1,"424":1,"425":1,"426":1,"427":1,"428":1,"429":1,"430":1,"431":1,"432":1,"433":1,"434":1,"435":0,"436":0,"437":0,"438":0,"439":0,"440":0,"441":0,"442":0,"443":0,"444":0,"445":0,"446":0,"447":0,"448":0,"449":0,"450":0,"451":0,"452":0,"453":0,"454":0,"455":0,"456":0,"457":0,"458":0,"459":0,"460":0,"461":0,"462":0,"463":0,"464":0,"465":0,"466":0,"467":0,"468":0,"469":0,"470":0,"471":0,"472":0,"473":0,"474":0,"475":0,"476":0,"477":0,"478":0,"479":0,"480":0,"481":0,"482":0,"483":0,"484":0,"485":0,"486":0,"487":0,"488":0,"489":0,"490":0,"491":0,"492":0,"493":0,"494":0,"495":0,"496":0,"497":0,"498":0,"499":0,"500":0,"501":0,"502":0,"503":0,"504":0,"505":0,"506":0,"507":0,"508":0,"509":0,"510":0,"511":0,"512":0,"513":0,"514":0,"515":0,"516":0,"517":0,"518":0,"519":0,"520":0,"521":0,"522":0,"523":0,"524":0,"525":0,"526":0,"527":0,"528":0,"529":0,"530":0,"531":0,"532":0,"533":0,"534":1},"branchMap":{"65":{"loc":{"start":{"column":0,"line":39},"end":{"column":0,"line":39}},"type":"if","locations":[{"start":{"column":0,"line":39},"end":{"column":0,"line":39}},{"start":{"column":0,"line":41},"end":{"column":0,"line":41}}],"line":38},"66":{"loc":{"start":{"column":0,"line":62},"end":{"column":0,"line":62}},"type":"if","locations":[{"start":{"column":0,"line":62},"end":{"column":0,"line":62}},{"start":{"column":0,"line":64},"end":{"column":0,"line":64}}],"line":61},"67":{"loc":{"start":{"column":0,"line":75},"end":{"column":0,"line":75}},"type":"if","locations":[{"start":{"column":0,"line":75},"end":{"column":0,"line":75}},{"start":{"column":0,"line":79},"end":{"column":0,"line":79}}],"line":74},"68":{"loc":{"start":{"column":0,"line":77},"end":{"column":0,"line":77}},"type":"if","locations":[{"start":{"column":0,"line":77},"end":{"column":0,"line":77}},{"start":{"column":0,"line":78},"end":{"column":0,"line":78}}],"line":76},"69":{"loc":{"start":{"column":0,"line":99},"end":{"column":0,"line":99}},"type":"if","locations":[{"start":{"column":0,"line":99},"end":{"column":0,"line":99}},{"start":{"column":0,"line":101},"end":{"column":0,"line":101}}],"line":98},"70":{"loc":{"start":{"column":0,"line":154},"end":{"column":0,"line":154}},"type":"if","locations":[{"start":{"column":0,"line":154},"end":{"column":0,"line":154}},{"start":{"column":0,"line":156},"end":{"column":0,"line":156}}],"line":153},"71":{"loc":{"start":{"column":0,"line":169},"end":{"column":0,"line":169}},"type":"if","locations":[{"start":{"column":0,"line":169},"end":{"column":0,"line":169}},{"start":{"column":0,"line":170},"end":{"column":0,"line":170}}],"line":168},"72":{"loc":{"start":{"column":0,"line":173},"end":{"column":0,"line":173}},"type":"if","locations":[{"start":{"column":0,"line":173},"end":{"column":0,"line":173}},{"start":{"column":0,"line":174},"end":{"column":0,"line":174}}],"line":172},"73":{"loc":{"start":{"column":0,"line":179},"end":{"column":0,"line":179}},"type":"if","locations":[{"start":{"column":0,"line":179},"end":{"column":0,"line":179}},{"start":{"column":0,"line":180},"end":{"column":0,"line":180}}],"line":178},"74":{"loc":{"start":{"column":0,"line":184},"end":{"column":0,"line":184}},"type":"if","locations":[{"start":{"column":0,"line":184},"end":{"column":0,"line":184}},{"start":{"column":0,"line":185},"end":{"column":0,"line":185}}],"line":183},"75":{"loc":{"start":{"column":0,"line":188},"end":{"column":0,"line":188}},"type":"if","locations":[{"start":{"column":0,"line":188},"end":{"column":0,"line":188}},{"start":{"column":0,"line":189},"end":{"column":0,"line":189}}],"line":187},"76":{"loc":{"start":{"column":0,"line":256},"end":{"column":0,"line":256}},"type":"if","locations":[{"start":{"column":0,"line":256},"end":{"column":0,"line":256}},{"start":{"column":0,"line":257},"end":{"column":0,"line":257}}],"line":255},"77":{"loc":{"start":{"column":0,"line":260},"end":{"column":0,"line":260}},"type":"if","locations":[{"start":{"column":0,"line":260},"end":{"column":0,"line":260}},{"start":{"column":0,"line":261},"end":{"column":0,"line":261}}],"line":259},"78":{"loc":{"start":{"column":0,"line":275},"end":{"column":0,"line":275}},"type":"if","locations":[{"start":{"column":0,"line":275},"end":{"column":0,"line":275}},{"start":{"column":0,"line":276},"end":{"column":0,"line":276}}],"line":274}},"f":{"73":0,"74":0,"75":0,"76":0,"77":0,"78":0,"79":0,"80":0,"81":0,"82":0,"83":0,"84":0,"85":0,"86":0,"87":0,"88":0,"89":0,"90":0,"91":0,"92":0}}
,"/Users/teakzc/Documents/GitHub/inventory/out/lib/client/ui/components/drag.luau": {"path":"/Users/teakzc/Documents/GitHub/inventory/out/lib/client/ui/components/drag.luau","statementMap":{"885":{"start":{"column":0,"line":2},"end":{"column":0,"line":2}},"886":{"start":{"column":0,"line":3},"end":{"column":0,"line":3}},"887":{"start":{"column":0,"line":4},"end":{"column":0,"line":4}},"888":{"start":{"column":0,"line":5},"end":{"column":0,"line":5}},"889":{"start":{"column":0,"line":6},"end":{"column":0,"line":6}},"890":{"start":{"column":0,"line":7},"end":{"column":0,"line":7}},"891":{"start":{"column":0,"line":8},"end":{"column":0,"line":8}},"892":{"start":{"column":0,"line":9},"end":{"column":0,"line":9}},"893":{"start":{"column":0,"line":10},"end":{"column":0,"line":10}},"894":{"start":{"column":0,"line":11},"end":{"column":0,"line":11}},"895":{"start":{"column":0,"line":12},"end":{"column":0,"line":12}},"896":{"start":{"column":0,"line":13},"end":{"column":0,"line":13}},"897":{"start":{"column":0,"line":14},"end":{"column":0,"line":14}},"898":{"start":{"column":0,"line":15},"end":{"column":0,"line":15}},"899":{"start":{"column":0,"line":16},"end":{"column":0,"line":16}},"900":{"start":{"column":0,"line":17},"end":{"column":0,"line":17}},"901":{"start":{"column":0,"line":18},"end":{"column":0,"line":18}},"902":{"start":{"column":0,"line":19},"end":{"column":0,"line":19}},"903":{"start":{"column":0,"line":20},"end":{"column":0,"line":20}},"904":{"start":{"column":0,"line":31},"end":{"column":0,"line":31}},"905":{"start":{"column":0,"line":33},"end":{"column":0,"line":33}},"906":{"start":{"column":0,"line":35},"end":{"column":0,"line":35}},"907":{"start":{"column":0,"line":37},"end":{"column":0,"line":37}},"908":{"start":{"column":0,"line":38},"end":{"column":0,"line":38}},"909":{"start":{"column":0,"line":40},"end":{"column":0,"line":40}},"910":{"start":{"column":0,"line":41},"end":{"column":0,"line":41}},"911":{"start":{"column":0,"line":46},"end":{"column":0,"line":46}},"912":{"start":{"column":0,"line":48},"end":{"column":0,"line":48}},"913":{"start":{"column":0,"line":49},"end":{"column":0,"line":49}},"914":{"start":{"column":0,"line":51},"end":{"column":0,"line":51}},"915":{"start":{"column":0,"line":52},"end":{"column":0,"line":52}},"916":{"start":{"column":0,"line":53},"end":{"column":0,"line":53}},"917":{"start":{"column":0,"line":54},"end":{"column":0,"line":54}},"918":{"start":{"column":0,"line":55},"end":{"column":0,"line":55}},"919":{"start":{"column":0,"line":62},"end":{"column":0,"line":62}},"920":{"start":{"column":0,"line":63},"end":{"column":0,"line":63}},"921":{"start":{"column":0,"line":64},"end":{"column":0,"line":64}},"922":{"start":{"column":0,"line":65},"end":{"column":0,"line":65}},"923":{"start":{"column":0,"line":66},"end":{"column":0,"line":66}},"924":{"start":{"column":0,"line":67},"end":{"column":0,"line":67}},"925":{"start":{"column":0,"line":69},"end":{"column":0,"line":69}},"926":{"start":{"column":0,"line":71},"end":{"column":0,"line":71}},"927":{"start":{"column":0,"line":75},"end":{"column":0,"line":75}},"928":{"start":{"column":0,"line":79},"end":{"column":0,"line":79}},"929":{"start":{"column":0,"line":84},"end":{"column":0,"line":84}},"930":{"start":{"column":0,"line":87},"end":{"column":0,"line":87}},"931":{"start":{"column":0,"line":90},"end":{"column":0,"line":90}},"932":{"start":{"column":0,"line":103},"end":{"column":0,"line":103}},"933":{"start":{"column":0,"line":133},"end":{"column":0,"line":133}},"934":{"start":{"column":0,"line":138},"end":{"column":0,"line":138}},"935":{"start":{"column":0,"line":140},"end":{"column":0,"line":140}},"936":{"start":{"column":0,"line":142},"end":{"column":0,"line":142}},"937":{"start":{"column":0,"line":143},"end":{"column":0,"line":143}},"938":{"start":{"column":0,"line":162},"end":{"column":0,"line":162}}},"b":{"96":[0,0],"97":[0,0],"98":[0,0],"99":[0,0],"100":[0,0],"101":[0,0],"102":[0,0,0],"103":[0,0],"104":[0,0]},"fnMap":{"170":{"loc":{"start":{"column":0,"line":30},"end":{"column":0,"line":30}},"decl":{"start":{"column":0,"line":30},"end":{"column":0,"line":30}},"name":"Drag","line":30},"171":{"loc":{"start":{"column":0,"line":32},"end":{"column":0,"line":32}},"decl":{"start":{"column":0,"line":32},"end":{"column":0,"line":32}},"name":"<anonymous>","line":32},"172":{"loc":{"start":{"column":0,"line":36},"end":{"column":0,"line":36}},"decl":{"start":{"column":0,"line":36},"end":{"column":0,"line":36}},"name":"<anonymous>","line":36},"173":{"loc":{"start":{"column":0,"line":47},"end":{"column":0,"line":47}},"decl":{"start":{"column":0,"line":47},"end":{"column":0,"line":47}},"name":"<anonymous>","line":47},"174":{"loc":{"start":{"column":0,"line":74},"end":{"column":0,"line":74}},"decl":{"start":{"column":0,"line":74},"end":{"column":0,"line":74}},"name":"<anonymous>","line":74},"175":{"loc":{"start":{"column":0,"line":78},"end":{"column":0,"line":78}},"decl":{"start":{"column":0,"line":78},"end":{"column":0,"line":78}},"name":"<anonymous>","line":78}},"s":{"885":1,"886":1,"887":1,"888":1,"889":1,"890":1,"891":1,"892":1,"893":1,"894":1,"895":1,"896":1,"897":1,"898":1,"899":1,"900":1,"901":1,"902":1,"903":1,"904":0,"905":0,"906":0,"907":0,"908":0,"909":0,"910":0,"911":0,"912":0,"913":0,"914":0,"915":0,"916":0,"917":0,"918":0,"919":0,"920":0,"921":0,"922":0,"923":0,"924":0,"925":0,"926":0,"927":0,"928":0,"929":0,"930":0,"931":0,"932":0,"933":0,"934":0,"935":0,"936":0,"937":0,"938":1},"branchMap":{"96":{"loc":{"start":{"column":0,"line":38},"end":{"column":0,"line":38}},"type":"if","locations":[{"start":{"column":0,"line":38},"end":{"column":0,"line":38}},{"start":{"column":0,"line":39},"end":{"column":0,"line":39}}],"line":37},"97":{"loc":{"start":{"column":0,"line":49},"end":{"column":0,"line":49}},"type":"if","locations":[{"start":{"column":0,"line":49},"end":{"column":0,"line":49}},{"start":{"column":0,"line":50},"end":{"column":0,"line":50}}],"line":48},"98":{"loc":{"start":{"column":0,"line":69},"end":{"column":0,"line":69}},"type":"if","locations":[{"start":{"column":0,"line":69},"end":{"column":0,"line":69}},{"start":{"column":0,"line":70},"end":{"column":0,"line":70}}],"line":68},"99":{"loc":{"start":{"column":0,"line":82},"end":{"column":0,"line":82}},"type":"if","locations":[{"start":{"column":0,"line":82},"end":{"column":0,"line":82}},{"start":{"column":0,"line":82},"end":{"column":0,"line":82}}],"line":82},"100":{"loc":{"start":{"column":0,"line":90},"end":{"column":0,"line":90}},"type":"if","locations":[{"start":{"column":0,"line":90},"end":{"column":0,"line":90}},{"start":{"column":0,"line":90},"end":{"column":0,"line":90}}],"line":90},"101":{"loc":{"start":{"column":0,"line":99},"end":{"column":0,"line":99}},"type":"if","locations":[{"start":{"column":0,"line":99},"end":{"column":0,"line":99}},{"start":{"column":0,"line":99},"end":{"column":0,"line":99}}],"line":99},"102":{"loc":{"start":{"column":0,"line":103},"end":{"column":0,"line":103}},"type":"if","locations":[{"start":{"column":0,"line":103},"end":{"column":0,"line":103}},{"start":{"column":0,"line":109},"end":{"column":0,"line":109}},{"start":{"column":0,"line":103},"end":{"column":0,"line":103}}],"line":103},"103":{"loc":{"start":{"column":0,"line":140},"end":{"column":0,"line":140}},"type":"if","locations":[{"start":{"column":0,"line":140},"end":{"column":0,"line":140}},{"start":{"column":0,"line":141},"end":{"column":0,"line":141}}],"line":139},"104":{"loc"
[...]
umn":0,"line":37},"end":{"column":0,"line":37}},"1241":{"start":{"column":0,"line":41},"end":{"column":0,"line":41}},"1242":{"start":{"column":0,"line":42},"end":{"column":0,"line":42}},"1243":{"start":{"column":0,"line":46},"end":{"column":0,"line":46}},"1244":{"start":{"column":0,"line":49},"end":{"column":0,"line":49}},"1245":{"start":{"column":0,"line":53},"end":{"column":0,"line":53}},"1246":{"start":{"column":0,"line":55},"end":{"column":0,"line":55}},"1247":{"start":{"column":0,"line":56},"end":{"column":0,"line":56}},"1248":{"start":{"column":0,"line":61},"end":{"column":0,"line":61}},"1249":{"start":{"column":0,"line":63},"end":{"column":0,"line":63}},"1250":{"start":{"column":0,"line":65},"end":{"column":0,"line":65}},"1251":{"start":{"column":0,"line":67},"end":{"column":0,"line":67}},"1252":{"start":{"column":0,"line":70},"end":{"column":0,"line":70}},"1253":{"start":{"column":0,"line":74},"end":{"column":0,"line":74}},"1254":{"start":{"column":0,"line":76},"end":{"column":0,"line":76}},"1255":{"start":{"column":0,"line":77},"end":{"column":0,"line":77}},"1256":{"start":{"column":0,"line":81},"end":{"column":0,"line":81}},"1257":{"start":{"column":0,"line":84},"end":{"column":0,"line":84}},"1258":{"start":{"column":0,"line":86},"end":{"column":0,"line":86}},"1259":{"start":{"column":0,"line":90},"end":{"column":0,"line":90}},"1260":{"start":{"column":0,"line":91},"end":{"column":0,"line":91}},"1261":{"start":{"column":0,"line":95},"end":{"column":0,"line":95}},"1262":{"start":{"column":0,"line":97},"end":{"column":0,"line":97}},"1263":{"start":{"column":0,"line":98},"end":{"column":0,"line":98}},"1264":{"start":{"column":0,"line":102},"end":{"column":0,"line":102}},"1265":{"start":{"column":0,"line":104},"end":{"column":0,"line":104}},"1266":{"start":{"column":0,"line":106},"end":{"column":0,"line":106}},"1267":{"start":{"column":0,"line":108},"end":{"column":0,"line":108}},"1268":{"start":{"column":0,"line":110},"end":{"column":0,"line":110}},"1269":{"start":{"column":0,"line":111},"end":{"column":0,"line":111}},"1270":{"start":{"column":0,"line":113},"end":{"column":0,"line":113}},"1271":{"start":{"column":0,"line":114},"end":{"column":0,"line":114}},"1272":{"start":{"column":0,"line":115},"end":{"column":0,"line":115}},"1273":{"start":{"column":0,"line":117},"end":{"column":0,"line":117}},"1274":{"start":{"column":0,"line":119},"end":{"column":0,"line":119}},"1275":{"start":{"column":0,"line":121},"end":{"column":0,"line":121}},"1276":{"start":{"column":0,"line":124},"end":{"column":0,"line":124}},"1277":{"start":{"column":0,"line":129},"end":{"column":0,"line":129}},"1278":{"start":{"column":0,"line":130},"end":{"column":0,"line":130}},"1279":{"start":{"column":0,"line":134},"end":{"column":0,"line":134}},"1280":{"start":{"column":0,"line":136},"end":{"column":0,"line":136}},"1281":{"start":{"column":0,"line":140},"end":{"column":0,"line":140}},"1282":{"start":{"column":0,"line":141},"end":{"column":0,"line":141}},"1283":{"start":{"column":0,"line":145},"end":{"column":0,"line":145}},"1284":{"start":{"column":0,"line":147},"end":{"column":0,"line":147}},"1285":{"start":{"column":0,"line":148},"end":{"column":0,"line":148}},"1286":{"start":{"column":0,"line":152},"end":{"column":0,"line":152}},"1287":{"start":{"column":0,"line":154},"end":{"column":0,"line":154}},"1288":{"start":{"column":0,"line":155},"end":{"column":0,"line":155}},"1289":{"start":{"column":0,"line":159},"end":{"column":0,"line":159}},"1290":{"start":{"column":0,"line":160},"end":{"column":0,"line":160}},"1291":{"start":{"column":0,"line":164},"end":{"column":0,"line":164}},"1292":{"start":{"column":0,"line":165},"end":{"column":0,"line":165}},"1293":{"start":{"column":0,"line":166},"end":{"column":0,"line":166}},"1294":{"start":{"column":0,"line":170},"end":{"column":0,"line":170}},"1295":{"start":{"column":0,"line":171},"end":{"column":0,"line":171}},"1296":{"start":{"column":0,"line":175},"end":{"column":0,"line":175}},"1297":{"start":{"column":0,"line":176},"end":{"column":0,"line":176}},"1298":{"start":{"column":0,"line":180},"end":{"column":0,"line":180}},"1299":{"start":{"column":0,"line":181},"end":{"column":0,"line":181}},"1300":{"start":{"column":0,"line":182},"end":{"column":0,"line":182}},"1301":{"start":{"column":0,"line":183},"end":{"column":0,"line":183}},"1302":{"start":{"column":0,"line":187},"end":{"column":0,"line":187}},"1303":{"start":{"column":0,"line":188},"end":{"column":0,"line":188}},"1304":{"start":{"column":0,"line":192},"end":{"column":0,"line":192}},"1305":{"start":{"column":0,"line":193},"end":{"column":0,"line":193}},"1306":{"start":{"column":0,"line":198},"end":{"column":0,"line":198}},"1307":{"start":{"column":0,"line":199},"end":{"column":0,"line":199}},"1308":{"start":{"column":0,"line":200},"end":{"column":0,"line":200}},"1309":{"start":{"column":0,"line":202},"end":{"column":0,"line":202}},"1310":{"start":{"column":0,"line":204},"end":{"column":0,"line":204}},"1311":{"start":{"column":0,"line":205},"end":{"column":0,"line":205}},"1312":{"start":{"column":0,"line":207},"end":{"column":0,"line":207}},"1313":{"start":{"column":0,"line":209},"end":{"column":0,"line":209}},"1314":{"start":{"column":0,"line":210},"end":{"column":0,"line":210}},"1315":{"start":{"column":0,"line":212},"end":{"column":0,"line":212}},"1316":{"start":{"column":0,"line":214},"end":{"column":0,"line":214}},"1317":{"start":{"column":0,"line":215},"end":{"column":0,"line":215}},"1318":{"start":{"column":0,"line":217},"end":{"column":0,"line":217}},"1319":{"start":{"column":0,"line":219},"end":{"column":0,"line":219}},"1320":{"start":{"column":0,"line":222},"end":{"column":0,"line":222}},"1321":{"start":{"column":0,"line":226},"end":{"column":0,"line":226}},"1322":{"start":{"column":0,"line":227},"end":{"column":0,"line":227}},"1323":{"start":{"column":0,"line":230},"end":{"column":0,"line":230}},"1324":{"start":{"column":0,"line":233},"end":{"column":0,"line":233}},"1325":{"start":{"column":0,"line":236},"end":{"column":0,"line":236}},"1326":{"start":{"column":0,"line":240},"end":{"column":0,"line":240}},"1327":{"start":{"column":0,"line":243},"end":{"column":0,"line":243}},"1328":{"start":{"column":0,"line":247},"end":{"column":0,"line":247}},"1329":{"start":{"column":0,"line":248},"end":{"column":0,"line":248}},"1330":{"start":{"column":0,"line":252},"end":{"column":0,"line":252}},"1331":{"start":{"column":0,"line":253},"end":{"column":0,"line":253}},"1332":{"start":{"column":0,"line":256},"end":{"column":0,"line":256}},"1333":{"start":{"column":0,"line":257},"end":{"column":0,"line":257}},"1334":{"start":{"column":0,"line":258},"end":{"column":0,"line":258}},"1335":{"start":{"column":0,"line":260},"end":{"column":0,"line":260}},"1336":{"start":{"column":0,"line":262},"end":{"column":0,"line":262}},"1337":{"start":{"column":0,"line":265},"end":{"column":0,"line":265}},"1338":{"start":{"column":0,"line":269},"end":{"column":0,"line":269}},"1339":{"start":{"column":0,"line":270},"end":{"column":0,"line":270}},"1340":{"start":{"column":0,"line":273},"end":{"column":0,"line":273}},"1341":{"start":{"column":0,"line":277},"end":{"column":0,"line":277}},"1342":{"start":{"column":0,"line":278},"end":{"column":0,"line":278}},"1343":{"start":{"column":0,"line":282},"end":{"column":0,"line":282}},"1344":{"start":{"column":0,"line":284},"end":{"column":0,"line":284}},"1345":{"start":{"column":0,"line":286},"end":{"column":0,"line":286}},"1346":{"start":{"column":0,"line":288},"end":{"column":0,"line":288}}},"b":{"146":[9,0],"147":[1,0],"148":[1,0],"149":[0,0],"150":[1,0],"151":[1,0],"152":[1,0],"153":[1,0],"154":[1,0],"155":[1,0],"156":[1,0]},"fnMap":{"200":{"loc":{"start":{"column":0,"line":19},"end":{"column":0,"line":19}},"decl":{"start":{"column":0,"line":19},"end":{"column":0,"line":19}},"name":"<anonymous>","line":19},"201":{"loc":{"start":{"column":0,"line":26},"end":{"column":0,"line":26}},"decl":{"start":{"column":0,"line":26},"end":{"column":0,"line":26}},"name":"<anonymous>","line":26},"202":{"loc":{"start":{"column":0,"line":27},"end":{"column":0,"line":27}},"decl":{"start":{"column":0,"line":27},"end":{"column":0,"line":27}},"name":"<anonymous>","line":27},"203":{"loc":{"start":{"column":0,"line":30},"end":{"column":0,"line":30}},"decl":{"start":{"column":0,"line":30},"end":{"column":0,"line":30}},"name":"<anonymous>","line":30},"204":{"loc":{"start":{"column":0,"line":31},"end":{"column":0,"line":31}},"decl":{"start":{"column":0,"line":31},"end":{"column":0,"line":31}},"name":"<anonymous>","line":31},"205":{"loc":{"start":{"column":0,"line":40},"end":{"column":0,"line":40}},"decl":{"start":{"column":0,"line":40},"end":{"column":0,"line":40}},"name":"<anonymous>","line":40},"206":{"loc":{"start":{"column":0,"line":41},"end":{"column":0,"line":41}},"decl":{"start":{"column":0,"line":41},"end":{"column":0,"line":41}},"name":"<anonymous>","line":41},"207":{"loc":{"start":{"column":0,"line":48},"end":{"column":0,"line":48}},"decl":{"start":{"column":0,"line":48},"end":{"column":0,"line":48}},"name":"<anonymous>","line":48},"208":{"loc":{"start":{"column":0,"line":54},"end":{"column":0,"line":54}},"decl":{"start":{"column":0,"line":54},"end":{"column":0,"line":54}},"name":"<anonymous>","line":54},"209":{"loc":{"start":{"column":0,"line":69},"end":{"column":0,"line":69}},"decl":{"start":{"column":0,"line":69},"end":{"column":0,"line":69}},"name":"<anonymous>","line":69},"210":{"loc":{"start":{"column":0,"line":75},"end":{"column":0,"line":75}},"decl":{"start":{"column":0,"line":75},"end":{"column":0,"line":75}},"name":"<anonymous>","line":75},"211":{"loc":{"start":{"column":0,"line":83},"end":{"column":0,"line":83}},"decl":{"start":{"column":0,"line":83},"end":{"column":0,"line":83}},"name":"<anonymous>","line":83},"212":{"loc":{"start":{"column":0,"line":89},"end":{"column":0,"line":89}},"decl":{"start":{"column":0,"line":89},"end":{"column":0,"line":89}},"name":"<anonymous>","line":89},"213":{"loc":{"start":{"column":0,"line":90},"end":{"column":0,"line":90}},"decl":{"start":{"column":0,"line":90},"end":{"column":0,"line":90}},"name":"<anonymous>","line":90},"214":{"loc":{"start":{"column":0,"line":96},"end":{"column":0,"line":96}},"decl":{"start":{"column":0,"line":96},"end":{"column":0,"line":96}},"name":"<anonymous>","line":96},"215":{"loc":{"start":{"column":0,"line":109},"end":{"column":0,"line":109}},"decl":{"start":{"column":0,"line":109},"end":{"column":0,"line":109}},"name":"<anonymous>","line":109},"216":{"loc":{"start":{"column":0,"line":123},"end":{"column":0,"line":123}},"decl":{"start":{"column":0,"line":123},"end":{"column":0,"line":123}},"name":"<anonymous>","line":123},"217":{"loc":{"start":{"column":0,"line":128},"end":{"column":0,"line":128}},"decl":{"start":{"column":0,"line":128},"end":{"column":0,"line":128}},"name":"<anonymous>","line":128},"218":{"loc":{"start":{"column":0,"line":139},"end":{"column":0,"line":139}},"decl":{"start":{"column":0,"line":139},"end":{"column":0,"line":139}},"name":"<anonymous>","line":139},"219":{"loc":{"start":{"column":0,"line":140},"end":{"column":0,"line":140}},"decl":{"start":{"column":0,"line":140},"end":{"column":0,"line":140}},"name":"<anonymous>","line":140},"220":{"loc":{"start":{"column":0,"line":146},"end":{"column":0,"line":146}},"decl":{"start":{"column":0,"line":146},"end":{"column":0,"line":146}},"name":"<anonymous>","line":146},"221":{"loc":{"start":{"column":0,"line":158},"end":{"column":0,"line":158}},"decl":{"start":{"column":0,"line":158},"end":{"column":0,"line":158}},"name":"<anonymous>","line":158},"222":{"loc":{"start":{"column":0,"line":159},"end":{"column":0,"line":159}},"decl":{"start":{"column":0,"line":159},"end":{"column":0,"line":159}},"name":"<anonymous>","line":159},"223":{"loc":{"start":{"column":0,"line":169},"end":{"column":0,"line":169}},"decl":{"start":{"column":0,"line":169},"end":{"column":0,"line":169}},"name":"<anonymous>","line":169},"224":{"loc":{"start":{"column":0,"line":170},"end":{"column":0,"line":170}},"decl":{"start":{"column":0,"line":170},"end":{"column":0,"line":170}},"name":"<anonymous>","line":170},"225":{"loc":{"start":{"column":0,"line":186},"end":{"column":0,"line":186}},"decl":{"start":{"column":0,"line":186},"end":{"column":0,"line":186}},"name":"<anonymous>","line":186},"226":{"loc":{"start":{"column":0,"line":187},"end":{"column":0,"line":187}},"decl":{"start":{"column":0,"line":187},"end":{"column":0,"line":187}},"name":"<anonymous>","line":187},"227":{"loc":{"start":{"column":0,"line":221},"end":{"column":0,"line":221}},"decl":{"start":{"column":0,"line":221},"end":{"column":0,"line":221}},"name":"<anonymous>","line":221},"228":{"loc":{"start":{"column":0,"line":235},"end":{"column":0,"line":235}},"decl":{"start":{"column":0,"line":235},"end":{"column":0,"line":235}},"name":"<anonymous>","line":235},"229":{"loc":{"start":{"column":0,"line":246},"end":{"column":0,"line":246}},"decl":{"start":{"column":0,"line":246},"end":{"column":0,"line":246}},"name":"<anonymous>","line":246},"230":{"loc":{"start":{"column":0,"line":247},"end":{"column":0,"line":247}},"decl":{"start":{"column":0,"line":247},"end":{"column":0,"line":247}},"name":"<anonymous>","line":247},"231":{"loc":{"start":{"column":0,"line":264},"end":{"column":0,"line":264}},"decl":{"start":{"column":0,"line":264},"end":{"column":0,"line":264}},"name":"<anonymous>","line":264},"232":{"loc":{"start":{"column":0,"line":272},"end":{"column":0,"line":272}},"decl":{"start":{"column":0,"line":272},"end":{"column":0,"line":272}},"name":"<anonymous>","line":272},"233":{"loc":{"start":{"column":0,"line":281},"end":{"column":0,"line":281}},"decl":{"start":{"column":0,"line":281},"end":{"column":0,"line":281}},"name":"<anonymous>","line":281}},"s":{"1216":1,"1217":1,"1218":1,"1219":1,"1220":1,"1221":1,"1222":1,"1223":1,"1224":1,"1225":1,"1226":1,"1227":1,"1228":1,"1229":1,"1230":1,"1231":1,"1232":1,"1233":1,"1234":9,"1235":1,"1236":15,"1237":1,"1238":1,"1239":1,"1240":1,"1241":1,"1242":1,"1243":1,"1244":1,"1245":1,"1246":1,"1247":1,"1248":1,"1249":1,"1250":1,"1251":1,"1252":1,"1253":1,"1254":1,"1255":1,"1256":1,"1257":1,"1258":1,"1259":1,"1260":1,"1261":1,"1262":1,"1263":1,"1264":1,"1265":1,"1266":1,"1267":1,"1268":1,"1269":0,"1270":1,"1271":1,"1272":1,"1273":1,"1274":1,"1275":1,"1276":1,"1277":0,"1278":0,"1279":0,"1280":1,"1281":1,"1282":1,"1283":1,"1284":1,"1285":1,"1286":1,"1287":1,"1288":1,"1289":1,"1290":1,"1291":1,"1292":1,"1293":1,"1294":1,"1295":1,"1296":1,"1297":1,"1298":1,"1299":1,"1300":1,"1301":1,"1302":1,"1303":1,"1304":1,"1305":1,"1306":1,"1307":1,"1308":1,"1309":1,"1310":1,"1311":1,"1312":1,"1313":1,"1314":1,"1315":1,"1316":1,"1317":1,"1318":1,"1319":1,"1320":1,"1321":1,"1322":1,"1323":1,"1324":1,"1325":1,"1326":1,"1327":1,"1328":1,"1329":1,"1330":1,"1331":1,"1332":1,"1333":1,"1334":1,"1335":1,"1336":1,"1337":1,"1338":1,"1339":1,"1340":1,"1341":1,"1342":1,"1343":1,"1344":1,"1345":1,"1346":1},"branchMap":{"146":{"loc":{"start":{"column":0,"line":22},"end":{"column":0,"line":22}},"type":"if","locations":[{"start":{"column":0,"line":22},"end":{"column":0,"line":22}},{"start":{"column":0,"line":23},"end":{"column":0,"line":23}}],"line":21},"147":{"loc":{"start":{"column":0,"line":65},"end":{"column":0,"line":65}},"type":"if","locations":[{"start":{"column":0,"line":65},"end":{"column":0,"line":65}},{"start":{"column":0,"line":66},"end":{"column":0,"line":66}}],"line":64},"148":{"loc":{"start":{"column":0,"line":106},"end":{"column":0,"line":106}},"type":"if","locations":[{"start":{"column":0,"line":106},"end":{"column":0,"line":106}},{"start":{"column":0,"line":107},"end":{"column":0,"line":107}}],"line":105},"149":{"loc":{"start":{"column":0,"line":111},"end":{"column":0,"line":111}},"type":"if","locations":[{"start":{"column":0,"line":111},"end":{"column":0,"line":111}},{"start":{"column":0,"line":112},"end":{"column":0,"line":112}}],"line":110},"150":{"loc":{"start":{"column":0,"line":119},"end":{"column":0,"line":119}},"type":"if","locations":[{"start":{"column":0,"line":119},"end":{"column":0,"line":119}},{"start":{"column":0,"line":120},"end":{"column":0,"line":120}}],"line":118},"151":{"loc":{"start":{"column":0,"line":202},"end":{"column":0,"line":202}},"type":"if","locations":[{"start":{"column":0,"line":202},"end":{"column":0,"line":202}},{"start":{"column":0,"line":203},"end":{"column":0,"line":203}}],"line":201},"152":{"loc":{"start":{"column":0,"line":207},"end":{"column":0,"line":207}},"type":"if","locations":[{"start":{"column":0,"line":207},"end":{"column":0,"line":207}},{"start":{"column":0,"line":208},"end":{"column":0,"line":208}}],"line":206},"153":{"loc":{"start":{"column":0,"line":212},"end":{"column":0,"line":212}},"type":"if","locations":[{"start":{"column":0,"line":212},"end":{"column":0,"line":212}},{"start":{"column":0,"line":213},"end":{"column":0,"line":213}}],"line":211},"154":{"loc":{"start":{"column":0,"line":217},"end":{"column":0,"line":217}},"type":"if","locations":[{"start":{"column":0,"line":217},"end":{"column":0,"line":217}},{"start":{"column":0,"line":218},"end":{"column":0,"line":218}}],"line":216},"155":{"loc":{"start":{"column":0,"line":260},"end":{"column":0,"line":260}},"type":"if","locations":[{"start":{"column":0,"line":260},"end":{"column":0,"line":260}},{"start":{"column":0,"line":261},"end":{"column":0,"line":261}}],"line":259},"156":{"loc":{"start":{"column":0,"line":286},"end":{"column":0,"line":286}},"type":"if","locations":[{"start":{"column":0,"line":286},"end":{"column":0,"line":286}},{"start":{"column":0,"line":287},"end":{"column":0,"line":287}}],"line":285}},"f":{"200":1,"201":1,"202":15,"203":1,"204":1,"205":1,"206":1,"207":1,"208":1,"209":1,"210":1,"211":1,"212":1,"213":1,"214":1,"215":1,"216":1,"217":0,"218":1,"219":1,"220":1,"221":1,"222":1,"223":1,"224":1,"225":1,"226":1,"227":1,"228":1,"229":1,"230":1,"231":1,"232":1,"233":1}}
,"/Users/teakzc/Documents/GitHub/inventory/out/tests/utils/increment.test.luau": {"path":"/Users/teakzc/Documents/GitHub/inventory/out/tests/utils/increment.test.luau","statementMap":{"637":{"start":{"column":0,"line":2},"end":{"column":0,"line":2}},"638":{"start":{"column":0,"line":3},"end":{"column":0,"line":3}},"639":{"start":{"column":0,"line":4},"end":{"column":0,"line":4}},"640":{"start":{"column":0,"line":5},"end":{"column":0,"line":5}},"641":{"start":{"column":0,"line":6},"end":{"column":0,"line":6}},"642":{"start":{"column":0,"line":7},"end":{"column":0,"line":7}},"643":{"start":{"column":0,"line":8},"end":{"column":0,"line":8}},"644":{"start":{"column":0,"line":10},"end":{"column":0,"line":10}},"645":{"start":{"column":0,"line":12},"end":{"column":0,"line":12}},"646":{"start":{"column":0,"line":17},"end":{"column":0,"line":17}},"647":{"start":{"column":0,"line":18},"end":{"column":0,"line":18}},"648":{"start":{"column":0,"line":21},"end":{"column":0,"line":21}}},"b":{"85":[2,0]},"fnMap":{"122":{"loc":{"start":{"column":0,"line":9},"end":{"column":0,"line":9}},"decl":{"start":{"column":0,"line":9},"end":{"column":0,"line":9}},"name":"<anonymous>","line":9},"123":{"loc":{"start":{"column":0,"line":16},"end":{"column":0,"line":16}},"decl":{"start":{"column":0,"line":16},"end":{"column":0,"line":16}},"name":"<anonymous>","line":16},"124":{"loc":{"start":{"column":0,"line":17},"end":{"column":0,"line":17}},"decl":{"start":{"column":0,"line":17},"end":{"column":0,"line":17}},"name":"<anonymous>","line":17},"125":{"loc":{"start":{"column":0,"line":20},"end":{"column":0,"line":20}},"decl":{"start":{"column":0,"line":20},"end":{"column":0,"line":20}},"name":"<anonymous>","line":20}},"s":{"637":1,"638":1,"639":1,"640":1,"641":1,"642":1,"643":1,"644":1,"645":2,"646":1,"647":1,"648":1},"branchMap":{"85":{"loc":{"start":{"column":0,"line":12},"end":{"column":0,"line":12}},"type":"if","locations":[{"start":{"column":0,"line":12},"end":{"column":0,"line":12}},{"start":{"column":0,"line":13},"end":{"column":0,"line":13}}],"line":11}},"f":{"122":1,"123":1,"124":1,"125":1}}
}
