{"total": {"lines":{"total":1389,"covered":822,"skipped":0,"pct":59.17},"statements":{"total":1389,"covered":822,"skipped":0,"pct":59.17},"functions":{"total":239,"covered":134,"skipped":0,"pct":56.06},"branches":{"total":331,"covered":62,"skipped":0,"pct":18.73},"branchesTrue":{"total":0,"covered":0,"skipped":0,"pct":100}}
,"/Users/teakzc/Documents/GitHub/inventory/out/client/component/button.luau": {"lines":{"total":39,"covered":0,"skipped":0,"pct":0},"functions":{"total":4,"covered":0,"skipped":0,"pct":0},"statements":{"total":39,"covered":0,"skipped":0,"pct":0},"branches":{"total":12,"covered":0,"skipped":0,"pct":0}}
,"/Users/teakzc/Documents/GitHub/inventory/out/client/component/selector.luau": {"lines":{"total":40,"covered":0,"skipped":0,"pct":0},"functions":{"total":14,"covered":0,"skipped":0,"pct":0},"statements":{"total":40,"covered":0,"skipped":0,"pct":0},"branches":{"total":3,"covered":0,"skipped":0,"pct":0}}
,"/Users/teakzc/Documents/GitHub/inventory/out/lib/client/atoms.luau": {"lines":{"total":20,"covered":19,"skipped":0,"pct":95},"functions":{"total":1,"covered":1,"skipped":0,"pct":100},"statements":{"total":20,"covered":19,"skipped":0,"pct":95},"branches":{"total":4,"covered":1,"skipped":0,"pct":25}}
,"/Users/teakzc/Documents/GitHub/inventory/out/lib/client/core.luau": {"lines":{"total":201,"covered":169,"skipped":0,"pct":84.07},"functions":{"total":39,"covered":30,"skipped":0,"pct":76.92},"statements":{"total":201,"covered":169,"skipped":0,"pct":84.07},"branches":{"total":83,"covered":33,"skipped":0,"pct":39.75}}
,"/Users/teakzc/Documents/GitHub/inventory/out/lib/client/init.luau": {"lines":{"total":7,"covered":7,"skipped":0,"pct":100},"functions":{"total":0,"covered":0,"skipped":0,"pct":100},"statements":{"total":7,"covered":7,"skipped":0,"pct":100},"branches":{"total":0,"covered":0,"skipped":0,"pct":100}}
,"/Users/teakzc/Documents/GitHub/inventory/out/lib/client/render.luau": {"lines":{"total":28,"covered":28,"skipped":0,"pct":100},"functions":{"total":8,"covered":8,"skipped":0,"pct":100},"statements":{"total":28,"covered":28,"skipped":0,"pct":100},"branches":{"total":4,"covered":2,"skipped":0,"pct":50}}
,"/Users/teakzc/Documents/GitHub/inventory/out/lib/client/ui/app.luau": {"lines":{"total":24,"covered":12,"skipped":0,"pct":50},"functions":{"total":4,"covered":0,"skipped":0,"pct":0},"statements":{"total":24,"covered":12,"skipped":0,"pct":50},"branches":{"total":4,"covered":0,"skipped":0,"pct":0}}
,"/Users/teakzc/Documents/GitHub/inventory/out/lib/client/ui/components/backpack.luau": {"lines":{"total":124,"covered":25,"skipped":0,"pct":20.16},"functions":{"total":20,"covered":0,"skipped":0,"pct":0},"statements":{"total":124,"covered":25,"skipped":0,"pct":20.16},"branches":{"total":28,"covered":0,"skipped":0,"pct":0}}
,"/Users/teakzc/Documents/GitHub/inventory/out/lib/client/ui/components/drag.luau": {"lines":{"total":54,"covered":20,"skipped":0,"pct":37.03},"functions":{"total":6,"covered":0,"skipped":0,"pct":0},"statements":{"total":54,"covered":20,"skipped":0,"pct":37.03},"branches":{"total":19,"covered":0,"skipped":0,"pct":0}}
,"/Users/teakzc/Documents/GitHub/inventory/out/lib/client/ui/components/slot.luau": {"lines":{"total":87,"covered":29,"skipped":0,"pct":33.33},"functions":{"total":14,"covered":0,"skipped":0,"pct":0},"statements":{"total":87,"covered":29,"skipped":0,"pct":33.33},"branches":{"total":46,"covered":0,"skipped":0,"pct":0}}
,"/Users/teakzc/Documents/GitHub/inventory/out/lib/client/ui/components/toolbar.luau": {"lines":{"total":32,"covered":15,"skipped":0,"pct":46.87},"functions":{"total":6,"covered":0,"skipped":0,"pct":0},"statements":{"total":32,"covered":15,"skipped":0,"pct":46.87},"branches":{"total":2,"covered":0,"skipped":0,"pct":0}}
,"/Users/teakzc/Documents/GitHub/inventory/out/lib/client/ui/core/button.luau": {"lines":{"total":43,"covered":5,"skipped":0,"pct":11.62},"functions":{"total":6,"covered":0,"skipped":0,"pct":0},"statements":{"total":43,"covered":5,"skipped":0,"pct":11.62},"branches":{"total":14,"covered":0,"skipped":0,"pct":0}}
,"/Users/teakzc/Documents/GitHub/inventory/out/lib/client/ui/core/divider.luau": {"lines":{"total":19,"covered":5,"skipped":0,"pct":26.31},"functions":{"total":1,"covered":0,"skipped":0,"pct":0},"statements":{"total":19,"covered":5,"skipped":0,"pct":26.31},"branches":{"total":4,"covered":0,"skipped":0,"pct":0}}
,"/Users/teakzc/Documents/GitHub/inventory/out/lib/client/ui/core/frame.luau": {"lines":{"total":22,"covered":5,"skipped":0,"pct":22.72},"functions":{"total":1,"covered":0,"skipped":0,"pct":0},"statements":{"total":22,"covered":5,"skipped":0,"pct":22.72},"branches":{"total":6,"covered":0,"skipped":0,"pct":0}}
,"/Users/teakzc/Documents/GitHub/inventory/out/lib/client/ui/core/image.luau": {"lines":{"total":15,"covered":3,"skipped":0,"pct":20},"functions":{"total":1,"covered":0,"skipped":0,"pct":0},"statements":{"total":15,"covered":3,"skipped":0,"pct":20},"branches":{"total":2,"covered":0,"skipped":0,"pct":0}}
,"/Users/teakzc/Documents/GitHub/inventory/out/lib/client/ui/core/layer.luau": {"lines":{"total":7,"covered":3,"skipped":0,"pct":42.85},"functions":{"total":1,"covered":0,"skipped":0,"pct":0},"statements":{"total":7,"covered":3,"skipped":0,"pct":42.85},"branches":{"total":0,"covered":0,"skipped":0,"pct":100}}
,"/Users/teakzc/Documents/GitHub/inventory/out/lib/client/ui/core/scrolling.luau": {"lines":{"total":35,"covered":7,"skipped":0,"pct":20},"functions":{"total":1,"covered":0,"skipped":0,"pct":0},"statements":{"total":35,"covered":7,"skipped":0,"pct":20},"branches":{"total":4,"covered":0,"skipped":0,"pct":0}}
,"/Users/teakzc/Documents/GitHub/inventory/out/lib/client/ui/core/text.luau": {"lines":{"total":47,"covered":6,"skipped":0,"pct":12.76},"functions":{"total":1,"covered":0,"skipped":0,"pct":0},"statements":{"total":47,"covered":6,"skipped":0,"pct":12.76},"branches":{"total":14,"covered":0,"skipped":0,"pct":0}}
,"/Users/teakzc/Documents/GitHub/inventory/out/lib/client/ui/core/textbox.luau": {"lines":{"total":54,"covered":6,"skipped":0,"pct":11.11},"functions":{"total":1,"covered":0,"skipped":0,"pct":0},"statements":{"total":54,"covered":6,"skipped":0,"pct":11.11},"branches":{"total":16,"covered":0,"skipped":0,"pct":0}}
,"/Users/teakzc/Documents/GitHub/inventory/out/lib/client/ui/dimensions.luau": {"lines":{"total":4,"covered":4,"skipped":0,"pct":100},"functions":{"total":0,"covered":0,"skipped":0,"pct":100},"statements":{"total":4,"covered":4,"skipped":0,"pct":100},"branches":{"total":2,"covered":1,"skipped":0,"pct":50}}
,"/Users/teakzc/Documents/GitHub/inventory/out/lib/client/ui/hooks/usePx.luau": {"lines":{"total":28,"covered":10,"skipped":0,"pct":35.71},"functions":{"total":7,"covered":0,"skipped":0,"pct":0},"statements":{"total":28,"covered":10,"skipped":0,"pct":35.71},"branches":{"total":8,"covered":0,"skipped":0,"pct":0}}
,"/Users/teakzc/Documents/GitHub/inventory/out/lib/client/ui/hooks/useScreenSize.luau": {"lines":{"total":21,"covered":15,"skipped":0,"pct":71.42},"functions":{"total":5,"covered":2,"skipped":0,"pct":40},"statements":{"total":21,"covered":15,"skipped":0,"pct":71.42},"branches":{"total":8,"covered":1,"skipped":0,"pct":12.5}}
,"/Users/teakzc/Documents/GitHub/inventory/out/lib/init.luau": {"lines":{"total":7,"covered":7,"skipped":0,"pct":100},"functions":{"total":0,"covered":0,"skipped":0,"pct":100},"statements":{"total":7,"covered":7,"skipped":0,"pct":100},"branches":{"total":0,"covered":0,"skipped":0,"pct":100}}
,"/Users/teakzc/Documents/GitHub/inventory/out/lib/server/clients.luau": {"lines":{"total":24,"covered":24,"skipped":0,"pct":100},"functions":{"total":10,"covered":10,"skipped":0,"pct":100},"statements":{"total":24,"covered":24,"skipped":0,"pct":100},"branches":{"total":2,"covered":1,"skipped":0,"pct":50}}
,"/Users/teakzc/Documents/GitHub/inventory/out/lib/server/init.luau": {"lines":{"total":7,"covered":7,"skipped":0,"pct":100},"functions":{"total":0,"covered":0,"skipped":0,"pct":100},"statements":{"total":7,"covered":7,"skipped":0,"pct":100},"branches":{"total":0,"covered":0,"skipped":0,"pct":100}}
,"/Users/teakzc/Documents/GitHub/inventory/out/lib/server/tools.luau": {"lines":{"total":31,"covered":31,"skipped":0,"pct":100},"functions":{"total":5,"covered":5,"skipped":0,"pct":100},"statements":{"total":31,"covered":31,"skipped":0,"pct":100},"branches":{"total":8,"covered":5,"skipped":0,"pct":62.5}}
,"/Users/teakzc/Documents/GitHub/inventory/out/lib/shared/networking.luau": {"lines":{"total":11,"covered":11,"skipped":0,"pct":100},"functions":{"total":0,"covered":0,"skipped":0,"pct":100},"statements":{"total":11,"covered":11,"skipped":0,"pct":100},"branches":{"total":0,"covered":0,"skipped":0,"pct":100}}
,"/Users/teakzc/Documents/GitHub/inventory/out/lib/utils/increment.luau": {"lines":{"total":4,"covered":4,"skipped":0,"pct":100},"functions":{"total":1,"covered":1,"skipped":0,"pct":100},"statements":{"total":4,"covered":4,"skipped":0,"pct":100},"branches":{"total":0,"covered":0,"skipped":0,"pct":100}}
,"/Users/teakzc/Documents/GitHub/inventory/out/tests/client/core.test.luau": {"lines":{"total":177,"covered":173,"skipped":0,"pct":97.74},"functions":{"total":35,"covered":31,"skipped":0,"pct":88.57},"statements":{"total":177,"covered":173,"skipped":0,"pct":97.74},"branches":{"total":12,"covered":6,"skipped":0,"pct":50}}
,"/Users/teakzc/Documents/GitHub/inventory/out/tests/client/render.test.luau": {"lines":{"total":33,"covered":32,"skipped":0,"pct":96.96},"functions":{"total":9,"covered":9,"skipped":0,"pct":100},"statements":{"total":33,"covered":32,"skipped":0,"pct":96.96},"branches":{"total":2,"covered":1,"skipped":0,"pct":50}}
,"/Users/teakzc/Documents/GitHub/inventory/out/tests/jest.config.luau": {"lines":{"total":1,"covered":1,"skipped":0,"pct":100},"functions":{"total":0,"covered":0,"skipped":0,"pct":100},"statements":{"total":1,"covered":1,"skipped":0,"pct":100},"branches":{"total":0,"covered":0,"skipped":0,"pct":100}}
,"/Users/teakzc/Documents/GitHub/inventory/out/tests/server/clients.test.luau": {"lines":{"total":131,"covered":127,"skipped":0,"pct":96.94},"functions":{"total":34,"covered":33,"skipped":0,"pct":97.05},"statements":{"total":131,"covered":127,"skipped":0,"pct":96.94},"branches":{"total":22,"covered":10,"skipped":0,"pct":45.45}}
,"/Users/teakzc/Documents/GitHub/inventory/out/tests/utils/increment.test.luau": {"lines":{"total":12,"covered":12,"skipped":0,"pct":100},"functions":{"total":4,"covered":4,"skipped":0,"pct":100},"statements":{"total":12,"covered":12,"skipped":0,"pct":100},"branches":{"total":2,"covered":1,"skipped":0,"pct":50}}
}
