TN:
SF:out/client/component/button.luau
FN:4,Button
FN:16,<anonymous>
FN:21,<anonymous>
FN:27,<anonymous>
FNF:4
FNH:0
FNDA:0,Button
FNDA:0,<anonymous>
FNDA:0,<anonymous>
FNDA:0,<anonymous>
DA:2,0
DA:3,0
DA:5,0
DA:6,0
DA:7,0
DA:8,0
DA:9,0
DA:10,0
DA:11,0
DA:13,0
DA:15,0
DA:17,0
DA:18,0
DA:22,0
DA:23,0
DA:28,0
DA:29,0
DA:34,0
DA:35,0
DA:37,0
DA:39,0
DA:40,0
DA:41,0
DA:42,0
DA:43,0
DA:44,0
DA:45,0
DA:46,0
DA:48,0
DA:50,0
DA:51,0
DA:52,0
DA:53,0
DA:54,0
DA:55,0
DA:56,0
DA:57,0
DA:58,0
DA:62,0
LF:39
LH:0
BRDA:13,1,0,0
BRDA:13,1,1,0
BRDA:18,2,0,0
BRDA:18,2,1,0
BRDA:23,3,0,0
BRDA:23,3,1,0
BRDA:29,4,0,0
BRDA:29,4,1,0
BRDA:37,5,0,0
BRDA:37,5,1,0
BRDA:48,6,0,0
BRDA:48,6,1,0
BRF:12
BRH:0
end_of_record
TN:
SF:out/client/component/selector.luau
FN:16,SelectorButtons
FN:22,<anonymous>
FN:47,<anonymous>
FN:50,<anonymous>
FN:54,<anonymous>
FN:57,<anonymous>
FN:81,EXAMPLE_SELECTOR
FN:96,<anonymous>
FN:98,<anonymous>
FN:105,<anonymous>
FN:107,<anonymous>
FN:114,<anonymous>
FN:116,<anonymous>
FN:123,<anonymous>
FNF:14
FNH:0
FNDA:0,SelectorButtons
FNDA:0,<anonymous>
FNDA:0,<anonymous>
FNDA:0,<anonymous>
FNDA:0,<anonymous>
FNDA:0,<anonymous>
FNDA:0,EXAMPLE_SELECTOR
FNDA:0,<anonymous>
FNDA:0,<anonymous>
FNDA:0,<anonymous>
FNDA:0,<anonymous>
FNDA:0,<anonymous>
FNDA:0,<anonymous>
FNDA:0,<anonymous>
DA:2,0
DA:3,0
DA:4,0
DA:5,0
DA:6,0
DA:7,0
DA:8,0
DA:9,0
DA:10,0
DA:11,0
DA:12,0
DA:13,0
DA:14,0
DA:15,0
DA:17,0
DA:18,0
DA:19,0
DA:20,0
DA:21,0
DA:23,0
DA:24,0
DA:30,0
DA:36,0
DA:43,0
DA:48,0
DA:51,0
DA:52,0
DA:55,0
DA:58,0
DA:59,0
DA:60,0
DA:82,0
DA:97,0
DA:99,0
DA:106,0
DA:108,0
DA:115,0
DA:117,0
DA:124,0
DA:128,0
LF:40
LH:0
BRDA:24,80,0,0
BRDA:24,80,1,0
BRDA:24,80,2,0
BRF:3
BRH:0
end_of_record
TN:
SF:out/lib/client/atoms.luau
FN:33,<anonymous>
FNF:1
FNH:1
FNDA:2,<anonymous>
DA:2,2
DA:3,2
DA:4,2
DA:5,2
DA:6,2
DA:7,2
DA:13,2
DA:19,2
DA:25,2
DA:31,2
DA:32,2
DA:34,2
DA:35,2
DA:37,0
DA:39,2
DA:41,2
DA:43,2
DA:45,2
DA:50,2
DA:51,2
LF:20
LH:19
BRDA:37,94,0,0
BRDA:37,94,1,0
BRDA:41,95,0,2
BRDA:41,95,1,0
BRF:4
BRH:1
end_of_record
TN:
SF:out/lib/client/core.luau
FN:26,<anonymous>
FN:49,<anonymous>
FN:71,initialize_inventory
FN:118,customize_inventory
FN:187,find_tool
FN:191,<anonymous>
FN:205,<anonymous>
FN:226,equip_tool
FN:241,drag_tool
FN:250,<anonymous>
FN:266,<anonymous>
FN:272,<anonymous>
FN:287,<anonymous>
FN:311,on_dropped
FN:317,<anonymous>
FN:330,on_dragged
FN:334,<anonymous>
FN:344,drop_tool
FN:358,<anonymous>
FN:374,<anonymous>
FN:380,<anonymous>
FN:386,<anonymous>
FN:401,<anonymous>
FN:411,<anonymous>
FN:428,<anonymous>
FN:437,<anonymous>
FN:441,<anonymous>
FN:451,<anonymous>
FN:466,<anonymous>
FN:473,<anonymous>
FN:488,<anonymous>
FN:509,add_filter
FN:510,<anonymous>
FN:527,remove_filter
FN:530,<anonymous>
FN:545,<anonymous>
FN:554,clear_filters
FN:564,get_equipped
FN:574,get_dragged
FNF:39
FNH:30
FNDA:2,<anonymous>
FNDA:0,<anonymous>
FNDA:3,initialize_inventory
FNDA:1,customize_inventory
FNDA:8,find_tool
FNDA:7,<anonymous>
FNDA:4,<anonymous>
FNDA:0,equip_tool
FNDA:5,drag_tool
FNDA:4,<anonymous>
FNDA:3,<anonymous>
FNDA:2,<anonymous>
FNDA:1,<anonymous>
FNDA:1,on_dropped
FNDA:1,<anonymous>
FNDA:1,on_dragged
FNDA:1,<anonymous>
FNDA:5,drop_tool
FNDA:0,<anonymous>
FNDA:0,<anonymous>
FNDA:1,<anonymous>
FNDA:2,<anonymous>
FNDA:1,<anonymous>
FNDA:2,<anonymous>
FNDA:1,<anonymous>
FNDA:0,<anonymous>
FNDA:0,<anonymous>
FNDA:0,<anonymous>
FNDA:0,<anonymous>
FNDA:3,<anonymous>
FNDA:2,<anonymous>
FNDA:4,add_filter
FNDA:4,<anonymous>
FNDA:1,remove_filter
FNDA:1,<anonymous>
FNDA:1,<anonymous>
FNDA:1,clear_filters
FNDA:0,get_equipped
FNDA:7,get_dragged
DA:2,2
DA:3,2
DA:4,2
DA:5,2
DA:6,2
DA:7,2
DA:8,2
DA:9,2
DA:10,2
DA:11,2
DA:12,2
DA:13,2
DA:14,2
DA:15,2
DA:16,2
DA:17,2
DA:18,2
DA:19,2
DA:20,2
DA:21,2
DA:22,2
DA:23,2
DA:24,2
DA:25,2
DA:27,2
DA:28,2
DA:30,0
DA:32,2
DA:34,2
DA:36,2
DA:38,2
DA:40,2
DA:42,2
DA:50,0
DA:52,2
DA:55,2
DA:72,3
DA:74,0
DA:76,3
DA:78,2
DA:80,3
DA:82,2
DA:84,3
DA:86,2
DA:88,3
DA:89,3
DA:90,3
DA:91,3
DA:92,3
DA:93,3
DA:94,3
DA:95,3
DA:96,3
DA:98,18
DA:100,3
DA:103,3
DA:105,18
DA:108,3
DA:109,3
DA:130,1
DA:131,0
DA:133,1
DA:135,1
DA:138,1
DA:189,8
DA:192,7
DA:194,8
DA:195,8
DA:197,4
DA:198,4
DA:202,8
DA:203,8
DA:206,4
DA:208,8
DA:209,8
DA:211,2
DA:212,2
DA:216,8
DA:217,8
DA:227,0
DA:229,2
DA:230,2
DA:242,5
DA:244,1
DA:246,4
DA:248,3
DA:251,4
DA:253,3
DA:254,3
DA:256,3
DA:257,3
DA:261,3
DA:263,0
DA:265,3
DA:267,3
DA:270,1
DA:273,2
DA:275,1
DA:276,1
DA:278,1
DA:279,1
DA:283,1
DA:285,0
DA:288,1
DA:291,4
DA:297,4
DA:298,4
DA:300,1
DA:312,1
DA:313,1
DA:314,1
DA:315,1
DA:316,1
DA:318,1
DA:319,1
DA:331,1
DA:332,1
DA:333,1
DA:335,1
DA:336,1
DA:345,5
DA:347,1
DA:349,4
DA:350,4
DA:356,0
DA:359,0
DA:361,0
DA:362,0
DA:364,0
DA:365,0
DA:369,0
DA:371,0
DA:375,0
DA:381,1
DA:384,1
DA:387,2
DA:389,1
DA:390,1
DA:392,1
DA:393,1
DA:397,1
DA:399,0
DA:402,1
DA:409,1
DA:412,2
DA:414,1
DA:415,1
DA:417,1
DA:418,1
DA:422,1
DA:424,0
DA:427,1
DA:429,1
DA:430,1
DA:431,1
DA:432,1
DA:438,0
DA:442,0
DA:449,0
DA:452,0
DA:454,0
DA:455,0
DA:457,0
DA:458,0
DA:462,0
DA:464,0
DA:467,0
DA:471,2
DA:474,3
DA:476,2
DA:477,2
DA:479,2
DA:480,2
DA:484,2
DA:486,0
DA:489,2
DA:493,4
DA:494,4
DA:495,4
DA:497,1
DA:510,4
DA:511,4
DA:512,4
DA:513,4
DA:514,4
DA:515,4
DA:516,4
DA:517,4
DA:528,1
DA:531,1
DA:533,1
DA:534,1
DA:536,1
DA:537,1
DA:541,1
DA:543,0
DA:546,1
DA:555,1
DA:565,0
DA:575,7
DA:577,2
LF:201
LH:169
BRDA:30,13,0,0
BRDA:30,13,1,0
BRDA:34,14,0,2
BRDA:34,14,1,0
BRDA:38,15,0,2
BRDA:38,15,1,0
BRDA:74,16,0,0
BRDA:74,16,1,0
BRDA:78,17,0,2
BRDA:78,17,1,0
BRDA:82,18,0,2
BRDA:82,18,1,0
BRDA:86,19,0,2
BRDA:86,19,1,0
BRDA:98,20,0,18
BRDA:98,20,1,3
BRDA:103,21,0,3
BRDA:103,21,1,0
BRDA:131,22,0,0
BRDA:131,22,1,0
BRDA:135,23,0,1
BRDA:135,23,1,0
BRDA:138,24,0,1
BRDA:138,24,1,0
BRDA:192,25,0,5
BRDA:192,25,1,2
BRDA:197,26,0,4
BRDA:197,26,1,0
BRDA:206,27,0,4
BRDA:206,27,1,0
BRDA:211,28,0,2
BRDA:211,28,1,0
BRDA:217,29,0,4
BRDA:217,29,1,2
BRDA:217,29,2,2
BRDA:244,30,0,1
BRDA:244,30,1,0
BRDA:251,31,0,3
BRDA:251,31,1,1
BRDA:256,32,0,3
BRDA:256,32,1,0
BRDA:263,33,0,0
BRDA:263,33,1,0
BRDA:273,34,0,2
BRDA:273,34,1,0
BRDA:278,35,0,1
BRDA:278,35,1,0
BRDA:285,36,0,0
BRDA:285,36,1,0
BRDA:300,37,0,1
BRDA:300,37,1,0
BRDA:347,38,0,1
BRDA:347,38,1,0
BRDA:364,39,0,0
BRDA:364,39,1,0
BRDA:371,40,0,0
BRDA:371,40,1,0
BRDA:392,41,0,1
BRDA:392,41,1,0
BRDA:399,42,0,0
BRDA:399,42,1,0
BRDA:409,43,0,1
BRDA:409,43,1,2
BRDA:417,44,0,1
BRDA:417,44,1,0
BRDA:424,45,0,0
BRDA:424,45,1,0
BRDA:449,46,0,0
BRDA:449,46,1,0
BRDA:457,47,0,0
BRDA:457,47,1,0
BRDA:464,48,0,0
BRDA:464,48,1,0
BRDA:479,49,0,2
BRDA:479,49,1,0
BRDA:486,50,0,0
BRDA:486,50,1,0
BRDA:497,51,0,1
BRDA:497,51,1,0
BRDA:536,52,0,1
BRDA:536,52,1,0
BRDA:543,53,0,0
BRDA:543,53,1,0
BRF:83
BRH:33
end_of_record
TN:
SF:out/lib/client/init.luau
FNF:0
FNH:0
DA:2,1
DA:3,1
DA:4,1
DA:5,15
DA:7,1
DA:8,5
DA:10,1
LF:7
LH:7
BRF:0
BRH:0
end_of_record
TN:
SF:out/lib/client/render.luau
FN:16,render_backpack
FN:26,toggle_inventory
FN:39,get_visibility
FN:50,mount_component
FN:51,<anonymous>
FN:69,unmount_component
FN:70,<anonymous>
FN:73,<anonymous>
FNF:8
FNH:8
FNDA:1,render_backpack
FNDA:1,toggle_inventory
FNDA:1,get_visibility
FNDA:2,mount_component
FNDA:2,<anonymous>
FNDA:1,unmount_component
FNDA:1,<anonymous>
FNDA:2,<anonymous>
DA:2,1
DA:3,1
DA:4,1
DA:5,1
DA:6,1
DA:7,1
DA:8,1
DA:17,1
DA:27,1
DA:29,1
DA:40,1
DA:51,2
DA:52,2
DA:53,2
DA:54,2
DA:55,2
DA:56,2
DA:57,2
DA:58,2
DA:70,1
DA:72,1
DA:74,2
DA:76,1
DA:77,1
DA:79,1
DA:80,1
DA:84,1
DA:87,1
LF:28
LH:28
BRDA:29,92,0,1
BRDA:29,92,1,0
BRDA:79,93,0,1
BRDA:79,93,1,0
BRF:4
BRH:2
end_of_record
TN:
SF:out/lib/client/ui/app.luau
FN:20,App
FN:21,<anonymous>
FN:24,<anonymous>
FN:33,<anonymous>
FNF:4
FNH:0
FNDA:0,App
FNDA:0,<anonymous>
FNDA:0,<anonymous>
FNDA:0,<anonymous>
DA:2,1
DA:3,1
DA:4,1
DA:5,1
DA:6,1
DA:7,1
DA:8,1
DA:9,1
DA:10,1
DA:11,1
DA:12,1
DA:21,0
DA:22,0
DA:25,0
DA:27,0
DA:28,0
DA:29,0
DA:30,0
DA:32,0
DA:34,0
DA:36,0
DA:37,0
DA:40,0
DA:42,1
LF:24
LH:12
BRDA:28,11,0,0
BRDA:28,11,1,0
BRDA:29,12,0,0
BRDA:29,12,1,0
BRF:4
BRH:0
end_of_record
TN:
SF:out/lib/client/ui/components/backpack.luau
FN:26,applyFinalSorting
FN:30,<anonymous>
FN:33,<anonymous>
FN:52,filterBackpack
FN:56,<anonymous>
FN:72,<anonymous>
FN:92,<anonymous>
FN:106,<anonymous>
FN:135,Backpack
FN:137,<anonymous>
FN:140,<anonymous>
FN:143,<anonymous>
FN:148,<anonymous>
FN:160,<anonymous>
FN:165,<anonymous>
FN:181,<anonymous>
FN:201,<anonymous>
FN:273,<anonymous>
FN:304,<anonymous>
FN:307,<anonymous>
FNF:20
FNH:0
FNDA:0,applyFinalSorting
FNDA:0,<anonymous>
FNDA:0,<anonymous>
FNDA:0,filterBackpack
FNDA:0,<anonymous>
FNDA:0,<anonymous>
FNDA:0,<anonymous>
FNDA:0,<anonymous>
FNDA:0,Backpack
FNDA:0,<anonymous>
FNDA:0,<anonymous>
FNDA:0,<anonymous>
FNDA:0,<anonymous>
FNDA:0,<anonymous>
FNDA:0,<anonymous>
FNDA:0,<anonymous>
FNDA:0,<anonymous>
FNDA:0,<anonymous>
FNDA:0,<anonymous>
FNDA:0,<anonymous>
DA:2,1
DA:3,1
DA:4,1
DA:5,1
DA:6,1
DA:7,1
DA:8,1
DA:9,1
DA:10,1
DA:11,1
DA:12,1
DA:13,1
DA:14,1
DA:15,1
DA:16,1
DA:17,1
DA:18,1
DA:19,1
DA:20,1
DA:21,1
DA:22,1
DA:23,1
DA:24,1
DA:25,1
DA:27,0
DA:28,0
DA:32,0
DA:34,0
DA:36,0
DA:37,0
DA:39,0
DA:40,0
DA:44,0
DA:46,0
DA:47,0
DA:50,0
DA:53,0
DA:55,0
DA:57,0
DA:59,0
DA:60,0
DA:62,0
DA:63,0
DA:67,0
DA:68,0
DA:71,0
DA:73,0
DA:75,0
DA:77,0
DA:80,0
DA:82,0
DA:83,0
DA:86,0
DA:87,0
DA:89,0
DA:91,0
DA:93,0
DA:94,0
DA:96,0
DA:97,0
DA:99,0
DA:100,0
DA:105,0
DA:107,0
DA:108,0
DA:110,0
DA:111,0
DA:114,0
DA:116,0
DA:136,0
DA:138,0
DA:141,0
DA:144,0
DA:147,0
DA:149,0
DA:151,0
DA:152,0
DA:154,0
DA:155,0
DA:159,0
DA:161,0
DA:163,0
DA:164,0
DA:166,0
DA:167,0
DA:169,0
DA:171,0
DA:173,0
DA:175,0
DA:177,0
DA:179,0
DA:182,0
DA:184,0
DA:186,0
DA:188,0
DA:190,0
DA:192,0
DA:193,0
DA:194,0
DA:195,0
DA:198,0
DA:200,0
DA:202,0
DA:204,0
DA:205,0
DA:208,0
DA:222,0
DA:246,0
DA:254,0
DA:256,0
DA:258,0
DA:260,0
DA:262,0
DA:263,0
DA:272,0
DA:274,0
DA:275,0
DA:277,0
DA:284,0
DA:285,0
DA:288,0
DA:305,0
DA:308,0
DA:312,1
LF:124
LH:25
BRDA:39,65,0,0
BRDA:39,65,1,0
BRDA:62,66,0,0
BRDA:62,66,1,0
BRDA:75,67,0,0
BRDA:75,67,1,0
BRDA:77,68,0,0
BRDA:77,68,1,0
BRDA:99,69,0,0
BRDA:99,69,1,0
BRDA:154,70,0,0
BRDA:154,70,1,0
BRDA:169,71,0,0
BRDA:169,71,1,0
BRDA:173,72,0,0
BRDA:173,72,1,0
BRDA:179,73,0,0
BRDA:179,73,1,0
BRDA:184,74,0,0
BRDA:184,74,1,0
BRDA:188,75,0,0
BRDA:188,75,1,0
BRDA:256,76,0,0
BRDA:256,76,1,0
BRDA:260,77,0,0
BRDA:260,77,1,0
BRDA:275,78,0,0
BRDA:275,78,1,0
BRF:28
BRH:0
end_of_record
TN:
SF:out/lib/client/ui/components/drag.luau
FN:30,Drag
FN:32,<anonymous>
FN:36,<anonymous>
FN:47,<anonymous>
FN:74,<anonymous>
FN:78,<anonymous>
FNF:6
FNH:0
FNDA:0,Drag
FNDA:0,<anonymous>
FNDA:0,<anonymous>
FNDA:0,<anonymous>
FNDA:0,<anonymous>
FNDA:0,<anonymous>
DA:2,1
DA:3,1
DA:4,1
DA:5,1
DA:6,1
DA:7,1
DA:8,1
DA:9,1
DA:10,1
DA:11,1
DA:12,1
DA:13,1
DA:14,1
DA:15,1
DA:16,1
DA:17,1
DA:18,1
DA:19,1
DA:20,1
DA:31,0
DA:33,0
DA:35,0
DA:37,0
DA:38,0
DA:40,0
DA:41,0
DA:46,0
DA:48,0
DA:49,0
DA:51,0
DA:52,0
DA:53,0
DA:54,0
DA:55,0
DA:62,0
DA:63,0
DA:64,0
DA:65,0
DA:66,0
DA:67,0
DA:69,0
DA:71,0
DA:75,0
DA:79,0
DA:84,0
DA:87,0
DA:90,0
DA:103,0
DA:133,0
DA:138,0
DA:140,0
DA:142,0
DA:143,0
DA:162,1
LF:54
LH:20
BRDA:38,96,0,0
BRDA:38,96,1,0
BRDA:49,97,0,0
BRDA:49,97,1,0
BRDA:69,98,0,0
BRDA:69,98,1,0
BRDA:82,99,0,0
BRDA:82,99,1,0
BRDA:90,100,0,0
BRDA:90,100,1,0
BRDA:99,101,0,0
BRDA:99,101,1,0
BRDA:103,102,0,0
BRDA:103,102,1,0
BRDA:103,102,2,0
BRDA:140,103,0,0
BRDA:140,103,1,0
BRDA:157,104,0,0
BRDA:157,104,1,0
BRF:19
BRH:0
end_of_record
TN:
SF:out/lib/client/ui/components/slot.luau
FN:37,Slot
FN:39,<anonymous>
FN:42,<anonymous>
FN:45,<anonymous>
FN:52,<anonymous>
FN:83,<anonymous>
FN:133,<anonymous>
FN:136,<anonymous>
FN:150,<anonymous>
FN:158,<anonymous>
FN:163,<anonymous>
FN:166,<anonymous>
FN:172,<anonymous>
FN:179,<anonymous>
FNF:14
FNH:0
FNDA:0,Slot
FNDA:0,<anonymous>
FNDA:0,<anonymous>
FNDA:0,<anonymous>
FNDA:0,<anonymous>
FNDA:0,<anonymous>
FNDA:0,<anonymous>
FNDA:0,<anonymous>
FNDA:0,<anonymous>
FNDA:0,<anonymous>
FNDA:0,<anonymous>
FNDA:0,<anonymous>
FNDA:0,<anonymous>
FNDA:0,<anonymous>
DA:2,1
DA:3,1
DA:4,1
DA:5,1
DA:6,1
DA:7,1
DA:8,1
DA:9,1
DA:10,1
DA:11,1
DA:12,1
DA:13,1
DA:14,1
DA:15,1
DA:16,1
DA:17,1
DA:18,1
DA:19,1
DA:20,1
DA:21,1
DA:22,1
DA:23,1
DA:24,1
DA:25,1
DA:26,1
DA:27,1
DA:28,1
DA:29,1
DA:38,0
DA:40,0
DA:43,0
DA:46,0
DA:48,0
DA:49,0
DA:50,0
DA:51,0
DA:53,0
DA:54,0
DA:56,0
DA:58,0
DA:61,0
DA:63,0
DA:65,0
DA:71,0
DA:78,0
DA:80,0
DA:81,0
DA:84,0
DA:100,0
DA:102,0
DA:105,0
DA:108,0
DA:110,0
DA:112,0
DA:114,0
DA:121,0
DA:123,0
DA:134,0
DA:135,0
DA:137,0
DA:138,0
DA:141,0
DA:142,0
DA:143,0
DA:144,0
DA:145,0
DA:146,0
DA:147,0
DA:148,0
DA:149,0
DA:151,0
DA:152,0
DA:157,0
DA:159,0
DA:160,0
DA:164,0
DA:167,0
DA:169,0
DA:173,0
DA:174,0
DA:176,0
DA:180,0
DA:181,0
DA:182,0
DA:184,0
DA:186,0
DA:234,1
LF:87
LH:29
BRDA:54,124,0,0
BRDA:54,124,1,0
BRDA:58,125,0,0
BRDA:58,125,1,0
BRDA:61,126,0,0
BRDA:61,126,1,0
BRDA:65,127,0,0
BRDA:65,127,1,0
BRDA:80,128,0,0
BRDA:80,128,1,0
BRDA:81,129,0,0
BRDA:81,129,1,0
BRDA:110,130,0,0
BRDA:110,130,1,0
BRDA:112,131,0,0
BRDA:112,131,1,0
BRDA:114,132,0,0
BRDA:114,132,1,0
BRDA:131,133,0,0
BRDA:131,133,1,0
BRDA:132,134,0,0
BRDA:132,134,1,0
BRDA:132,134,2,0
BRDA:138,135,0,0
BRDA:138,135,1,0
BRDA:141,136,0,0
BRDA:141,136,1,0
BRDA:169,137,0,0
BRDA:169,137,1,0
BRDA:176,138,0,0
BRDA:176,138,1,0
BRDA:181,139,0,0
BRDA:181,139,1,0
BRDA:184,140,0,0
BRDA:184,140,1,0
BRDA:186,141,0,0
BRDA:186,141,1,0
BRDA:189,142,0,0
BRDA:189,142,1,0
BRDA:198,143,0,0
BRDA:198,143,1,0
BRDA:201,144,0,0
BRDA:201,144,1,0
BRDA:201,145,0,0
BRDA:201,145,1,0
BRDA:201,145,2,0
BRF:46
BRH:0
end_of_record
TN:
SF:out/lib/client/ui/components/toolbar.luau
FN:30,Toolbar
FN:32,<anonymous>
FN:35,<anonymous>
FN:38,<anonymous>
FN:43,<anonymous>
FN:65,<anonymous>
FNF:6
FNH:0
FNDA:0,Toolbar
FNDA:0,<anonymous>
FNDA:0,<anonymous>
FNDA:0,<anonymous>
FNDA:0,<anonymous>
FNDA:0,<anonymous>
DA:2,1
DA:3,1
DA:4,1
DA:5,1
DA:6,1
DA:7,1
DA:8,1
DA:9,1
DA:10,1
DA:11,1
DA:12,1
DA:13,1
DA:14,1
DA:15,1
DA:31,0
DA:33,0
DA:36,0
DA:39,0
DA:42,0
DA:44,0
DA:45,0
DA:47,0
DA:53,0
DA:54,0
DA:57,0
DA:62,0
DA:64,0
DA:66,0
DA:68,0
DA:69,0
DA:72,0
DA:79,1
LF:32
LH:15
BRDA:45,112,0,0
BRDA:45,112,1,0
BRF:2
BRH:0
end_of_record
TN:
SF:out/lib/client/ui/core/button.luau
FN:13,<anonymous>
FN:21,<anonymous>
FN:26,<anonymous>
FN:31,<anonymous>
FN:36,<anonymous>
FN:41,<anonymous>
FNF:6
FNH:0
FNDA:0,<anonymous>
FNDA:0,<anonymous>
FNDA:0,<anonymous>
FNDA:0,<anonymous>
FNDA:0,<anonymous>
FNDA:0,<anonymous>
DA:2,1
DA:3,1
DA:4,1
DA:5,1
DA:14,0
DA:15,0
DA:16,0
DA:17,0
DA:18,0
DA:19,0
DA:20,0
DA:22,0
DA:23,0
DA:27,0
DA:28,0
DA:32,0
DA:33,0
DA:37,0
DA:38,0
DA:42,0
DA:43,0
DA:47,0
DA:48,0
DA:50,0
DA:52,0
DA:53,0
DA:54,0
DA:55,0
DA:56,0
DA:57,0
DA:58,0
DA:59,0
DA:61,0
DA:63,0
DA:64,0
DA:65,0
DA:66,0
DA:67,0
DA:68,0
DA:69,0
DA:70,0
DA:71,0
DA:75,1
LF:43
LH:5
BRDA:23,157,0,0
BRDA:23,157,1,0
BRDA:28,158,0,0
BRDA:28,158,1,0
BRDA:33,159,0,0
BRDA:33,159,1,0
BRDA:38,160,0,0
BRDA:38,160,1,0
BRDA:43,161,0,0
BRDA:43,161,1,0
BRDA:50,162,0,0
BRDA:50,162,1,0
BRDA:61,163,0,0
BRDA:61,163,1,0
BRF:14
BRH:0
end_of_record
TN:
SF:out/lib/client/ui/core/divider.luau
FN:13,Div
FNF:1
FNH:0
FNDA:0,Div
DA:2,1
DA:3,1
DA:4,1
DA:5,1
DA:14,0
DA:15,0
DA:19,0
DA:21,0
DA:23,0
DA:24,0
DA:25,0
DA:26,0
DA:27,0
DA:35,0
DA:37,0
DA:39,0
DA:40,0
DA:41,0
DA:43,1
LF:19
LH:5
BRDA:21,9,0,0
BRDA:21,9,1,0
BRDA:37,10,0,0
BRDA:37,10,1,0
BRF:4
BRH:0
end_of_record
TN:
SF:out/lib/client/ui/core/frame.luau
FN:13,<anonymous>
FNF:1
FNH:0
FNDA:0,<anonymous>
DA:2,1
DA:3,1
DA:4,1
DA:5,1
DA:14,0
DA:22,0
DA:24,0
DA:26,0
DA:27,0
DA:28,0
DA:29,0
DA:31,0
DA:33,0
DA:34,0
DA:36,0
DA:38,0
DA:39,0
DA:40,0
DA:41,0
DA:42,0
DA:43,0
DA:47,1
LF:22
LH:5
BRDA:24,54,0,0
BRDA:24,54,1,0
BRDA:31,55,0,0
BRDA:31,55,1,0
BRDA:36,56,0,0
BRDA:36,56,1,0
BRF:6
BRH:0
end_of_record
TN:
SF:out/lib/client/ui/core/image.luau
FN:11,Image
FNF:1
FNH:0
FNDA:0,Image
DA:2,1
DA:3,1
DA:12,0
DA:28,0
DA:30,0
DA:32,0
DA:33,0
DA:34,0
DA:35,0
DA:36,0
DA:37,0
DA:38,0
DA:39,0
DA:40,0
DA:44,1
LF:15
LH:3
BRDA:30,123,0,0
BRDA:30,123,1,0
BRF:2
BRH:0
end_of_record
TN:
SF:out/lib/client/ui/core/layer.luau
FN:11,Layer
FNF:1
FNH:0
FNDA:0,Layer
DA:2,1
DA:3,1
DA:12,0
DA:13,0
DA:14,0
DA:15,0
DA:23,1
LF:7
LH:3
BRF:0
BRH:0
end_of_record
TN:
SF:out/lib/client/ui/core/scrolling.luau
FN:15,<anonymous>
FNF:1
FNH:0
FNDA:0,<anonymous>
DA:2,1
DA:3,1
DA:4,1
DA:5,1
DA:6,1
DA:7,1
DA:16,0
DA:17,0
DA:25,0
DA:27,0
DA:29,0
DA:30,0
DA:31,0
DA:32,0
DA:33,0
DA:34,0
DA:35,0
DA:36,0
DA:37,0
DA:38,0
DA:39,0
DA:40,0
DA:41,0
DA:42,0
DA:43,0
DA:44,0
DA:45,0
DA:46,0
DA:47,0
DA:48,0
DA:49,0
DA:50,0
DA:51,0
DA:52,0
DA:57,1
LF:35
LH:7
BRDA:27,121,0,0
BRDA:27,121,1,0
BRDA:52,122,0,0
BRDA:52,122,1,0
BRF:4
BRH:0
end_of_record
TN:
SF:out/lib/client/ui/core/text.luau
FN:14,<anonymous>
FNF:1
FNH:0
FNDA:0,<anonymous>
DA:2,1
DA:3,1
DA:4,1
DA:5,1
DA:6,1
DA:15,0
DA:16,0
DA:23,0
DA:25,0
DA:27,0
DA:28,0
DA:29,0
DA:30,0
DA:31,0
DA:32,0
DA:33,0
DA:34,0
DA:36,0
DA:38,0
DA:39,0
DA:40,0
DA:41,0
DA:43,0
DA:45,0
DA:46,0
DA:47,0
DA:49,0
DA:51,0
DA:52,0
DA:54,0
DA:56,0
DA:57,0
DA:58,0
DA:59,0
DA:60,0
DA:61,0
DA:62,0
DA:63,0
DA:64,0
DA:65,0
DA:67,0
DA:69,0
DA:70,0
DA:72,0
DA:74,0
DA:75,0
DA:77,1
LF:47
LH:6
BRDA:25,105,0,0
BRDA:25,105,1,0
BRDA:36,106,0,0
BRDA:36,106,1,0
BRDA:43,107,0,0
BRDA:43,107,1,0
BRDA:49,108,0,0
BRDA:49,108,1,0
BRDA:54,109,0,0
BRDA:54,109,1,0
BRDA:67,110,0,0
BRDA:67,110,1,0
BRDA:72,111,0,0
BRDA:72,111,1,0
BRF:14
BRH:0
end_of_record
TN:
SF:out/lib/client/ui/core/textbox.luau
FN:14,<anonymous>
FNF:1
FNH:0
FNDA:0,<anonymous>
DA:2,1
DA:3,1
DA:4,1
DA:5,1
DA:6,1
DA:15,0
DA:16,0
DA:17,0
DA:19,0
DA:21,0
DA:22,0
DA:23,0
DA:24,0
DA:25,0
DA:26,0
DA:28,0
DA:30,0
DA:31,0
DA:32,0
DA:33,0
DA:34,0
DA:35,0
DA:36,0
DA:38,0
DA:40,0
DA:41,0
DA:42,0
DA:43,0
DA:45,0
DA:47,0
DA:48,0
DA:49,0
DA:51,0
DA:53,0
DA:54,0
DA:56,0
DA:58,0
DA:59,0
DA:60,0
DA:61,0
DA:62,0
DA:63,0
DA:64,0
DA:65,0
DA:66,0
DA:67,0
DA:68,0
DA:70,0
DA:72,0
DA:73,0
DA:75,0
DA:77,0
DA:78,0
DA:80,1
LF:54
LH:6
BRDA:19,113,0,0
BRDA:19,113,1,0
BRDA:28,114,0,0
BRDA:28,114,1,0
BRDA:38,115,0,0
BRDA:38,115,1,0
BRDA:45,116,0,0
BRDA:45,116,1,0
BRDA:51,117,0,0
BRDA:51,117,1,0
BRDA:56,118,0,0
BRDA:56,118,1,0
BRDA:70,119,0,0
BRDA:70,119,1,0
BRDA:75,120,0,0
BRDA:75,120,1,0
BRF:16
BRH:0
end_of_record
TN:
SF:out/lib/client/ui/dimensions.luau
FNF:0
FNH:0
DA:2,1
DA:3,1
DA:17,1
DA:28,1
LF:4
LH:4
BRDA:21,8,0,0
BRDA:21,8,1,1
BRF:2
BRH:1
end_of_record
TN:
SF:out/lib/client/ui/hooks/usePx.luau
FN:17,CalculateScale
FN:29,usePx
FN:37,<anonymous>
FN:39,<anonymous>
FN:55,usePxBinding
FN:63,<anonymous>
FN:64,<anonymous>
FNF:7
FNH:0
FNDA:0,CalculateScale
FNDA:0,usePx
FNDA:0,<anonymous>
FNDA:0,<anonymous>
FNDA:0,usePxBinding
FNDA:0,<anonymous>
FNDA:0,<anonymous>
DA:2,1
DA:3,1
DA:4,1
DA:5,1
DA:6,1
DA:7,1
DA:8,1
DA:9,1
DA:10,1
DA:18,0
DA:19,0
DA:20,0
DA:21,0
DA:30,0
DA:31,0
DA:34,0
DA:36,0
DA:38,0
DA:40,0
DA:56,0
DA:57,0
DA:60,0
DA:62,0
DA:64,0
DA:65,0
DA:66,0
DA:69,0
DA:71,1
LF:28
LH:10
BRDA:31,57,0,0
BRDA:31,57,1,0
BRDA:34,58,0,0
BRDA:34,58,1,0
BRDA:57,59,0,0
BRDA:57,59,1,0
BRDA:60,60,0,0
BRDA:60,60,1,0
BRF:8
BRH:0
end_of_record
TN:
SF:out/lib/client/ui/hooks/useScreenSize.luau
FN:16,OnCameraChanged
FN:25,<anonymous>
FN:30,<anonymous>
FN:38,useScreenSize
FN:46,GetScreenSizeAtom
FNF:5
FNH:2
FNDA:1,OnCameraChanged
FNDA:1,<anonymous>
FNDA:0,<anonymous>
FNDA:0,useScreenSize
FNDA:0,GetScreenSizeAtom
DA:2,1
DA:3,1
DA:4,1
DA:5,1
DA:6,1
DA:8,1
DA:10,1
DA:12,0
DA:14,1
DA:15,1
DA:17,1
DA:18,0
DA:20,1
DA:22,0
DA:24,1
DA:26,1
DA:29,1
DA:31,0
DA:39,0
DA:47,0
DA:49,1
LF:21
LH:15
BRDA:8,61,0,1
BRDA:8,61,1,0
BRDA:12,62,0,0
BRDA:12,62,1,0
BRDA:18,63,0,0
BRDA:18,63,1,0
BRDA:22,64,0,0
BRDA:22,64,1,0
BRF:8
BRH:1
end_of_record
TN:
SF:out/lib/init.luau
FNF:0
FNH:0
DA:2,1
DA:3,1
DA:4,1
DA:5,20
DA:7,1
DA:8,8
DA:10,1
LF:7
LH:7
BRF:0
BRH:0
end_of_record
TN:
SF:out/lib/server/clients.luau
FN:11,register_client
FN:12,<anonymous>
FN:26,retrieve_client
FN:39,modify_client
FN:40,<anonymous>
FN:58,clear_client
FN:59,<anonymous>
FN:72,remove_client
FN:73,<anonymous>
FN:84,remove_all
FNF:10
FNH:10
FNDA:12,register_client
FNDA:12,<anonymous>
FNDA:37,retrieve_client
FNDA:14,modify_client
FNDA:14,<anonymous>
FNDA:1,clear_client
FNDA:1,<anonymous>
FNDA:1,remove_client
FNDA:1,<anonymous>
FNDA:16,remove_all
DA:2,2
DA:3,2
DA:12,12
DA:13,12
DA:14,12
DA:15,12
DA:27,37
DA:40,14
DA:41,14
DA:43,1
DA:44,1
DA:46,13
DA:47,13
DA:48,13
DA:59,1
DA:60,1
DA:61,1
DA:62,1
DA:73,1
DA:74,1
DA:75,1
DA:76,1
DA:85,16
DA:162,2
LF:24
LH:24
BRDA:43,79,0,1
BRDA:43,79,1,0
BRF:2
BRH:1
end_of_record
TN:
SF:out/lib/server/init.luau
FNF:0
FNH:0
DA:2,2
DA:3,2
DA:4,2
DA:5,12
DA:7,2
DA:8,4
DA:10,2
LF:7
LH:7
BRF:0
BRH:0
end_of_record
TN:
SF:out/lib/server/tools.luau
FN:16,add_tool
FN:26,<anonymous>
FN:41,remove_tool
FN:46,<anonymous>
FN:49,<anonymous>
FNF:5
FNH:5
FNDA:6,add_tool
FNDA:5,<anonymous>
FNDA:3,remove_tool
FNDA:2,<anonymous>
FNDA:2,<anonymous>
DA:2,2
DA:3,2
DA:4,2
DA:5,2
DA:6,2
DA:17,6
DA:18,1
DA:19,1
DA:21,5
DA:22,5
DA:23,5
DA:24,5
DA:25,5
DA:27,5
DA:28,5
DA:29,5
DA:31,5
DA:42,3
DA:43,1
DA:44,1
DA:47,2
DA:50,2
DA:52,2
DA:53,2
DA:55,1
DA:56,1
DA:60,2
DA:62,1
DA:64,1
DA:66,2
DA:69,2
LF:31
LH:31
BRDA:18,81,0,1
BRDA:18,81,1,0
BRDA:43,82,0,1
BRDA:43,82,1,0
BRDA:55,83,0,1
BRDA:55,83,1,0
BRDA:62,84,0,1
BRDA:62,84,1,1
BRF:8
BRH:5
end_of_record
TN:
SF:out/lib/shared/networking.luau
FNF:0
FNH:0
DA:2,3
DA:3,3
DA:4,3
DA:5,3
DA:6,3
DA:7,3
DA:8,3
DA:9,3
DA:10,3
DA:25,3
DA:30,3
LF:11
LH:11
BRF:0
BRH:0
end_of_record
TN:
SF:out/lib/utils/increment.luau
FN:12,getCount
FNF:1
FNH:1
FNDA:9,getCount
DA:2,3
DA:13,9
DA:14,9
DA:16,3
LF:4
LH:4
BRF:0
BRH:0
end_of_record
TN:
SF:out/tests/client/core.test.luau
FN:29,<anonymous>
FN:36,<anonymous>
FN:51,<anonymous>
FN:52,<anonymous>
FN:59,<anonymous>
FN:60,<anonymous>
FN:73,<anonymous>
FN:87,<anonymous>
FN:88,<anonymous>
FN:100,<anonymous>
FN:101,<anonymous>
FN:108,<anonymous>
FN:115,<anonymous>
FN:121,<anonymous>
FN:122,<anonymous>
FN:134,<anonymous>
FN:146,<anonymous>
FN:152,<anonymous>
FN:153,<anonymous>
FN:167,<anonymous>
FN:190,<anonymous>
FN:207,<anonymous>
FN:208,<anonymous>
FN:209,<anonymous>
FN:217,<anonymous>
FN:218,<anonymous>
FN:226,<anonymous>
FN:227,<anonymous>
FN:230,<anonymous>
FN:238,<anonymous>
FN:239,<anonymous>
FN:243,<anonymous>
FN:263,<anonymous>
FN:273,<anonymous>
FN:274,<anonymous>
FNF:35
FNH:31
FNDA:1,<anonymous>
FNDA:16,<anonymous>
FNDA:1,<anonymous>
FNDA:18,<anonymous>
FNDA:1,<anonymous>
FNDA:1,<anonymous>
FNDA:1,<anonymous>
FNDA:1,<anonymous>
FNDA:1,<anonymous>
FNDA:1,<anonymous>
FNDA:1,<anonymous>
FNDA:1,<anonymous>
FNDA:1,<anonymous>
FNDA:1,<anonymous>
FNDA:1,<anonymous>
FNDA:1,<anonymous>
FNDA:1,<anonymous>
FNDA:1,<anonymous>
FNDA:1,<anonymous>
FNDA:1,<anonymous>
FNDA:1,<anonymous>
FNDA:1,<anonymous>
FNDA:1,<anonymous>
FNDA:0,<anonymous>
FNDA:1,<anonymous>
FNDA:0,<anonymous>
FNDA:1,<anonymous>
FNDA:0,<anonymous>
FNDA:0,<anonymous>
FNDA:1,<anonymous>
FNDA:1,<anonymous>
FNDA:1,<anonymous>
FNDA:1,<anonymous>
FNDA:1,<anonymous>
FNDA:1,<anonymous>
DA:2,1
DA:3,1
DA:4,1
DA:5,1
DA:6,1
DA:7,1
DA:8,1
DA:9,1
DA:10,1
DA:11,1
DA:12,1
DA:13,1
DA:14,1
DA:15,1
DA:16,1
DA:17,1
DA:18,1
DA:19,1
DA:20,1
DA:21,1
DA:22,1
DA:23,1
DA:24,1
DA:25,1
DA:26,1
DA:27,1
DA:28,1
DA:30,1
DA:32,462
DA:37,16
DA:40,16
DA:41,16
DA:43,16
DA:45,16
DA:46,16
DA:47,16
DA:48,16
DA:49,16
DA:52,1
DA:53,18
DA:54,18
DA:55,18
DA:56,18
DA:57,18
DA:60,1
DA:61,1
DA:64,1
DA:65,1
DA:66,1
DA:67,1
DA:68,1
DA:69,1
DA:70,5
DA:74,1
DA:75,1
DA:81,1
DA:82,1
DA:83,1
DA:84,1
DA:88,1
DA:89,1
DA:92,1
DA:96,1
DA:97,1
DA:101,1
DA:102,1
DA:103,1
DA:104,1
DA:105,1
DA:106,1
DA:109,1
DA:110,1
DA:111,1
DA:112,1
DA:113,1
DA:116,1
DA:117,1
DA:118,1
DA:122,1
DA:123,1
DA:124,1
DA:125,1
DA:126,1
DA:128,1
DA:129,1
DA:130,1
DA:132,1
DA:135,1
DA:136,1
DA:137,1
DA:138,1
DA:139,1
DA:141,1
DA:142,1
DA:144,1
DA:147,1
DA:148,1
DA:149,1
DA:153,1
DA:154,1
DA:155,1
DA:161,1
DA:162,1
DA:163,1
DA:164,1
DA:165,1
DA:168,1
DA:169,1
DA:175,1
DA:176,1
DA:177,1
DA:178,1
DA:179,1
DA:180,1
DA:182,1
DA:183,1
DA:186,1
DA:187,1
DA:188,1
DA:191,1
DA:192,1
DA:193,1
DA:199,1
DA:200,1
DA:201,1
DA:202,1
DA:203,1
DA:204,1
DA:208,1
DA:209,1
DA:210,0
DA:212,1
DA:213,1
DA:214,1
DA:215,1
DA:218,1
DA:219,0
DA:221,1
DA:222,1
DA:223,1
DA:224,1
DA:227,1
DA:228,0
DA:231,0
DA:233,1
DA:234,1
DA:235,1
DA:239,1
DA:240,1
DA:241,1
DA:242,1
DA:244,1
DA:245,1
DA:246,1
DA:247,1
DA:248,1
DA:249,1
DA:250,1
DA:252,1
DA:258,1
DA:259,1
DA:260,1
DA:261,1
DA:264,1
DA:265,1
DA:266,1
DA:267,1
DA:268,1
DA:269,1
DA:270,1
DA:274,1
DA:275,1
DA:276,1
DA:282,1
DA:283,1
DA:285,1
DA:287,1
LF:177
LH:173
BRDA:32,86,0,462
BRDA:32,86,1,0
BRDA:43,87,0,16
BRDA:43,87,1,0
BRDA:128,88,0,1
BRDA:128,88,1,0
BRDA:141,89,0,1
BRDA:141,89,1,0
BRDA:182,90,0,1
BRDA:182,90,1,0
BRDA:285,91,0,1
BRDA:285,91,1,0
BRF:12
BRH:6
end_of_record
TN:
SF:out/tests/client/render.test.luau
FN:16,<anonymous>
FN:23,<anonymous>
FN:24,<anonymous>
FN:25,<anonymous>
FN:32,<anonymous>
FN:33,<anonymous>
FN:38,<anonymous>
FN:39,<anonymous>
FN:44,<anonymous>
FNF:9
FNH:9
FNDA:1,<anonymous>
FNDA:1,<anonymous>
FNDA:1,<anonymous>
FNDA:1,<anonymous>
FNDA:1,<anonymous>
FNDA:1,<anonymous>
FNDA:1,<anonymous>
FNDA:1,<anonymous>
FNDA:1,<anonymous>
DA:2,1
DA:3,1
DA:4,1
DA:5,1
DA:6,1
DA:7,1
DA:8,1
DA:9,1
DA:10,1
DA:11,1
DA:12,1
DA:13,1
DA:14,1
DA:15,1
DA:17,1
DA:19,130
DA:24,1
DA:25,1
DA:26,1
DA:27,1
DA:28,1
DA:29,0
DA:33,1
DA:34,1
DA:35,1
DA:39,1
DA:40,1
DA:41,1
DA:42,1
DA:45,1
DA:46,1
DA:47,1
DA:48,1
LF:33
LH:32
BRDA:19,7,0,130
BRDA:19,7,1,0
BRF:2
BRH:1
end_of_record
TN:
SF:out/tests/jest.config.luau
FNF:0
FNH:0
DA:2,1
LF:1
LH:1
BRF:0
BRH:0
end_of_record
TN:
SF:out/tests/server/clients.test.luau
FN:19,<anonymous>
FN:26,<anonymous>
FN:27,<anonymous>
FN:30,<anonymous>
FN:31,<anonymous>
FN:40,<anonymous>
FN:41,<anonymous>
FN:48,<anonymous>
FN:54,<anonymous>
FN:69,<anonymous>
FN:75,<anonymous>
FN:83,<anonymous>
FN:89,<anonymous>
FN:90,<anonymous>
FN:96,<anonymous>
FN:109,<anonymous>
FN:123,<anonymous>
FN:128,<anonymous>
FN:139,<anonymous>
FN:140,<anonymous>
FN:146,<anonymous>
FN:158,<anonymous>
FN:159,<anonymous>
FN:169,<anonymous>
FN:170,<anonymous>
FN:186,<anonymous>
FN:187,<anonymous>
FN:221,<anonymous>
FN:235,<anonymous>
FN:246,<anonymous>
FN:247,<anonymous>
FN:264,<anonymous>
FN:272,<anonymous>
FN:281,<anonymous>
FNF:34
FNH:33
FNDA:1,<anonymous>
FNDA:1,<anonymous>
FNDA:15,<anonymous>
FNDA:1,<anonymous>
FNDA:1,<anonymous>
FNDA:1,<anonymous>
FNDA:1,<anonymous>
FNDA:1,<anonymous>
FNDA:1,<anonymous>
FNDA:1,<anonymous>
FNDA:1,<anonymous>
FNDA:1,<anonymous>
FNDA:1,<anonymous>
FNDA:1,<anonymous>
FNDA:1,<anonymous>
FNDA:1,<anonymous>
FNDA:1,<anonymous>
FNDA:0,<anonymous>
FNDA:1,<anonymous>
FNDA:1,<anonymous>
FNDA:1,<anonymous>
FNDA:1,<anonymous>
FNDA:1,<anonymous>
FNDA:1,<anonymous>
FNDA:1,<anonymous>
FNDA:1,<anonymous>
FNDA:1,<anonymous>
FNDA:1,<anonymous>
FNDA:1,<anonymous>
FNDA:1,<anonymous>
FNDA:1,<anonymous>
FNDA:1,<anonymous>
FNDA:1,<anonymous>
FNDA:1,<anonymous>
DA:2,1
DA:3,1
DA:4,1
DA:5,1
DA:6,1
DA:7,1
DA:8,1
DA:9,1
DA:10,1
DA:11,1
DA:12,1
DA:13,1
DA:14,1
DA:15,1
DA:16,1
DA:17,1
DA:18,1
DA:20,1
DA:22,9
DA:27,1
DA:28,15
DA:31,1
DA:32,1
DA:36,1
DA:37,1
DA:41,1
DA:42,1
DA:46,1
DA:49,1
DA:53,1
DA:55,1
DA:56,1
DA:61,1
DA:63,1
DA:65,1
DA:67,1
DA:70,1
DA:74,1
DA:76,1
DA:77,1
DA:81,1
DA:84,1
DA:86,1
DA:90,1
DA:91,1
DA:95,1
DA:97,1
DA:98,1
DA:102,1
DA:104,1
DA:106,1
DA:108,1
DA:110,1
DA:111,0
DA:113,1
DA:114,1
DA:115,1
DA:117,1
DA:119,1
DA:121,1
DA:124,1
DA:129,0
DA:130,0
DA:134,0
DA:136,1
DA:140,1
DA:141,1
DA:145,1
DA:147,1
DA:148,1
DA:152,1
DA:154,1
DA:155,1
DA:159,1
DA:160,1
DA:164,1
DA:165,1
DA:166,1
DA:170,1
DA:171,1
DA:175,1
DA:176,1
DA:180,1
DA:181,1
DA:182,1
DA:183,1
DA:187,1
DA:188,1
DA:192,1
DA:193,1
DA:198,1
DA:199,1
DA:200,1
DA:202,1
DA:204,1
DA:205,1
DA:207,1
DA:209,1
DA:210,1
DA:212,1
DA:214,1
DA:215,1
DA:217,1
DA:219,1
DA:222,1
DA:226,1
DA:227,1
DA:230,1
DA:233,1
DA:236,1
DA:240,1
DA:243,1
DA:247,1
DA:248,1
DA:252,1
DA:253,1
DA:256,1
DA:257,1
DA:258,1
DA:260,1
DA:262,1
DA:265,1
DA:269,1
DA:270,1
DA:273,1
DA:277,1
DA:278,1
DA:282,1
DA:284,1
DA:286,1
DA:288,1
LF:131
LH:127
BRDA:22,146,0,9
BRDA:22,146,1,0
BRDA:65,147,0,1
BRDA:65,147,1,0
BRDA:106,148,0,1
BRDA:106,148,1,0
BRDA:111,149,0,0
BRDA:111,149,1,0
BRDA:119,150,0,1
BRDA:119,150,1,0
BRDA:202,151,0,1
BRDA:202,151,1,0
BRDA:207,152,0,1
BRDA:207,152,1,0
BRDA:212,153,0,1
BRDA:212,153,1,0
BRDA:217,154,0,1
BRDA:217,154,1,0
BRDA:260,155,0,1
BRDA:260,155,1,0
BRDA:286,156,0,1
BRDA:286,156,1,0
BRF:22
BRH:10
end_of_record
TN:
SF:out/tests/utils/increment.test.luau
FN:9,<anonymous>
FN:16,<anonymous>
FN:17,<anonymous>
FN:20,<anonymous>
FNF:4
FNH:4
FNDA:1,<anonymous>
FNDA:1,<anonymous>
FNDA:1,<anonymous>
FNDA:1,<anonymous>
DA:2,1
DA:3,1
DA:4,1
DA:5,1
DA:6,1
DA:7,1
DA:8,1
DA:10,1
DA:12,2
DA:17,1
DA:18,1
DA:21,1
LF:12
LH:12
BRDA:12,85,0,2
BRDA:12,85,1,0
BRF:2
BRH:1
end_of_record
